2026-04-22 23:11:27,375 INFO === カード明細仕訳生成開始 ===
2026-04-22 23:11:27,381 INFO 入力データ読み込み完了: 59行
2026-04-22 23:11:27,398 INFO OK: コメリＨ＆Ｇ熊野店 → 消耗品費 | 楽天カード　コメリＨ＆Ｇ熊野店　雑貨代
2026-04-22 23:11:27,399 INFO OK: AMAZON.CO.JP → 消耗品費 | 楽天カード　AMAZON.CO.JP　雑貨代
2026-04-22 23:11:27,400 INFO OK: ローソン → 事業主貸 | 楽天カード　事業主
2026-04-22 23:11:27,400 INFO OK: ｵ-ｸﾜ ｱﾘﾏﾃﾝ → 事業主貸 | 楽天カード　事業主
2026-04-22 23:11:27,401 INFO OK: ローソン → 事業主貸 | 楽天カード　事業主
2026-04-22 23:11:27,401 INFO OK: ローソン → 事業主貸 | 楽天カード　事業主
2026-04-22 23:11:27,401 INFO OK: APPLE COM BILL → 通信費 | 楽天カード　APPLE COM BILL　利用料
2026-04-22 23:11:27,402 INFO OK: ヤクルト届けてネット（三重） → 福利厚生費 | 楽天カード　ヤクルト届けてネット（三重）　飲料代
2026-04-22 23:11:27,402 INFO OK: ｵ-ｸﾜ ｸﾏﾉﾃﾝ → 事業主貸 | 楽天カード　事業主
2026-04-22 23:11:27,402 INFO OK: ローソン → 事業主貸 | 楽天カード　事業主
2026-04-22 23:11:27,403 INFO OK: 無印良品 → 接待交際費 | 楽天カード　無印良品　贈答品
2026-04-22 23:11:27,403 INFO OK: ｵ-ｸﾜ ｱﾘﾏﾃﾝ → 事業主貸 | 楽天カード　事業主
2026-04-22 23:11:27,404 INFO OK: ローソン → 事業主貸 | 楽天カード　事業主
2026-04-22 23:11:27,404 INFO OK: 伊藤忠エネクス → 燃料費 | 楽天カード　伊藤忠エネクス　ガソリン代
2026-04-22 23:11:27,405 INFO OK: ローソン → 消耗品費 | 楽天カード　ローソン　雑貨代
2026-04-22 23:11:27,405 INFO OK: ﾄﾞﾗﾂｸﾞｾｲﾑｽｸﾏﾉｱﾘﾏﾃ → 消耗品費 | 楽天カード　ﾄﾞﾗﾂｸﾞｾｲﾑｽｸﾏﾉｱﾘﾏﾃ　雑貨代
2026-04-22 23:11:27,406 INFO OK: ｼﾕﾌﾉﾐｾ ｸﾏﾉﾃﾝ → 消耗品費 | 楽天カード　ｼﾕﾌﾉﾐｾ ｸﾏﾉﾃﾝ　雑貨代
2026-04-22 23:11:27,406 INFO OK: ヤクルト届けてネット（三重） → 福利厚生費 | 楽天カード　ヤクルト届けてネット（三重）　飲料代
2026-04-22 23:11:27,406 INFO OK: ローソン → 事業主貸 | 楽天カード　事業主
2026-04-22 23:11:27,407 INFO OK: ローソン → 事業主貸 | 楽天カード　事業主
2026-04-22 23:11:27,407 INFO OK: ローソン → 事業主貸 | 楽天カード　事業主
2026-04-22 23:11:27,408 INFO OK: ローソン → 事業主貸 | 楽天カード　事業主
2026-04-22 23:11:27,408 INFO OK: ｂｏｏｋｆａｎ　２号店　楽天市 → 消耗品費 | 楽天カード　ｂｏｏｋｆａｎ　２号店　楽天市　雑貨代
2026-04-22 23:11:27,408 INFO OK: AMAZON.CO.JP → 消耗品費 | 楽天カード　AMAZON.CO.JP　雑貨代
2026-04-22 23:11:27,409 INFO OK: インクのチップス　楽天市場店 → 消耗品費 | 楽天カード　インクのチップス　楽天市場店　雑貨代
2026-04-22 23:11:27,410 INFO OK: 関西電力　　電気料金　２６／０１ → 水道光熱費 | 楽天カード　関西電力　　電気料金　２６／０１　電気代　1月分
2026-04-22 23:11:27,410 INFO OK: コメリＨ＆Ｇ熊野店 → 消耗品費 | 楽天カード　コメリＨ＆Ｇ熊野店　雑貨代
2026-04-22 23:11:27,411 INFO OK: ﾓｽﾊﾞ-ｶﾞ- → 接待交際費 | 楽天カード　ﾓｽﾊﾞ-ｶﾞ-　飲食代
2026-04-22 23:11:27,411 INFO OK: ＺＴＶ　通信利用料金 → 通信費 | 楽天カード　ＺＴＶ　通信利用料金　利用料
2026-04-22 23:11:27,412 INFO OK: ＺＴＶ　通信利用料金 → 通信費 | 楽天カード　ＺＴＶ　通信利用料金　利用料
2026-04-22 23:11:27,412 INFO OK: ＺＴＶケーブルプラス電話利用料 → 通信費 | 楽天カード　ＺＴＶケーブルプラス電話利用料　利用料
2026-04-22 23:11:27,413 INFO OK: ＺＴＶケーブルプラス電話通話料 → 通信費 | 楽天カード　ＺＴＶケーブルプラス電話通話料　利用料
2026-04-22 23:11:27,413 INFO OK: ＺＴＶ　ＴＶ利用料金 → 通信費 | 楽天カード　ＺＴＶ　ＴＶ利用料金　利用料
2026-04-22 23:11:27,414 INFO OK: ローソン → 事業主貸 | 楽天カード　事業主
2026-04-22 23:11:27,414 WARNING 未判定: 国民年金保険料　月払　２６／０１ | 理由: 支払内容未対応: 事貸
2026-04-22 23:11:27,415 INFO OK: 関西電力　　電気料金　２６／０１ → 水道光熱費 | 楽天カード　関西電力　　電気料金　２６／０１　電気代　1月分
2026-04-22 23:11:27,415 INFO OK: 伊藤忠エネクス → 燃料費 | 楽天カード　伊藤忠エネクス　ガソリン代
2026-04-22 23:11:27,415 INFO OK: ローソン → 事業主貸 | 楽天カード　事業主
2026-04-22 23:11:27,416 INFO OK: ヤクルト届けてネット（三重） → 福利厚生費 | 楽天カード　ヤクルト届けてネット（三重）　飲料代
2026-04-22 23:11:27,416 INFO OK: ｵ-ｸﾜ ｸﾏﾉﾃﾝ → 消耗品費 | 楽天カード　ｵ-ｸﾜ ｸﾏﾉﾃﾝ　雑貨代
2026-04-22 23:11:27,417 INFO OK: ローソン → 事業主貸 | 楽天カード　事業主
2026-04-22 23:11:27,417 INFO OK: ローソン → 事業主貸 | 楽天カード　事業主
2026-04-22 23:11:27,417 INFO OK: 伊藤忠エネクス → 燃料費 | 楽天カード　伊藤忠エネクス　ガソリン代
2026-04-22 23:11:27,418 INFO OK: ｼﾕﾌﾉﾐｾ ｸﾏﾉﾃﾝ → 事業主貸 | 楽天カード　事業主
2026-04-22 23:11:27,418 INFO OK: ファッションセンターしまむら → 消耗品費 | 楽天カード　ファッションセンターしまむら　雑貨代
2026-04-22 23:11:27,418 INFO OK: ヤクルト届けてネット（三重） → 福利厚生費 | 楽天カード　ヤクルト届けてネット（三重）　飲料代
2026-04-22 23:11:27,419 INFO OK: ｷﾞﾖｳﾑｽ-ﾊﾟ- ｼﾝｸﾞｳﾃ → 事業主貸 | 楽天カード　事業主
2026-04-22 23:11:27,420 INFO OK: ﾖｼﾉﾔ → 接待交際費 | 楽天カード　ﾖｼﾉﾔ　飲食代
2026-04-22 23:11:27,420 INFO OK: ローソン → 事業主貸 | 楽天カード　事業主
2026-04-22 23:11:27,420 INFO OK: ｵ-ｸﾜ ｱﾘﾏﾃﾝ → 事業主貸 | 楽天カード　事業主
2026-04-22 23:11:27,421 INFO OK: ｱﾙ → 接待交際費 | 楽天カード　ｱﾙ　飲食代
2026-04-22 23:11:27,421 INFO OK: ﾏｸﾄﾞﾅﾙﾄﾞ → 接待交際費 | 楽天カード　ﾏｸﾄﾞﾅﾙﾄﾞ　飲食代
2026-04-22 23:11:27,422 INFO OK: ｲｵﾝ ｼﾝｸﾞｳ → 事業主貸 | 楽天カード　事業主
2026-04-22 23:11:27,422 INFO OK: ｲｵﾝ ｼﾝｸﾞｳ → 事業主貸 | 楽天カード　事業主
2026-04-22 23:11:27,422 INFO OK: ﾀﾞｲｿ-/NFC → 消耗品費 | 楽天カード　ﾀﾞｲｿ-/NFC　雑貨代
2026-04-22 23:11:27,423 INFO OK: ファミリーマート → 事業主貸 | 楽天カード　事業主
2026-04-22 23:11:27,423 INFO OK: ドコモご利用料金　　　　　０１月分 → 通信費 | 楽天カード　ドコモご利用料金　　　　　０１月分　利用料
2026-04-22 23:11:27,423 INFO OK: 伊藤忠エネクス → 燃料費 | 楽天カード　伊藤忠エネクス　ガソリン代
2026-04-22 23:11:27,424 INFO OK: 伊藤忠エネクス → 燃料費 | 楽天カード　伊藤忠エネクス　ガソリン代
2026-04-22 23:11:27,427 INFO 処理完了 | 総件数:59 OK:58 未判定:1 処理時間:0.05秒
2026-04-22 23:11:27,433 INFO CSV出力完了
2026-04-22 23:12:34,132 INFO === カード明細仕訳生成開始 ===
2026-04-22 23:12:34,138 INFO 入力データ読み込み完了: 59行
2026-04-22 23:12:34,140 INFO OK: コメリＨ＆Ｇ熊野店 → 消耗品費 | 楽天カード　コメリＨ＆Ｇ熊野店　雑貨代
2026-04-22 23:12:34,141 INFO OK: AMAZON.CO.JP → 消耗品費 | 楽天カード　AMAZON.CO.JP　雑貨代
2026-04-22 23:12:34,142 INFO OK: ローソン → 事業主貸 | 楽天カード　事業主
2026-04-22 23:12:34,143 INFO OK: ｵ-ｸﾜ ｱﾘﾏﾃﾝ → 事業主貸 | 楽天カード　事業主
2026-04-22 23:12:34,143 INFO OK: ローソン → 事業主貸 | 楽天カード　事業主
2026-04-22 23:12:34,144 INFO OK: ローソン → 事業主貸 | 楽天カード　事業主
2026-04-22 23:12:34,144 INFO OK: APPLE COM BILL → 通信費 | 楽天カード　APPLE COM BILL　利用料
2026-04-22 23:12:34,145 INFO OK: ヤクルト届けてネット（三重） → 福利厚生費 | 楽天カード　ヤクルト届けてネット（三重）　飲料代
2026-04-22 23:12:34,145 INFO OK: ｵ-ｸﾜ ｸﾏﾉﾃﾝ → 事業主貸 | 楽天カード　事業主
2026-04-22 23:12:34,145 INFO OK: ローソン → 事業主貸 | 楽天カード　事業主
2026-04-22 23:12:34,146 INFO OK: 無印良品 → 接待交際費 | 楽天カード　無印良品　贈答品
2026-04-22 23:12:34,146 INFO OK: ｵ-ｸﾜ ｱﾘﾏﾃﾝ → 事業主貸 | 楽天カード　事業主
2026-04-22 23:12:34,147 INFO OK: ローソン → 事業主貸 | 楽天カード　事業主
2026-04-22 23:12:34,147 INFO OK: 伊藤忠エネクス → 燃料費 | 楽天カード　伊藤忠エネクス　ガソリン代
2026-04-22 23:12:34,148 INFO OK: ローソン → 消耗品費 | 楽天カード　ローソン　雑貨代
2026-04-22 23:12:34,148 INFO OK: ﾄﾞﾗﾂｸﾞｾｲﾑｽｸﾏﾉｱﾘﾏﾃ → 消耗品費 | 楽天カード　ﾄﾞﾗﾂｸﾞｾｲﾑｽｸﾏﾉｱﾘﾏﾃ　雑貨代
2026-04-22 23:12:34,148 INFO OK: ｼﾕﾌﾉﾐｾ ｸﾏﾉﾃﾝ → 消耗品費 | 楽天カード　ｼﾕﾌﾉﾐｾ ｸﾏﾉﾃﾝ　雑貨代
2026-04-22 23:12:34,149 INFO OK: ヤクルト届けてネット（三重） → 福利厚生費 | 楽天カード　ヤクルト届けてネット（三重）　飲料代
2026-04-22 23:12:34,149 INFO OK: ローソン → 事業主貸 | 楽天カード　事業主
2026-04-22 23:12:34,149 INFO OK: ローソン → 事業主貸 | 楽天カード　事業主
2026-04-22 23:12:34,150 INFO OK: ローソン → 事業主貸 | 楽天カード　事業主
2026-04-22 23:12:34,150 INFO OK: ローソン → 事業主貸 | 楽天カード　事業主
2026-04-22 23:12:34,151 INFO OK: ｂｏｏｋｆａｎ　２号店　楽天市 → 消耗品費 | 楽天カード　ｂｏｏｋｆａｎ　２号店　楽天市　雑貨代
2026-04-22 23:12:34,151 INFO OK: AMAZON.CO.JP → 消耗品費 | 楽天カード　AMAZON.CO.JP　雑貨代
2026-04-22 23:12:34,151 INFO OK: インクのチップス　楽天市場店 → 消耗品費 | 楽天カード　インクのチップス　楽天市場店　雑貨代
2026-04-22 23:12:34,152 INFO OK: 関西電力　　電気料金　２６／０１ → 水道光熱費 | 楽天カード　関西電力　　電気料金　２６／０１　電気代　1月分
2026-04-22 23:12:34,152 INFO OK: コメリＨ＆Ｇ熊野店 → 消耗品費 | 楽天カード　コメリＨ＆Ｇ熊野店　雑貨代
2026-04-22 23:12:34,153 INFO OK: ﾓｽﾊﾞ-ｶﾞ- → 接待交際費 | 楽天カード　ﾓｽﾊﾞ-ｶﾞ-　飲食代
2026-04-22 23:12:34,153 INFO OK: ＺＴＶ　通信利用料金 → 通信費 | 楽天カード　ＺＴＶ　通信利用料金　利用料
2026-04-22 23:12:34,153 INFO OK: ＺＴＶ　通信利用料金 → 通信費 | 楽天カード　ＺＴＶ　通信利用料金　利用料
2026-04-22 23:12:34,154 INFO OK: ＺＴＶケーブルプラス電話利用料 → 通信費 | 楽天カード　ＺＴＶケーブルプラス電話利用料　利用料
2026-04-22 23:12:34,154 INFO OK: ＺＴＶケーブルプラス電話通話料 → 通信費 | 楽天カード　ＺＴＶケーブルプラス電話通話料　利用料
2026-04-22 23:12:34,155 INFO OK: ＺＴＶ　ＴＶ利用料金 → 通信費 | 楽天カード　ＺＴＶ　ＴＶ利用料金　利用料
2026-04-22 23:12:34,155 INFO OK: ローソン → 事業主貸 | 楽天カード　事業主
2026-04-22 23:12:34,155 INFO OK: 国民年金保険料　月払　２６／０１ → 事業主貸 | 楽天カード　国民年金保険料　月払　２６／０１
2026-04-22 23:12:34,156 INFO OK: 関西電力　　電気料金　２６／０１ → 水道光熱費 | 楽天カード　関西電力　　電気料金　２６／０１　電気代　1月分
2026-04-22 23:12:34,156 INFO OK: 伊藤忠エネクス → 燃料費 | 楽天カード　伊藤忠エネクス　ガソリン代
2026-04-22 23:12:34,157 INFO OK: ローソン → 事業主貸 | 楽天カード　事業主
2026-04-22 23:12:34,157 INFO OK: ヤクルト届けてネット（三重） → 福利厚生費 | 楽天カード　ヤクルト届けてネット（三重）　飲料代
2026-04-22 23:12:34,157 INFO OK: ｵ-ｸﾜ ｸﾏﾉﾃﾝ → 消耗品費 | 楽天カード　ｵ-ｸﾜ ｸﾏﾉﾃﾝ　雑貨代
2026-04-22 23:12:34,158 INFO OK: ローソン → 事業主貸 | 楽天カード　事業主
2026-04-22 23:12:34,158 INFO OK: ローソン → 事業主貸 | 楽天カード　事業主
2026-04-22 23:12:34,159 INFO OK: 伊藤忠エネクス → 燃料費 | 楽天カード　伊藤忠エネクス　ガソリン代
2026-04-22 23:12:34,159 INFO OK: ｼﾕﾌﾉﾐｾ ｸﾏﾉﾃﾝ → 事業主貸 | 楽天カード　事業主
2026-04-22 23:12:34,160 INFO OK: ファッションセンターしまむら → 消耗品費 | 楽天カード　ファッションセンターしまむら　雑貨代
2026-04-22 23:12:34,160 INFO OK: ヤクルト届けてネット（三重） → 福利厚生費 | 楽天カード　ヤクルト届けてネット（三重）　飲料代
2026-04-22 23:12:34,161 INFO OK: ｷﾞﾖｳﾑｽ-ﾊﾟ- ｼﾝｸﾞｳﾃ → 事業主貸 | 楽天カード　事業主
2026-04-22 23:12:34,161 INFO OK: ﾖｼﾉﾔ → 接待交際費 | 楽天カード　ﾖｼﾉﾔ　飲食代
2026-04-22 23:12:34,162 INFO OK: ローソン → 事業主貸 | 楽天カード　事業主
2026-04-22 23:12:34,162 INFO OK: ｵ-ｸﾜ ｱﾘﾏﾃﾝ → 事業主貸 | 楽天カード　事業主
2026-04-22 23:12:34,162 INFO OK: ｱﾙ → 接待交際費 | 楽天カード　ｱﾙ　飲食代
2026-04-22 23:12:34,163 INFO OK: ﾏｸﾄﾞﾅﾙﾄﾞ → 接待交際費 | 楽天カード　ﾏｸﾄﾞﾅﾙﾄﾞ　飲食代
2026-04-22 23:12:34,163 INFO OK: ｲｵﾝ ｼﾝｸﾞｳ → 事業主貸 | 楽天カード　事業主
2026-04-22 23:12:34,163 INFO OK: ｲｵﾝ ｼﾝｸﾞｳ → 事業主貸 | 楽天カード　事業主
2026-04-22 23:12:34,164 INFO OK: ﾀﾞｲｿ-/NFC → 消耗品費 | 楽天カード　ﾀﾞｲｿ-/NFC　雑貨代
2026-04-22 23:12:34,164 INFO OK: ファミリーマート → 事業主貸 | 楽天カード　事業主
2026-04-22 23:12:34,165 INFO OK: ドコモご利用料金　　　　　０１月分 → 通信費 | 楽天カード　ドコモご利用料金　　　　　０１月分　利用料
2026-04-22 23:12:34,165 INFO OK: 伊藤忠エネクス → 燃料費 | 楽天カード　伊藤忠エネクス　ガソリン代
2026-04-22 23:12:34,165 INFO OK: 伊藤忠エネクス → 燃料費 | 楽天カード　伊藤忠エネクス　ガソリン代
2026-04-22 23:12:34,168 INFO 処理完了 | 総件数:59 OK:59 未判定:0 処理時間:0.04秒
