2026-04-19 11:00:06,708 INFO === 仕訳生成開始 ===
2026-04-19 11:00:06,712 INFO 入力データ読み込み完了: 6行
2026-04-19 11:00:06,713 INFO OK: None → None
2026-04-19 11:00:06,714 INFO OK: None → None
2026-04-19 11:00:06,715 INFO OK: None → None
2026-04-19 11:00:06,716 WARNING 未判定: None None円
2026-04-19 11:00:06,716 INFO OK: None → None
2026-04-19 11:00:06,717 INFO OK: None → None
2026-04-19 11:00:06,718 INFO 処理完了 | 総件数:6 OK:5 未判定:1 処理時間:0.01秒
2026-04-19 11:00:06,722 INFO CSV出力完了
2026-04-19 11:11:16,834 INFO === 仕訳生成開始 ===
2026-04-19 11:11:16,842 INFO 入力データ読み込み完了: 51行
2026-04-19 11:11:16,844 INFO OK: ヤマト運輸　振込 → 通信費
2026-04-19 11:11:16,845 INFO OK: Amazon　消耗品購入 → 消耗品費
2026-04-19 11:11:16,846 INFO OK: 振込入金　ﾄｳｶｲｾｲｿﾞｳ　コンサル料 → 普通預金
2026-04-19 11:11:16,846 INFO OK: NTTｺﾐｭﾆｹｰｼｮﾝｽﾞ　電話料金 → 通信費
2026-04-19 11:11:16,847 INFO OK: 振込　ﾅｺﾞﾔｲﾝｻﾂ　名刺印刷 → 広告宣伝費
2026-04-19 11:11:16,847 INFO OK: セブンイレブン → 消耗品費
2026-04-19 11:11:16,848 INFO OK: Amazon　書籍購入 → 図書費
2026-04-19 11:11:16,848 INFO OK: 振込入金　ｺﾞｳﾄﾞｳｶｲｼｬｳｪｽﾄ　顧問料 → 普通預金
2026-04-19 11:11:16,849 INFO OK: JR東海　新幹線代 → 旅費交通費
2026-04-19 11:11:16,849 INFO OK: 名古屋市営地下鉄 → 旅費交通費
2026-04-19 11:11:16,850 INFO OK: 振込　ｵﾌｨｽﾖｳﾋﾝｾﾝﾀｰ → 消耗品費
2026-04-19 11:11:16,850 INFO OK: 楽天トラベル　出張ホテル代 → 旅費交通費
2026-04-19 11:11:16,851 INFO OK: 振込入金　ﾎｸﾘｸﾌｰｽﾞ　研修費 → 普通預金
2026-04-19 11:11:16,851 INFO OK: ローソン → 消耗品費
2026-04-19 11:11:16,852 INFO OK: Amazon　事務用品 → 消耗品費
2026-04-19 11:11:16,852 INFO OK: 中部電力　電気代 → 水道光熱費
2026-04-19 11:11:16,852 INFO OK: 振込　社会保険料　2月分 → 法定福利費
2026-04-19 11:11:16,853 INFO OK: 振込入金　ﾄｳﾎｳｼｽﾃﾑ　コンサル料 → 普通預金
2026-04-19 11:11:16,853 INFO OK: コメダ珈琲　打合せ → 会議費
2026-04-19 11:11:16,854 INFO OK: 振込　ｸﾘｴｲﾃｨﾌﾞﾃﾞｻﾞｲﾝ　資料作成 → 外注費
2026-04-19 11:11:16,854 INFO OK: 給与振込　ﾔﾏﾀﾞﾀﾛｳ → 給料手当
2026-04-19 11:11:16,855 INFO OK: 給与振込　ｽｽﾞｷﾊﾅｺ → 給料手当
2026-04-19 11:11:16,855 INFO OK: 給与振込　ﾀﾅｶｲﾁﾛｳ → 給料手当
2026-04-19 11:11:16,856 INFO OK: 振込入金　ﾐｴｹﾝｾﾂ　研修費 → 普通預金
2026-04-19 11:11:16,856 INFO OK: Amazon　PCアクセサリ → 消耗品費
2026-04-19 11:11:16,856 INFO OK: 東京ガス　ガス代 → 水道光熱費
2026-04-19 11:11:16,857 INFO OK: 振込　顧問弁護士費用　〇〇法律事務所 → 支払報酬
2026-04-19 11:11:16,857 INFO OK: マクドナルド → 会議費
2026-04-19 11:11:16,858 WARNING 未判定: 振込入金　ｾﾐﾅｰ参加費　ﾔﾏﾓﾄ様 15000円
2026-04-19 11:11:16,858 INFO OK: Zoom　月額利用料 → 通信費
2026-04-19 11:11:16,859 INFO OK: 振込入金　ｱｲﾁｼｮｳｼﾞ　コンサル料 → 普通預金
2026-04-19 11:11:16,859 INFO OK: コクヨ直販　文房具 → 消耗品費
2026-04-19 11:11:16,860 INFO OK: 振込　〇〇税理士事務所　顧問料 → 普通預金
2026-04-19 11:11:16,860 INFO OK: 高速道路料金　NEXCO → 旅費交通費
2026-04-19 11:11:16,861 INFO OK: セブンイレブン → 消耗品費
2026-04-19 11:11:16,861 INFO OK: 振込入金　ﾄｳｶｲｾｲｿﾞｳ　2月分精算 → 普通預金
2026-04-19 11:11:16,862 INFO OK: Amazon　書籍 → 図書費
2026-04-19 11:11:16,862 INFO OK: 名鉄バス → 旅費交通費
2026-04-19 11:11:16,863 INFO OK: 振込　ﾐﾅﾐｲﾝｻﾂ　セミナー資料印刷 → 広告宣伝費
2026-04-19 11:11:16,864 INFO OK: ドトールコーヒー　打合せ → 会議費
2026-04-19 11:11:16,864 INFO OK: 振込入金　ｷﾞﾌﾃｯｸ　研修費 → 普通預金
2026-04-19 11:11:16,865 INFO OK: Microsoft365　月額 → 通信費
2026-04-19 11:11:16,865 INFO OK: 振込　家賃　〇〇ビル管理 → 地代家賃
2026-04-19 11:11:16,866 INFO OK: 損保ジャパン　賠償責任保険 → 保険料
2026-04-19 11:11:16,866 INFO OK: 振込入金　ｽｽﾞｷｾｲｺｳ　スポット研修 → 普通預金
2026-04-19 11:11:16,867 INFO OK: Amazon　プリンタートナー → 消耗品費
2026-04-19 11:11:16,867 INFO OK: 振込　源泉所得税　3月分 → 預り金
2026-04-19 11:11:16,868 INFO OK: ﾌｧﾐﾘｰﾏｰﾄ → 消耗品費
2026-04-19 11:11:16,868 INFO OK: 振込入金　ﾅｺﾞﾔｺｰﾎﾟ　顧問料 → 普通預金
2026-04-19 11:11:16,869 INFO OK: 振込　〇〇社労士事務所　給与計算代行 → 外注費
2026-04-19 11:11:16,869 WARNING 未判定: 〇〇商店　備品購入 -9800円
2026-04-19 11:11:16,871 INFO 処理完了 | 総件数:51 OK:49 未判定:2 処理時間:0.04秒
2026-04-19 11:11:16,875 INFO CSV出力完了
2026-04-19 11:28:11,947 INFO === 仕訳生成開始 ===
2026-04-19 11:28:11,950 INFO 入力データ読み込み完了: 51行
2026-04-19 11:28:11,952 WARNING 処理結果なし: ヤマト運輸　振込
2026-04-19 11:28:11,952 WARNING 処理結果なし: Amazon　消耗品購入
2026-04-19 11:28:11,953 WARNING 処理結果なし: 振込入金　ﾄｳｶｲｾｲｿﾞｳ　コンサル料
2026-04-19 11:28:11,954 WARNING 処理結果なし: NTTｺﾐｭﾆｹｰｼｮﾝｽﾞ　電話料金
2026-04-19 11:28:11,954 WARNING 処理結果なし: 振込　ﾅｺﾞﾔｲﾝｻﾂ　名刺印刷
2026-04-19 11:28:11,955 WARNING 処理結果なし: セブンイレブン
2026-04-19 11:28:11,956 WARNING 処理結果なし: Amazon　書籍購入
2026-04-19 11:28:11,956 WARNING 処理結果なし: 振込入金　ｺﾞｳﾄﾞｳｶｲｼｬｳｪｽﾄ　顧問料
2026-04-19 11:28:11,957 WARNING 処理結果なし: JR東海　新幹線代
2026-04-19 11:28:11,957 WARNING 処理結果なし: 名古屋市営地下鉄
2026-04-19 11:28:11,958 WARNING 処理結果なし: 振込　ｵﾌｨｽﾖｳﾋﾝｾﾝﾀｰ
2026-04-19 11:28:11,959 WARNING 処理結果なし: 楽天トラベル　出張ホテル代
2026-04-19 11:28:11,959 WARNING 処理結果なし: 振込入金　ﾎｸﾘｸﾌｰｽﾞ　研修費
2026-04-19 11:28:11,960 WARNING 処理結果なし: ローソン
2026-04-19 11:28:11,960 WARNING 処理結果なし: Amazon　事務用品
2026-04-19 11:28:11,961 WARNING 処理結果なし: 中部電力　電気代
2026-04-19 11:28:11,961 WARNING 処理結果なし: 振込　社会保険料　2月分
2026-04-19 11:28:11,962 WARNING 処理結果なし: 振込入金　ﾄｳﾎｳｼｽﾃﾑ　コンサル料
2026-04-19 11:28:11,962 WARNING 処理結果なし: コメダ珈琲　打合せ
2026-04-19 11:28:11,963 WARNING 処理結果なし: 振込　ｸﾘｴｲﾃｨﾌﾞﾃﾞｻﾞｲﾝ　資料作成
2026-04-19 11:28:11,963 WARNING 処理結果なし: 給与振込　ﾔﾏﾀﾞﾀﾛｳ
2026-04-19 11:28:11,964 WARNING 処理結果なし: 給与振込　ｽｽﾞｷﾊﾅｺ
2026-04-19 11:28:11,964 WARNING 処理結果なし: 給与振込　ﾀﾅｶｲﾁﾛｳ
2026-04-19 11:28:11,965 WARNING 処理結果なし: 振込入金　ﾐｴｹﾝｾﾂ　研修費
2026-04-19 11:28:11,965 WARNING 処理結果なし: Amazon　PCアクセサリ
2026-04-19 11:28:11,966 WARNING 処理結果なし: 東京ガス　ガス代
2026-04-19 11:28:11,966 WARNING 処理結果なし: 振込　顧問弁護士費用　〇〇法律事務所
2026-04-19 11:28:11,967 WARNING 処理結果なし: マクドナルド
2026-04-19 11:28:11,967 WARNING 処理結果なし: 振込入金　ｾﾐﾅｰ参加費　ﾔﾏﾓﾄ様
2026-04-19 11:28:11,967 WARNING 処理結果なし: Zoom　月額利用料
2026-04-19 11:28:11,968 WARNING 処理結果なし: 振込入金　ｱｲﾁｼｮｳｼﾞ　コンサル料
2026-04-19 11:28:11,968 WARNING 処理結果なし: コクヨ直販　文房具
2026-04-19 11:28:11,969 WARNING 処理結果なし: 振込　〇〇税理士事務所　顧問料
2026-04-19 11:28:11,970 WARNING 処理結果なし: 高速道路料金　NEXCO
2026-04-19 11:28:11,970 WARNING 処理結果なし: セブンイレブン
2026-04-19 11:28:11,971 WARNING 処理結果なし: 振込入金　ﾄｳｶｲｾｲｿﾞｳ　2月分精算
2026-04-19 11:28:11,971 WARNING 処理結果なし: Amazon　書籍
2026-04-19 11:28:11,972 WARNING 処理結果なし: 名鉄バス
2026-04-19 11:28:11,972 WARNING 処理結果なし: 振込　ﾐﾅﾐｲﾝｻﾂ　セミナー資料印刷
2026-04-19 11:28:11,973 WARNING 処理結果なし: ドトールコーヒー　打合せ
2026-04-19 11:28:11,974 WARNING 処理結果なし: 振込入金　ｷﾞﾌﾃｯｸ　研修費
2026-04-19 11:28:11,974 WARNING 処理結果なし: Microsoft365　月額
2026-04-19 11:28:11,975 WARNING 処理結果なし: 振込　家賃　〇〇ビル管理
2026-04-19 11:28:11,976 WARNING 処理結果なし: 損保ジャパン　賠償責任保険
2026-04-19 11:28:11,976 WARNING 処理結果なし: 振込入金　ｽｽﾞｷｾｲｺｳ　スポット研修
2026-04-19 11:28:11,977 WARNING 処理結果なし: Amazon　プリンタートナー
2026-04-19 11:28:11,978 WARNING 処理結果なし: 振込　源泉所得税　3月分
2026-04-19 11:28:11,978 WARNING 処理結果なし: ﾌｧﾐﾘｰﾏｰﾄ
2026-04-19 11:28:11,978 WARNING 処理結果なし: 振込入金　ﾅｺﾞﾔｺｰﾎﾟ　顧問料
2026-04-19 11:28:11,979 WARNING 処理結果なし: 振込　〇〇社労士事務所　給与計算代行
2026-04-19 11:28:11,980 WARNING 未判定: 〇〇商店　備品購入 -9800円
2026-04-19 11:28:11,981 INFO 処理完了 | 総件数:1 OK:0 未判定:1 処理時間:0.03秒
2026-04-19 11:28:11,984 INFO CSV出力完了
2026-04-19 11:31:24,991 INFO === 仕訳生成開始 ===
2026-04-19 11:31:24,994 INFO 入力データ読み込み完了: 51行
2026-04-19 11:31:24,996 WARNING 処理結果なし: ヤマト運輸　振込
2026-04-19 11:31:24,997 WARNING 処理結果なし: Amazon　消耗品購入
2026-04-19 11:31:24,998 WARNING 処理結果なし: 振込入金　ﾄｳｶｲｾｲｿﾞｳ　コンサル料
2026-04-19 11:31:24,998 WARNING 処理結果なし: NTTｺﾐｭﾆｹｰｼｮﾝｽﾞ　電話料金
2026-04-19 11:31:24,999 WARNING 処理結果なし: 振込　ﾅｺﾞﾔｲﾝｻﾂ　名刺印刷
2026-04-19 11:31:24,999 WARNING 処理結果なし: セブンイレブン
2026-04-19 11:31:25,000 WARNING 処理結果なし: Amazon　書籍購入
2026-04-19 11:31:25,000 WARNING 処理結果なし: 振込入金　ｺﾞｳﾄﾞｳｶｲｼｬｳｪｽﾄ　顧問料
2026-04-19 11:31:25,000 WARNING 処理結果なし: JR東海　新幹線代
2026-04-19 11:31:25,001 WARNING 処理結果なし: 名古屋市営地下鉄
2026-04-19 11:31:25,001 WARNING 処理結果なし: 振込　ｵﾌｨｽﾖｳﾋﾝｾﾝﾀｰ
2026-04-19 11:31:25,002 WARNING 処理結果なし: 楽天トラベル　出張ホテル代
2026-04-19 11:31:25,003 WARNING 処理結果なし: 振込入金　ﾎｸﾘｸﾌｰｽﾞ　研修費
2026-04-19 11:31:25,003 WARNING 処理結果なし: ローソン
2026-04-19 11:31:25,003 WARNING 処理結果なし: Amazon　事務用品
2026-04-19 11:31:25,004 WARNING 処理結果なし: 中部電力　電気代
2026-04-19 11:31:25,004 WARNING 処理結果なし: 振込　社会保険料　2月分
2026-04-19 11:31:25,005 WARNING 処理結果なし: 振込入金　ﾄｳﾎｳｼｽﾃﾑ　コンサル料
2026-04-19 11:31:25,005 WARNING 処理結果なし: コメダ珈琲　打合せ
2026-04-19 11:31:25,006 WARNING 処理結果なし: 振込　ｸﾘｴｲﾃｨﾌﾞﾃﾞｻﾞｲﾝ　資料作成
2026-04-19 11:31:25,006 WARNING 処理結果なし: 給与振込　ﾔﾏﾀﾞﾀﾛｳ
2026-04-19 11:31:25,007 WARNING 処理結果なし: 給与振込　ｽｽﾞｷﾊﾅｺ
2026-04-19 11:31:25,008 WARNING 処理結果なし: 給与振込　ﾀﾅｶｲﾁﾛｳ
2026-04-19 11:31:25,008 WARNING 処理結果なし: 振込入金　ﾐｴｹﾝｾﾂ　研修費
2026-04-19 11:31:25,009 WARNING 処理結果なし: Amazon　PCアクセサリ
2026-04-19 11:31:25,010 WARNING 処理結果なし: 東京ガス　ガス代
2026-04-19 11:31:25,010 WARNING 処理結果なし: 振込　顧問弁護士費用　〇〇法律事務所
2026-04-19 11:31:25,011 WARNING 処理結果なし: マクドナルド
2026-04-19 11:31:25,011 WARNING 処理結果なし: 振込入金　ｾﾐﾅｰ参加費　ﾔﾏﾓﾄ様
2026-04-19 11:31:25,012 WARNING 処理結果なし: Zoom　月額利用料
2026-04-19 11:31:25,013 WARNING 処理結果なし: 振込入金　ｱｲﾁｼｮｳｼﾞ　コンサル料
2026-04-19 11:31:25,013 WARNING 処理結果なし: コクヨ直販　文房具
2026-04-19 11:31:25,014 WARNING 処理結果なし: 振込　〇〇税理士事務所　顧問料
2026-04-19 11:31:25,014 WARNING 処理結果なし: 高速道路料金　NEXCO
2026-04-19 11:31:25,015 WARNING 処理結果なし: セブンイレブン
2026-04-19 11:31:25,015 WARNING 処理結果なし: 振込入金　ﾄｳｶｲｾｲｿﾞｳ　2月分精算
2026-04-19 11:31:25,015 WARNING 処理結果なし: Amazon　書籍
2026-04-19 11:31:25,016 WARNING 処理結果なし: 名鉄バス
2026-04-19 11:31:25,016 WARNING 処理結果なし: 振込　ﾐﾅﾐｲﾝｻﾂ　セミナー資料印刷
2026-04-19 11:31:25,017 WARNING 処理結果なし: ドトールコーヒー　打合せ
2026-04-19 11:31:25,018 WARNING 処理結果なし: 振込入金　ｷﾞﾌﾃｯｸ　研修費
2026-04-19 11:31:25,018 WARNING 処理結果なし: Microsoft365　月額
2026-04-19 11:31:25,019 WARNING 処理結果なし: 振込　家賃　〇〇ビル管理
2026-04-19 11:31:25,019 WARNING 処理結果なし: 損保ジャパン　賠償責任保険
2026-04-19 11:31:25,019 WARNING 処理結果なし: 振込入金　ｽｽﾞｷｾｲｺｳ　スポット研修
2026-04-19 11:31:25,020 WARNING 処理結果なし: Amazon　プリンタートナー
2026-04-19 11:31:25,020 WARNING 処理結果なし: 振込　源泉所得税　3月分
2026-04-19 11:31:25,021 WARNING 処理結果なし: ﾌｧﾐﾘｰﾏｰﾄ
2026-04-19 11:31:25,021 WARNING 処理結果なし: 振込入金　ﾅｺﾞﾔｺｰﾎﾟ　顧問料
2026-04-19 11:31:25,022 WARNING 処理結果なし: 振込　〇〇社労士事務所　給与計算代行
2026-04-19 11:31:25,022 WARNING 未判定: 〇〇商店　備品購入 -9800円
2026-04-19 11:31:25,024 INFO 処理完了 | 総件数:1 OK:0 未判定:1 処理時間:0.03秒
2026-04-19 11:31:25,028 INFO CSV出力完了
2026-04-19 11:32:20,176 INFO === 仕訳生成開始 ===
2026-04-19 11:32:20,179 INFO 入力データ読み込み完了: 51行
2026-04-19 11:32:20,186 WARNING 処理結果なし: ヤマト運輸　振込
2026-04-19 11:32:20,187 WARNING 処理結果なし: Amazon　消耗品購入
2026-04-19 11:32:20,188 WARNING 処理結果なし: 振込入金　ﾄｳｶｲｾｲｿﾞｳ　コンサル料
2026-04-19 11:32:20,189 WARNING 処理結果なし: NTTｺﾐｭﾆｹｰｼｮﾝｽﾞ　電話料金
2026-04-19 11:32:20,189 WARNING 処理結果なし: 振込　ﾅｺﾞﾔｲﾝｻﾂ　名刺印刷
2026-04-19 11:32:20,190 WARNING 処理結果なし: セブンイレブン
2026-04-19 11:32:20,190 WARNING 処理結果なし: Amazon　書籍購入
2026-04-19 11:32:20,191 WARNING 処理結果なし: 振込入金　ｺﾞｳﾄﾞｳｶｲｼｬｳｪｽﾄ　顧問料
2026-04-19 11:32:20,192 WARNING 処理結果なし: JR東海　新幹線代
2026-04-19 11:32:20,192 WARNING 処理結果なし: 名古屋市営地下鉄
2026-04-19 11:32:20,193 WARNING 処理結果なし: 振込　ｵﾌｨｽﾖｳﾋﾝｾﾝﾀｰ
2026-04-19 11:32:20,193 WARNING 処理結果なし: 楽天トラベル　出張ホテル代
2026-04-19 11:32:20,194 WARNING 処理結果なし: 振込入金　ﾎｸﾘｸﾌｰｽﾞ　研修費
2026-04-19 11:32:20,194 WARNING 処理結果なし: ローソン
2026-04-19 11:32:20,195 WARNING 処理結果なし: Amazon　事務用品
2026-04-19 11:32:20,195 WARNING 処理結果なし: 中部電力　電気代
2026-04-19 11:32:20,196 WARNING 処理結果なし: 振込　社会保険料　2月分
2026-04-19 11:32:20,196 WARNING 処理結果なし: 振込入金　ﾄｳﾎｳｼｽﾃﾑ　コンサル料
2026-04-19 11:32:20,197 WARNING 処理結果なし: コメダ珈琲　打合せ
2026-04-19 11:32:20,198 WARNING 処理結果なし: 振込　ｸﾘｴｲﾃｨﾌﾞﾃﾞｻﾞｲﾝ　資料作成
2026-04-19 11:32:20,198 WARNING 処理結果なし: 給与振込　ﾔﾏﾀﾞﾀﾛｳ
2026-04-19 11:32:20,199 WARNING 処理結果なし: 給与振込　ｽｽﾞｷﾊﾅｺ
2026-04-19 11:32:20,199 WARNING 処理結果なし: 給与振込　ﾀﾅｶｲﾁﾛｳ
2026-04-19 11:32:20,200 WARNING 処理結果なし: 振込入金　ﾐｴｹﾝｾﾂ　研修費
2026-04-19 11:32:20,201 WARNING 処理結果なし: Amazon　PCアクセサリ
2026-04-19 11:32:20,201 WARNING 処理結果なし: 東京ガス　ガス代
2026-04-19 11:32:20,201 WARNING 処理結果なし: 振込　顧問弁護士費用　〇〇法律事務所
2026-04-19 11:32:20,202 WARNING 処理結果なし: マクドナルド
2026-04-19 11:32:20,202 WARNING 処理結果なし: 振込入金　ｾﾐﾅｰ参加費　ﾔﾏﾓﾄ様
2026-04-19 11:32:20,203 WARNING 処理結果なし: Zoom　月額利用料
2026-04-19 11:32:20,204 WARNING 処理結果なし: 振込入金　ｱｲﾁｼｮｳｼﾞ　コンサル料
2026-04-19 11:32:20,204 WARNING 処理結果なし: コクヨ直販　文房具
2026-04-19 11:32:20,205 WARNING 処理結果なし: 振込　〇〇税理士事務所　顧問料
2026-04-19 11:32:20,205 WARNING 処理結果なし: 高速道路料金　NEXCO
2026-04-19 11:32:20,206 WARNING 処理結果なし: セブンイレブン
2026-04-19 11:32:20,206 WARNING 処理結果なし: 振込入金　ﾄｳｶｲｾｲｿﾞｳ　2月分精算
2026-04-19 11:32:20,207 WARNING 処理結果なし: Amazon　書籍
2026-04-19 11:32:20,207 WARNING 処理結果なし: 名鉄バス
2026-04-19 11:32:20,212 WARNING 処理結果なし: 振込　ﾐﾅﾐｲﾝｻﾂ　セミナー資料印刷
2026-04-19 11:32:20,213 WARNING 処理結果なし: ドトールコーヒー　打合せ
2026-04-19 11:32:20,213 WARNING 処理結果なし: 振込入金　ｷﾞﾌﾃｯｸ　研修費
2026-04-19 11:32:20,214 WARNING 処理結果なし: Microsoft365　月額
2026-04-19 11:32:20,214 WARNING 処理結果なし: 振込　家賃　〇〇ビル管理
2026-04-19 11:32:20,215 WARNING 処理結果なし: 損保ジャパン　賠償責任保険
2026-04-19 11:32:20,215 WARNING 処理結果なし: 振込入金　ｽｽﾞｷｾｲｺｳ　スポット研修
2026-04-19 11:32:20,216 WARNING 処理結果なし: Amazon　プリンタートナー
2026-04-19 11:32:20,216 WARNING 処理結果なし: 振込　源泉所得税　3月分
2026-04-19 11:32:20,217 WARNING 処理結果なし: ﾌｧﾐﾘｰﾏｰﾄ
2026-04-19 11:32:20,217 WARNING 処理結果なし: 振込入金　ﾅｺﾞﾔｺｰﾎﾟ　顧問料
2026-04-19 11:32:20,217 WARNING 処理結果なし: 振込　〇〇社労士事務所　給与計算代行
2026-04-19 11:32:20,218 WARNING 未判定: 〇〇商店　備品購入 -9800円
2026-04-19 11:32:20,219 INFO 処理完了 | 総件数:1 OK:0 未判定:1 処理時間:0.04秒
2026-04-19 11:32:20,222 INFO CSV出力完了
2026-04-19 11:33:40,335 INFO === 仕訳生成開始 ===
2026-04-19 11:33:40,338 INFO 入力データ読み込み完了: 51行
2026-04-19 11:33:40,345 WARNING 処理結果なし: ヤマト運輸　振込
2026-04-19 11:33:40,346 WARNING 処理結果なし: Amazon　消耗品購入
2026-04-19 11:33:40,347 WARNING 処理結果なし: 振込入金　ﾄｳｶｲｾｲｿﾞｳ　コンサル料
2026-04-19 11:33:40,348 WARNING 処理結果なし: NTTｺﾐｭﾆｹｰｼｮﾝｽﾞ　電話料金
2026-04-19 11:33:40,348 WARNING 処理結果なし: 振込　ﾅｺﾞﾔｲﾝｻﾂ　名刺印刷
2026-04-19 11:33:40,349 WARNING 処理結果なし: セブンイレブン
2026-04-19 11:33:40,350 WARNING 処理結果なし: Amazon　書籍購入
2026-04-19 11:33:40,350 WARNING 処理結果なし: 振込入金　ｺﾞｳﾄﾞｳｶｲｼｬｳｪｽﾄ　顧問料
2026-04-19 11:33:40,351 WARNING 処理結果なし: JR東海　新幹線代
2026-04-19 11:33:40,352 WARNING 処理結果なし: 名古屋市営地下鉄
2026-04-19 11:33:40,352 WARNING 処理結果なし: 振込　ｵﾌｨｽﾖｳﾋﾝｾﾝﾀｰ
2026-04-19 11:33:40,353 WARNING 処理結果なし: 楽天トラベル　出張ホテル代
2026-04-19 11:33:40,353 WARNING 処理結果なし: 振込入金　ﾎｸﾘｸﾌｰｽﾞ　研修費
2026-04-19 11:33:40,354 WARNING 処理結果なし: ローソン
2026-04-19 11:33:40,355 WARNING 処理結果なし: Amazon　事務用品
2026-04-19 11:33:40,355 WARNING 処理結果なし: 中部電力　電気代
2026-04-19 11:33:40,356 WARNING 処理結果なし: 振込　社会保険料　2月分
2026-04-19 11:33:40,356 WARNING 処理結果なし: 振込入金　ﾄｳﾎｳｼｽﾃﾑ　コンサル料
2026-04-19 11:33:40,357 WARNING 処理結果なし: コメダ珈琲　打合せ
2026-04-19 11:33:40,358 WARNING 処理結果なし: 振込　ｸﾘｴｲﾃｨﾌﾞﾃﾞｻﾞｲﾝ　資料作成
2026-04-19 11:33:40,359 WARNING 処理結果なし: 給与振込　ﾔﾏﾀﾞﾀﾛｳ
2026-04-19 11:33:40,359 WARNING 処理結果なし: 給与振込　ｽｽﾞｷﾊﾅｺ
2026-04-19 11:33:40,360 WARNING 処理結果なし: 給与振込　ﾀﾅｶｲﾁﾛｳ
2026-04-19 11:33:40,360 WARNING 処理結果なし: 振込入金　ﾐｴｹﾝｾﾂ　研修費
2026-04-19 11:33:40,361 WARNING 処理結果なし: Amazon　PCアクセサリ
2026-04-19 11:33:40,362 WARNING 処理結果なし: 東京ガス　ガス代
2026-04-19 11:33:40,362 WARNING 処理結果なし: 振込　顧問弁護士費用　〇〇法律事務所
2026-04-19 11:33:40,363 WARNING 処理結果なし: マクドナルド
2026-04-19 11:33:40,364 WARNING 処理結果なし: 振込入金　ｾﾐﾅｰ参加費　ﾔﾏﾓﾄ様
2026-04-19 11:33:40,364 WARNING 処理結果なし: Zoom　月額利用料
2026-04-19 11:33:40,365 WARNING 処理結果なし: 振込入金　ｱｲﾁｼｮｳｼﾞ　コンサル料
2026-04-19 11:33:40,365 WARNING 処理結果なし: コクヨ直販　文房具
2026-04-19 11:33:40,366 WARNING 処理結果なし: 振込　〇〇税理士事務所　顧問料
2026-04-19 11:33:40,366 WARNING 処理結果なし: 高速道路料金　NEXCO
2026-04-19 11:33:40,367 WARNING 処理結果なし: セブンイレブン
2026-04-19 11:33:40,367 WARNING 処理結果なし: 振込入金　ﾄｳｶｲｾｲｿﾞｳ　2月分精算
2026-04-19 11:33:40,368 WARNING 処理結果なし: Amazon　書籍
2026-04-19 11:33:40,369 WARNING 処理結果なし: 名鉄バス
2026-04-19 11:33:40,369 WARNING 処理結果なし: 振込　ﾐﾅﾐｲﾝｻﾂ　セミナー資料印刷
2026-04-19 11:33:40,370 WARNING 処理結果なし: ドトールコーヒー　打合せ
2026-04-19 11:33:40,371 WARNING 処理結果なし: 振込入金　ｷﾞﾌﾃｯｸ　研修費
2026-04-19 11:33:40,371 WARNING 処理結果なし: Microsoft365　月額
2026-04-19 11:33:40,372 WARNING 処理結果なし: 振込　家賃　〇〇ビル管理
2026-04-19 11:33:40,372 WARNING 処理結果なし: 損保ジャパン　賠償責任保険
2026-04-19 11:33:40,373 WARNING 処理結果なし: 振込入金　ｽｽﾞｷｾｲｺｳ　スポット研修
2026-04-19 11:33:40,374 WARNING 処理結果なし: Amazon　プリンタートナー
2026-04-19 11:33:40,374 WARNING 処理結果なし: 振込　源泉所得税　3月分
2026-04-19 11:33:40,375 WARNING 処理結果なし: ﾌｧﾐﾘｰﾏｰﾄ
2026-04-19 11:33:40,376 WARNING 処理結果なし: 振込入金　ﾅｺﾞﾔｺｰﾎﾟ　顧問料
2026-04-19 11:33:40,377 WARNING 処理結果なし: 振込　〇〇社労士事務所　給与計算代行
2026-04-19 11:33:40,377 WARNING 未判定: 〇〇商店　備品購入 -9800円
2026-04-19 11:33:40,378 INFO 処理完了 | 総件数:1 OK:0 未判定:1 処理時間:0.04秒
2026-04-19 11:33:40,381 INFO CSV出力完了
2026-04-19 11:36:28,004 INFO === 仕訳生成開始 ===
2026-04-19 11:36:28,007 INFO 入力データ読み込み完了: 51行
2026-04-19 11:36:28,014 INFO OK: ヤマト運輸　振込 → 通信費
2026-04-19 11:36:28,015 INFO OK: Amazon　消耗品購入 → 消耗品費
2026-04-19 11:36:28,016 INFO OK: 振込入金　ﾄｳｶｲｾｲｿﾞｳ　コンサル料 → 普通預金
2026-04-19 11:36:28,016 INFO OK: NTTｺﾐｭﾆｹｰｼｮﾝｽﾞ　電話料金 → 通信費
2026-04-19 11:36:28,017 INFO OK: 振込　ﾅｺﾞﾔｲﾝｻﾂ　名刺印刷 → 広告宣伝費
2026-04-19 11:36:28,017 INFO OK: セブンイレブン → 消耗品費
2026-04-19 11:36:28,018 INFO OK: Amazon　書籍購入 → 図書費
2026-04-19 11:36:28,019 INFO OK: 振込入金　ｺﾞｳﾄﾞｳｶｲｼｬｳｪｽﾄ　顧問料 → 普通預金
2026-04-19 11:36:28,019 INFO OK: JR東海　新幹線代 → 旅費交通費
2026-04-19 11:36:28,020 INFO OK: 名古屋市営地下鉄 → 旅費交通費
2026-04-19 11:36:28,020 INFO OK: 振込　ｵﾌｨｽﾖｳﾋﾝｾﾝﾀｰ → 消耗品費
2026-04-19 11:36:28,021 INFO OK: 楽天トラベル　出張ホテル代 → 旅費交通費
2026-04-19 11:36:28,021 INFO OK: 振込入金　ﾎｸﾘｸﾌｰｽﾞ　研修費 → 普通預金
2026-04-19 11:36:28,022 INFO OK: ローソン → 消耗品費
2026-04-19 11:36:28,022 INFO OK: Amazon　事務用品 → 消耗品費
2026-04-19 11:36:28,023 INFO OK: 中部電力　電気代 → 水道光熱費
2026-04-19 11:36:28,024 INFO OK: 振込　社会保険料　2月分 → 法定福利費
2026-04-19 11:36:28,025 INFO OK: 振込入金　ﾄｳﾎｳｼｽﾃﾑ　コンサル料 → 普通預金
2026-04-19 11:36:28,025 INFO OK: コメダ珈琲　打合せ → 会議費
2026-04-19 11:36:28,026 INFO OK: 振込　ｸﾘｴｲﾃｨﾌﾞﾃﾞｻﾞｲﾝ　資料作成 → 外注費
2026-04-19 11:36:28,026 INFO OK: 給与振込　ﾔﾏﾀﾞﾀﾛｳ → 給料手当
2026-04-19 11:36:28,027 INFO OK: 給与振込　ｽｽﾞｷﾊﾅｺ → 給料手当
2026-04-19 11:36:28,028 INFO OK: 給与振込　ﾀﾅｶｲﾁﾛｳ → 給料手当
2026-04-19 11:36:28,029 INFO OK: 振込入金　ﾐｴｹﾝｾﾂ　研修費 → 普通預金
2026-04-19 11:36:28,029 INFO OK: Amazon　PCアクセサリ → 消耗品費
2026-04-19 11:36:28,030 INFO OK: 東京ガス　ガス代 → 水道光熱費
2026-04-19 11:36:28,030 INFO OK: 振込　顧問弁護士費用　〇〇法律事務所 → 支払報酬
2026-04-19 11:36:28,031 INFO OK: マクドナルド → 会議費
2026-04-19 11:36:28,031 INFO OK: 振込入金　ｾﾐﾅｰ参加費　ﾔﾏﾓﾄ様 → 普通預金
2026-04-19 11:36:28,032 INFO OK: Zoom　月額利用料 → 通信費
2026-04-19 11:36:28,032 INFO OK: 振込入金　ｱｲﾁｼｮｳｼﾞ　コンサル料 → 普通預金
2026-04-19 11:36:28,033 INFO OK: コクヨ直販　文房具 → 消耗品費
2026-04-19 11:36:28,033 INFO OK: 振込　〇〇税理士事務所　顧問料 → 支払報酬
2026-04-19 11:36:28,034 INFO OK: 高速道路料金　NEXCO → 旅費交通費
2026-04-19 11:36:28,034 INFO OK: セブンイレブン → 消耗品費
2026-04-19 11:36:28,034 INFO OK: 振込入金　ﾄｳｶｲｾｲｿﾞｳ　2月分精算 → 普通預金
2026-04-19 11:36:28,035 INFO OK: Amazon　書籍 → 図書費
2026-04-19 11:36:28,035 INFO OK: 名鉄バス → 旅費交通費
2026-04-19 11:36:28,036 INFO OK: 振込　ﾐﾅﾐｲﾝｻﾂ　セミナー資料印刷 → 広告宣伝費
2026-04-19 11:36:28,036 INFO OK: ドトールコーヒー　打合せ → 会議費
2026-04-19 11:36:28,037 INFO OK: 振込入金　ｷﾞﾌﾃｯｸ　研修費 → 普通預金
2026-04-19 11:36:28,037 INFO OK: Microsoft365　月額 → 通信費
2026-04-19 11:36:28,038 INFO OK: 振込　家賃　〇〇ビル管理 → 地代家賃
2026-04-19 11:36:28,038 INFO OK: 損保ジャパン　賠償責任保険 → 保険料
2026-04-19 11:36:28,039 INFO OK: 振込入金　ｽｽﾞｷｾｲｺｳ　スポット研修 → 普通預金
2026-04-19 11:36:28,039 INFO OK: Amazon　プリンタートナー → 消耗品費
2026-04-19 11:36:28,040 INFO OK: 振込　源泉所得税　3月分 → 預り金
2026-04-19 11:36:28,041 INFO OK: ﾌｧﾐﾘｰﾏｰﾄ → 消耗品費
2026-04-19 11:36:28,041 INFO OK: 振込入金　ﾅｺﾞﾔｺｰﾎﾟ　顧問料 → 普通預金
2026-04-19 11:36:28,042 INFO OK: 振込　〇〇社労士事務所　給与計算代行 → 外注費
2026-04-19 11:36:28,042 WARNING 未判定: 〇〇商店　備品購入 -9800円
2026-04-19 11:36:28,044 INFO 処理完了 | 総件数:51 OK:50 未判定:1 処理時間:0.04秒
2026-04-19 11:36:28,047 INFO CSV出力完了
2026-04-22 12:58:57,360 INFO === 仕訳生成開始 ===
2026-04-22 12:58:57,375 INFO 入力データ読み込み完了: 51行
2026-04-22 12:58:57,380 INFO OK: ヤマト運輸　振込 → 通信費
2026-04-22 12:58:57,383 WARNING 未判定: Amazon　消耗品購入 | 理由: 複数ルール該当 | 候補: Amazon, Amazon　消耗品
2026-04-22 12:58:57,384 WARNING 未判定: 振込入金　ﾄｳｶｲｾｲｿﾞｳ　コンサル料 | 理由: 複数ルール該当 | 候補: 振込入金, 振込入金　ﾄｳｶｲｾｲｿﾞｳ　コンサル料
2026-04-22 12:58:57,385 WARNING 未判定: NTTｺﾐｭﾆｹｰｼｮﾝｽﾞ　電話料金 | 理由: 複数ルール該当 | 候補: 電話料金, NTT
2026-04-22 12:58:57,386 INFO OK: 振込　ﾅｺﾞﾔｲﾝｻﾂ　名刺印刷 → 広告宣伝費
2026-04-22 12:58:57,387 INFO OK: セブンイレブン → 消耗品費
2026-04-22 12:58:57,388 WARNING 未判定: Amazon　書籍購入 | 理由: 複数ルール該当 | 候補: Amazon, Amazon　書籍購入, Amazon　書籍
2026-04-22 12:58:57,389 WARNING 未判定: 振込入金　ｺﾞｳﾄﾞｳｶｲｼｬｳｪｽﾄ　顧問料 | 理由: 複数ルール該当 | 候補: 振込入金, 振込入金　ｺﾞｳﾄﾞｳｶｲｼｬｳｪｽﾄ　顧問料
2026-04-22 12:58:57,390 WARNING 未判定: JR東海　新幹線代 | 理由: 複数ルール該当 | 候補: 新幹線, JR
2026-04-22 12:58:57,391 INFO OK: 名古屋市営地下鉄 → 旅費交通費
2026-04-22 12:58:57,392 INFO OK: 振込　ｵﾌｨｽﾖｳﾋﾝｾﾝﾀｰ → 消耗品費
2026-04-22 12:58:57,392 INFO OK: 楽天トラベル　出張ホテル代 → 旅費交通費
2026-04-22 12:58:57,393 WARNING 未判定: 振込入金　ﾎｸﾘｸﾌｰｽﾞ　研修費 | 理由: 複数ルール該当 | 候補: 振込入金, 振込入金　ﾎｸﾘｸﾌｰｽﾞ　研修費
2026-04-22 12:58:57,394 INFO OK: ローソン → 消耗品費
2026-04-22 12:58:57,395 WARNING 未判定: Amazon　事務用品 | 理由: 複数ルール該当 | 候補: Amazon, Amazon　事務用品
2026-04-22 12:58:57,396 WARNING 未判定: 中部電力　電気代 | 理由: 複数ルール該当 | 候補: 中部電力, 電気代
2026-04-22 12:58:57,397 INFO OK: 振込　社会保険料　2月分 → 法定福利費
2026-04-22 12:58:57,397 WARNING 未判定: 振込入金　ﾄｳﾎｳｼｽﾃﾑ　コンサル料 | 理由: 複数ルール該当 | 候補: 振込入金, 振込入金　ﾄｳﾎｳｼｽﾃﾑ　コンサル料
2026-04-22 12:58:57,398 INFO OK: コメダ珈琲　打合せ → 会議費
2026-04-22 12:58:57,399 WARNING 未判定: 振込　ｸﾘｴｲﾃｨﾌﾞﾃﾞｻﾞｲﾝ　資料作成 | 理由: 複数ルール該当 | 候補: 資料作成, ｸﾘｴｲﾃｨﾌﾞ
2026-04-22 12:58:57,399 INFO OK: 給与振込　ﾔﾏﾀﾞﾀﾛｳ → 給料手当
2026-04-22 12:58:57,400 INFO OK: 給与振込　ｽｽﾞｷﾊﾅｺ → 給料手当
2026-04-22 12:58:57,401 INFO OK: 給与振込　ﾀﾅｶｲﾁﾛｳ → 給料手当
2026-04-22 12:58:57,402 WARNING 未判定: 振込入金　ﾐｴｹﾝｾﾂ　研修費 | 理由: 複数ルール該当 | 候補: 振込入金, 振込入金　ﾐｴｹﾝｾﾂ　研修費
2026-04-22 12:58:57,403 WARNING 未判定: Amazon　PCアクセサリ | 理由: 複数ルール該当 | 候補: Amazon, Amazon　PCアクセサリ
2026-04-22 12:58:57,404 WARNING 未判定: 東京ガス　ガス代 | 理由: 複数ルール該当 | 候補: 東京ガス, ガス代
2026-04-22 12:58:57,405 INFO OK: 振込　顧問弁護士費用　〇〇法律事務所 → 支払報酬
2026-04-22 12:58:57,406 INFO OK: マクドナルド → 会議費
2026-04-22 12:58:57,407 WARNING 未判定: 振込入金　ｾﾐﾅｰ参加費　ﾔﾏﾓﾄ様 | 理由: 複数ルール該当 | 候補: 振込入金, ｾﾐﾅｰ参加費
2026-04-22 12:58:57,408 INFO OK: Zoom　月額利用料 → 通信費
2026-04-22 12:58:57,409 WARNING 未判定: 振込入金　ｱｲﾁｼｮｳｼﾞ　コンサル料 | 理由: 複数ルール該当 | 候補: 振込入金, 振込入金　ｱｲﾁｼｮｳｼﾞ　コンサル料
2026-04-22 12:58:57,409 WARNING 未判定: コクヨ直販　文房具 | 理由: 複数ルール該当 | 候補: コクヨ, 文房具
2026-04-22 12:58:57,410 INFO OK: 振込　〇〇税理士事務所　顧問料 → 支払報酬
2026-04-22 12:58:57,411 WARNING 未判定: 高速道路料金　NEXCO | 理由: 複数ルール該当 | 候補: 高速道路, NEXCO
2026-04-22 12:58:57,412 INFO OK: セブンイレブン → 消耗品費
2026-04-22 12:58:57,413 WARNING 未判定: 振込入金　ﾄｳｶｲｾｲｿﾞｳ　2月分精算 | 理由: 複数ルール該当 | 候補: 振込入金, 振込入金　ﾄｳｶｲｾｲｿﾞｳ　2月分精算
2026-04-22 12:58:57,414 WARNING 未判定: Amazon　書籍 | 理由: 複数ルール該当 | 候補: Amazon, Amazon　書籍
2026-04-22 12:58:57,415 INFO OK: 名鉄バス → 旅費交通費
2026-04-22 12:58:57,415 INFO OK: 振込　ﾐﾅﾐｲﾝｻﾂ　セミナー資料印刷 → 広告宣伝費
2026-04-22 12:58:57,416 INFO OK: ドトールコーヒー　打合せ → 会議費
2026-04-22 12:58:57,417 WARNING 未判定: 振込入金　ｷﾞﾌﾃｯｸ　研修費 | 理由: 複数ルール該当 | 候補: 振込入金, 振込入金　ｷﾞﾌﾃｯｸ　研修費
2026-04-22 12:58:57,418 INFO OK: Microsoft365　月額 → 通信費
2026-04-22 12:58:57,418 INFO OK: 振込　家賃　〇〇ビル管理 → 地代家賃
2026-04-22 12:58:57,419 INFO OK: 損保ジャパン　賠償責任保険 → 保険料
2026-04-22 12:58:57,421 WARNING 未判定: 振込入金　ｽｽﾞｷｾｲｺｳ　スポット研修 | 理由: 複数ルール該当 | 候補: 振込入金, 振込入金　ｽｽﾞｷｾｲｺｳ　スポット研修
2026-04-22 12:58:57,422 WARNING 未判定: Amazon　プリンタートナー | 理由: 複数ルール該当 | 候補: Amazon, Amazon　プリンタートナー
2026-04-22 12:58:57,423 INFO OK: 振込　源泉所得税　3月分 → 預り金
2026-04-22 12:58:57,424 INFO OK: ﾌｧﾐﾘｰﾏｰﾄ → 消耗品費
2026-04-22 12:58:57,425 WARNING 未判定: 振込入金　ﾅｺﾞﾔｺｰﾎﾟ　顧問料 | 理由: 複数ルール該当 | 候補: 振込入金, 振込入金　ﾅｺﾞﾔｺｰﾎﾟ　顧問料
2026-04-22 12:58:57,425 WARNING 未判定: 振込　〇〇社労士事務所　給与計算代行 | 理由: 複数ルール該当 | 候補: 給与計算代行, 社労士事務所
2026-04-22 12:58:57,426 WARNING 未判定: 〇〇商店　備品購入 | 理由: ルール未一致 | 候補: 
2026-04-22 12:58:57,432 INFO 処理完了 | 総件数:51 OK:25 未判定:26 処理時間:0.07秒
2026-04-22 12:58:57,441 INFO CSV出力完了
2026-04-22 13:03:40,175 INFO === 仕訳生成開始 ===
2026-04-22 13:03:40,181 INFO 入力データ読み込み完了: 51行
2026-04-22 13:03:40,184 INFO OK: ヤマト運輸　振込 → 通信費
2026-04-22 13:03:40,185 WARNING 未判定: Amazon　消耗品購入 | 理由: 複数ルール該当 | 候補: Amazon　消耗品, Amazon
2026-04-22 13:03:40,186 WARNING 未判定: 振込入金　ﾄｳｶｲｾｲｿﾞｳ　コンサル料 | 理由: 複数ルール該当 | 候補: 振込入金　ﾄｳｶｲｾｲｿﾞｳ　コンサル料, 振込入金
2026-04-22 13:03:40,187 WARNING 未判定: NTTｺﾐｭﾆｹｰｼｮﾝｽﾞ　電話料金 | 理由: 複数ルール該当 | 候補: 電話料金, NTT
2026-04-22 13:03:40,188 INFO OK: 振込　ﾅｺﾞﾔｲﾝｻﾂ　名刺印刷 → 広告宣伝費
2026-04-22 13:03:40,189 INFO OK: セブンイレブン → 消耗品費
2026-04-22 13:03:40,189 WARNING 未判定: Amazon　書籍購入 | 理由: 複数ルール該当 | 候補: Amazon　書籍購入, Amazon　書籍, Amazon
2026-04-22 13:03:40,190 WARNING 未判定: 振込入金　ｺﾞｳﾄﾞｳｶｲｼｬｳｪｽﾄ　顧問料 | 理由: 複数ルール該当 | 候補: 振込入金　ｺﾞｳﾄﾞｳｶｲｼｬｳｪｽﾄ　顧問料, 振込入金
2026-04-22 13:03:40,191 WARNING 未判定: JR東海　新幹線代 | 理由: 複数ルール該当 | 候補: 新幹線, JR
2026-04-22 13:03:40,192 INFO OK: 名古屋市営地下鉄 → 旅費交通費
2026-04-22 13:03:40,192 INFO OK: 振込　ｵﾌｨｽﾖｳﾋﾝｾﾝﾀｰ → 消耗品費
2026-04-22 13:03:40,193 INFO OK: 楽天トラベル　出張ホテル代 → 旅費交通費
2026-04-22 13:03:40,194 WARNING 未判定: 振込入金　ﾎｸﾘｸﾌｰｽﾞ　研修費 | 理由: 複数ルール該当 | 候補: 振込入金　ﾎｸﾘｸﾌｰｽﾞ　研修費, 振込入金
2026-04-22 13:03:40,194 INFO OK: ローソン → 消耗品費
2026-04-22 13:03:40,195 WARNING 未判定: Amazon　事務用品 | 理由: 複数ルール該当 | 候補: Amazon　事務用品, Amazon
2026-04-22 13:03:40,196 WARNING 未判定: 中部電力　電気代 | 理由: 複数ルール該当 | 候補: 中部電力, 電気代
2026-04-22 13:03:40,196 INFO OK: 振込　社会保険料　2月分 → 法定福利費
2026-04-22 13:03:40,197 WARNING 未判定: 振込入金　ﾄｳﾎｳｼｽﾃﾑ　コンサル料 | 理由: 複数ルール該当 | 候補: 振込入金　ﾄｳﾎｳｼｽﾃﾑ　コンサル料, 振込入金
2026-04-22 13:03:40,198 INFO OK: コメダ珈琲　打合せ → 会議費
2026-04-22 13:03:40,198 WARNING 未判定: 振込　ｸﾘｴｲﾃｨﾌﾞﾃﾞｻﾞｲﾝ　資料作成 | 理由: 複数ルール該当 | 候補: 資料作成, ｸﾘｴｲﾃｨﾌﾞ
2026-04-22 13:03:40,199 INFO OK: 給与振込　ﾔﾏﾀﾞﾀﾛｳ → 給料手当
2026-04-22 13:03:40,200 INFO OK: 給与振込　ｽｽﾞｷﾊﾅｺ → 給料手当
2026-04-22 13:03:40,201 INFO OK: 給与振込　ﾀﾅｶｲﾁﾛｳ → 給料手当
2026-04-22 13:03:40,201 WARNING 未判定: 振込入金　ﾐｴｹﾝｾﾂ　研修費 | 理由: 複数ルール該当 | 候補: 振込入金　ﾐｴｹﾝｾﾂ　研修費, 振込入金
2026-04-22 13:03:40,202 WARNING 未判定: Amazon　PCアクセサリ | 理由: 複数ルール該当 | 候補: Amazon　PCアクセサリ, Amazon
2026-04-22 13:03:40,203 WARNING 未判定: 東京ガス　ガス代 | 理由: 複数ルール該当 | 候補: 東京ガス, ガス代
2026-04-22 13:03:40,204 INFO OK: 振込　顧問弁護士費用　〇〇法律事務所 → 支払報酬
2026-04-22 13:03:40,205 INFO OK: マクドナルド → 会議費
2026-04-22 13:03:40,205 WARNING 未判定: 振込入金　ｾﾐﾅｰ参加費　ﾔﾏﾓﾄ様 | 理由: 複数ルール該当 | 候補: ｾﾐﾅｰ参加費, 振込入金
2026-04-22 13:03:40,206 INFO OK: Zoom　月額利用料 → 通信費
2026-04-22 13:03:40,207 WARNING 未判定: 振込入金　ｱｲﾁｼｮｳｼﾞ　コンサル料 | 理由: 複数ルール該当 | 候補: 振込入金　ｱｲﾁｼｮｳｼﾞ　コンサル料, 振込入金
2026-04-22 13:03:40,208 WARNING 未判定: コクヨ直販　文房具 | 理由: 複数ルール該当 | 候補: コクヨ, 文房具
2026-04-22 13:03:40,208 INFO OK: 振込　〇〇税理士事務所　顧問料 → 支払報酬
2026-04-22 13:03:40,209 WARNING 未判定: 高速道路料金　NEXCO | 理由: 複数ルール該当 | 候補: 高速道路, NEXCO
2026-04-22 13:03:40,210 INFO OK: セブンイレブン → 消耗品費
2026-04-22 13:03:40,210 WARNING 未判定: 振込入金　ﾄｳｶｲｾｲｿﾞｳ　2月分精算 | 理由: 複数ルール該当 | 候補: 振込入金　ﾄｳｶｲｾｲｿﾞｳ　2月分精算, 振込入金
2026-04-22 13:03:40,211 WARNING 未判定: Amazon　書籍 | 理由: 複数ルール該当 | 候補: Amazon　書籍, Amazon
2026-04-22 13:03:40,212 INFO OK: 名鉄バス → 旅費交通費
2026-04-22 13:03:40,213 INFO OK: 振込　ﾐﾅﾐｲﾝｻﾂ　セミナー資料印刷 → 広告宣伝費
2026-04-22 13:03:40,213 INFO OK: ドトールコーヒー　打合せ → 会議費
2026-04-22 13:03:40,214 WARNING 未判定: 振込入金　ｷﾞﾌﾃｯｸ　研修費 | 理由: 複数ルール該当 | 候補: 振込入金　ｷﾞﾌﾃｯｸ　研修費, 振込入金
2026-04-22 13:03:40,215 INFO OK: Microsoft365　月額 → 通信費
2026-04-22 13:03:40,215 INFO OK: 振込　家賃　〇〇ビル管理 → 地代家賃
2026-04-22 13:03:40,216 INFO OK: 損保ジャパン　賠償責任保険 → 保険料
2026-04-22 13:03:40,217 WARNING 未判定: 振込入金　ｽｽﾞｷｾｲｺｳ　スポット研修 | 理由: 複数ルール該当 | 候補: 振込入金　ｽｽﾞｷｾｲｺｳ　スポット研修, 振込入金
2026-04-22 13:03:40,217 WARNING 未判定: Amazon　プリンタートナー | 理由: 複数ルール該当 | 候補: Amazon　プリンタートナー, Amazon
2026-04-22 13:03:40,219 INFO OK: 振込　源泉所得税　3月分 → 預り金
2026-04-22 13:03:40,220 INFO OK: ﾌｧﾐﾘｰﾏｰﾄ → 消耗品費
2026-04-22 13:03:40,221 WARNING 未判定: 振込入金　ﾅｺﾞﾔｺｰﾎﾟ　顧問料 | 理由: 複数ルール該当 | 候補: 振込入金　ﾅｺﾞﾔｺｰﾎﾟ　顧問料, 振込入金
2026-04-22 13:03:40,221 WARNING 未判定: 振込　〇〇社労士事務所　給与計算代行 | 理由: 複数ルール該当 | 候補: 給与計算代行, 社労士事務所
2026-04-22 13:03:40,222 WARNING 未判定: 〇〇商店　備品購入 | 理由: ルール未一致 | 候補: 
2026-04-22 13:03:40,225 INFO 処理完了 | 総件数:51 OK:25 未判定:26 処理時間:0.05秒
2026-04-22 13:03:40,230 INFO CSV出力完了
2026-04-22 22:35:31,902 INFO === 仕訳生成開始 ===
2026-04-22 22:35:31,908 INFO 入力データ読み込み完了: 51行
2026-04-22 22:35:31,911 INFO OK: ヤマト運輸　振込 → 通信費
2026-04-22 22:35:31,912 INFO OK: Amazon　消耗品購入 → 消耗品費
2026-04-22 22:35:31,914 INFO OK: 振込入金　ﾄｳｶｲｾｲｿﾞｳ　コンサル料 → 普通預金
2026-04-22 22:35:31,915 WARNING 未判定: NTTｺﾐｭﾆｹｰｼｮﾝｽﾞ　電話料金 | 理由: 複数ルール該当 | 候補: 電話料金, NTT
2026-04-22 22:35:31,915 INFO OK: 振込　ﾅｺﾞﾔｲﾝｻﾂ　名刺印刷 → 広告宣伝費
2026-04-22 22:35:31,916 INFO OK: セブンイレブン → 消耗品費
2026-04-22 22:35:31,917 WARNING 未判定: Amazon　書籍購入 | 理由: 複数ルール該当 | 候補: Amazon　書籍購入, Amazon　書籍, Amazon
2026-04-22 22:35:31,918 INFO OK: 振込入金　ｺﾞｳﾄﾞｳｶｲｼｬｳｪｽﾄ　顧問料 → 普通預金
2026-04-22 22:35:31,919 WARNING 未判定: JR東海　新幹線代 | 理由: 複数ルール該当 | 候補: 新幹線, JR
2026-04-22 22:35:31,920 INFO OK: 名古屋市営地下鉄 → 旅費交通費
2026-04-22 22:35:31,920 INFO OK: 振込　ｵﾌｨｽﾖｳﾋﾝｾﾝﾀｰ → 消耗品費
2026-04-22 22:35:31,921 INFO OK: 楽天トラベル　出張ホテル代 → 旅費交通費
2026-04-22 22:35:31,922 INFO OK: 振込入金　ﾎｸﾘｸﾌｰｽﾞ　研修費 → 普通預金
2026-04-22 22:35:31,922 INFO OK: ローソン → 消耗品費
2026-04-22 22:35:31,923 INFO OK: Amazon　事務用品 → 消耗品費
2026-04-22 22:35:31,924 WARNING 未判定: 中部電力　電気代 | 理由: 複数ルール該当 | 候補: 中部電力, 電気代
2026-04-22 22:35:31,925 INFO OK: 振込　社会保険料　2月分 → 法定福利費
2026-04-22 22:35:31,926 INFO OK: 振込入金　ﾄｳﾎｳｼｽﾃﾑ　コンサル料 → 普通預金
2026-04-22 22:35:31,926 INFO OK: コメダ珈琲　打合せ → 会議費
2026-04-22 22:35:31,927 WARNING 未判定: 振込　ｸﾘｴｲﾃｨﾌﾞﾃﾞｻﾞｲﾝ　資料作成 | 理由: 複数ルール該当 | 候補: 資料作成, ｸﾘｴｲﾃｨﾌﾞ
2026-04-22 22:35:31,928 INFO OK: 給与振込　ﾔﾏﾀﾞﾀﾛｳ → 給料手当
2026-04-22 22:35:31,930 INFO OK: 給与振込　ｽｽﾞｷﾊﾅｺ → 給料手当
2026-04-22 22:35:31,931 INFO OK: 給与振込　ﾀﾅｶｲﾁﾛｳ → 給料手当
2026-04-22 22:35:31,932 INFO OK: 振込入金　ﾐｴｹﾝｾﾂ　研修費 → 普通預金
2026-04-22 22:35:31,933 INFO OK: Amazon　PCアクセサリ → 消耗品費
2026-04-22 22:35:31,933 WARNING 未判定: 東京ガス　ガス代 | 理由: 複数ルール該当 | 候補: 東京ガス, ガス代
2026-04-22 22:35:31,934 INFO OK: 振込　顧問弁護士費用　〇〇法律事務所 → 支払報酬
2026-04-22 22:35:31,935 INFO OK: マクドナルド → 会議費
2026-04-22 22:35:31,936 INFO OK: 振込入金　ｾﾐﾅｰ参加費　ﾔﾏﾓﾄ様 → 普通預金
2026-04-22 22:35:31,936 INFO OK: Zoom　月額利用料 → 通信費
2026-04-22 22:35:31,937 INFO OK: 振込入金　ｱｲﾁｼｮｳｼﾞ　コンサル料 → 普通預金
2026-04-22 22:35:31,938 WARNING 未判定: コクヨ直販　文房具 | 理由: 複数ルール該当 | 候補: コクヨ, 文房具
2026-04-22 22:35:31,939 INFO OK: 振込　〇〇税理士事務所　顧問料 → 支払報酬
2026-04-22 22:35:31,939 WARNING 未判定: 高速道路料金　NEXCO | 理由: 複数ルール該当 | 候補: 高速道路, NEXCO
2026-04-22 22:35:31,940 INFO OK: セブンイレブン → 消耗品費
2026-04-22 22:35:31,941 INFO OK: 振込入金　ﾄｳｶｲｾｲｿﾞｳ　2月分精算 → 普通預金
2026-04-22 22:35:31,942 INFO OK: Amazon　書籍 → 図書費
2026-04-22 22:35:31,942 INFO OK: 名鉄バス → 旅費交通費
2026-04-22 22:35:31,943 INFO OK: 振込　ﾐﾅﾐｲﾝｻﾂ　セミナー資料印刷 → 広告宣伝費
2026-04-22 22:35:31,944 INFO OK: ドトールコーヒー　打合せ → 会議費
2026-04-22 22:35:31,945 INFO OK: 振込入金　ｷﾞﾌﾃｯｸ　研修費 → 普通預金
2026-04-22 22:35:31,946 INFO OK: Microsoft365　月額 → 通信費
2026-04-22 22:35:31,947 INFO OK: 振込　家賃　〇〇ビル管理 → 地代家賃
2026-04-22 22:35:31,948 INFO OK: 損保ジャパン　賠償責任保険 → 保険料
2026-04-22 22:35:31,949 INFO OK: 振込入金　ｽｽﾞｷｾｲｺｳ　スポット研修 → 普通預金
2026-04-22 22:35:31,949 INFO OK: Amazon　プリンタートナー → 消耗品費
2026-04-22 22:35:31,950 INFO OK: 振込　源泉所得税　3月分 → 預り金
2026-04-22 22:35:31,951 INFO OK: ﾌｧﾐﾘｰﾏｰﾄ → 消耗品費
2026-04-22 22:35:31,952 INFO OK: 振込入金　ﾅｺﾞﾔｺｰﾎﾟ　顧問料 → 普通預金
2026-04-22 22:35:31,952 WARNING 未判定: 振込　〇〇社労士事務所　給与計算代行 | 理由: 複数ルール該当 | 候補: 給与計算代行, 社労士事務所
2026-04-22 22:35:31,953 WARNING 未判定: 〇〇商店　備品購入 | 理由: ルール未一致 | 候補: 
2026-04-22 22:35:31,956 INFO 処理完了 | 総件数:51 OK:41 未判定:10 処理時間:0.05秒
2026-04-22 22:35:31,961 INFO CSV出力完了
2026-04-22 22:37:21,974 INFO === 仕訳生成開始 ===
2026-04-22 22:37:21,980 INFO 入力データ読み込み完了: 51行
2026-04-22 22:37:21,982 INFO OK: ヤマト運輸　振込 → 荷造運賃
2026-04-22 22:37:21,983 INFO OK: Amazon　消耗品購入 → 消耗品費
2026-04-22 22:37:21,984 INFO OK: 振込入金　ﾄｳｶｲｾｲｿﾞｳ　コンサル料 → 普通預金
2026-04-22 22:37:21,985 INFO OK: NTTｺﾐｭﾆｹｰｼｮﾝｽﾞ　電話料金 → 通信費
2026-04-22 22:37:21,986 INFO OK: 振込　ﾅｺﾞﾔｲﾝｻﾂ　名刺印刷 → 広告宣伝費
2026-04-22 22:37:21,986 INFO OK: セブンイレブン → 消耗品費
2026-04-22 22:37:21,987 WARNING 未判定: Amazon　書籍購入 | 理由: 複数ルール該当 | 候補: Amazon　書籍購入, Amazon　書籍, Amazon
2026-04-22 22:37:21,988 INFO OK: 振込入金　ｺﾞｳﾄﾞｳｶｲｼｬｳｪｽﾄ　顧問料 → 普通預金
2026-04-22 22:37:21,989 INFO OK: JR東海　新幹線代 → 旅費交通費
2026-04-22 22:37:21,990 INFO OK: 名古屋市営地下鉄 → 旅費交通費
2026-04-22 22:37:21,990 INFO OK: 振込　ｵﾌｨｽﾖｳﾋﾝｾﾝﾀｰ → 消耗品費
2026-04-22 22:37:21,991 INFO OK: 楽天トラベル　出張ホテル代 → 旅費交通費
2026-04-22 22:37:21,992 INFO OK: 振込入金　ﾎｸﾘｸﾌｰｽﾞ　研修費 → 普通預金
2026-04-22 22:37:21,993 INFO OK: ローソン → 消耗品費
2026-04-22 22:37:21,993 INFO OK: Amazon　事務用品 → 消耗品費
2026-04-22 22:37:21,995 INFO OK: 中部電力　電気代 → 水道光熱費
2026-04-22 22:37:21,996 INFO OK: 振込　社会保険料　2月分 → 法定福利費
2026-04-22 22:37:21,997 INFO OK: 振込入金　ﾄｳﾎｳｼｽﾃﾑ　コンサル料 → 普通預金
2026-04-22 22:37:21,998 INFO OK: コメダ珈琲　打合せ → 会議費
2026-04-22 22:37:21,999 INFO OK: 振込　ｸﾘｴｲﾃｨﾌﾞﾃﾞｻﾞｲﾝ　資料作成 → 外注費
2026-04-22 22:37:22,000 INFO OK: 給与振込　ﾔﾏﾀﾞﾀﾛｳ → 給料手当
2026-04-22 22:37:22,000 INFO OK: 給与振込　ｽｽﾞｷﾊﾅｺ → 給料手当
2026-04-22 22:37:22,001 INFO OK: 給与振込　ﾀﾅｶｲﾁﾛｳ → 給料手当
2026-04-22 22:37:22,002 INFO OK: 振込入金　ﾐｴｹﾝｾﾂ　研修費 → 普通預金
2026-04-22 22:37:22,003 INFO OK: Amazon　PCアクセサリ → 消耗品費
2026-04-22 22:37:22,004 INFO OK: 東京ガス　ガス代 → 水道光熱費
2026-04-22 22:37:22,004 INFO OK: 振込　顧問弁護士費用　〇〇法律事務所 → 支払報酬
2026-04-22 22:37:22,005 INFO OK: マクドナルド → 会議費
2026-04-22 22:37:22,006 INFO OK: 振込入金　ｾﾐﾅｰ参加費　ﾔﾏﾓﾄ様 → 普通預金
2026-04-22 22:37:22,006 INFO OK: Zoom　月額利用料 → 通信費
2026-04-22 22:37:22,007 INFO OK: 振込入金　ｱｲﾁｼｮｳｼﾞ　コンサル料 → 普通預金
2026-04-22 22:37:22,008 INFO OK: コクヨ直販　文房具 → 消耗品費
2026-04-22 22:37:22,009 INFO OK: 振込　〇〇税理士事務所　顧問料 → 支払報酬
2026-04-22 22:37:22,009 INFO OK: 高速道路料金　NEXCO → 旅費交通費
2026-04-22 22:37:22,010 INFO OK: セブンイレブン → 消耗品費
2026-04-22 22:37:22,011 INFO OK: 振込入金　ﾄｳｶｲｾｲｿﾞｳ　2月分精算 → 普通預金
2026-04-22 22:37:22,012 INFO OK: Amazon　書籍 → 図書費
2026-04-22 22:37:22,013 INFO OK: 名鉄バス → 旅費交通費
2026-04-22 22:37:22,014 INFO OK: 振込　ﾐﾅﾐｲﾝｻﾂ　セミナー資料印刷 → 広告宣伝費
2026-04-22 22:37:22,015 INFO OK: ドトールコーヒー　打合せ → 会議費
2026-04-22 22:37:22,016 INFO OK: 振込入金　ｷﾞﾌﾃｯｸ　研修費 → 普通預金
2026-04-22 22:37:22,017 INFO OK: Microsoft365　月額 → 通信費
2026-04-22 22:37:22,018 INFO OK: 振込　家賃　〇〇ビル管理 → 地代家賃
2026-04-22 22:37:22,018 INFO OK: 損保ジャパン　賠償責任保険 → 保険料
2026-04-22 22:37:22,019 INFO OK: 振込入金　ｽｽﾞｷｾｲｺｳ　スポット研修 → 普通預金
2026-04-22 22:37:22,020 INFO OK: Amazon　プリンタートナー → 消耗品費
2026-04-22 22:37:22,021 INFO OK: 振込　源泉所得税　3月分 → 預り金
2026-04-22 22:37:22,021 INFO OK: ﾌｧﾐﾘｰﾏｰﾄ → 消耗品費
2026-04-22 22:37:22,022 INFO OK: 振込入金　ﾅｺﾞﾔｺｰﾎﾟ　顧問料 → 普通預金
2026-04-22 22:37:22,023 WARNING 未判定: 振込　〇〇社労士事務所　給与計算代行 | 理由: 複数ルール該当 | 候補: 給与計算代行, 社労士事務所
2026-04-22 22:37:22,024 INFO OK: 〇〇商店　備品購入 → 消耗品費
2026-04-22 22:37:22,028 INFO 処理完了 | 総件数:51 OK:49 未判定:2 処理時間:0.05秒
2026-04-22 22:37:22,034 INFO CSV出力完了
2026-04-22 22:40:27,479 INFO === 仕訳生成開始 ===
2026-04-22 22:40:27,485 INFO 入力データ読み込み完了: 51行
2026-04-22 22:40:27,488 INFO OK: ヤマト運輸　振込 → 荷造運賃
2026-04-22 22:40:27,489 INFO OK: Amazon　消耗品購入 → 消耗品費
2026-04-22 22:40:27,490 INFO OK: 振込入金　ﾄｳｶｲｾｲｿﾞｳ　コンサル料 → 普通預金
2026-04-22 22:40:27,491 INFO OK: NTTｺﾐｭﾆｹｰｼｮﾝｽﾞ　電話料金 → 通信費
2026-04-22 22:40:27,492 INFO OK: 振込　ﾅｺﾞﾔｲﾝｻﾂ　名刺印刷 → 広告宣伝費
2026-04-22 22:40:27,493 INFO OK: セブンイレブン → 消耗品費
2026-04-22 22:40:27,493 INFO OK: Amazon　書籍購入 → 図書費
2026-04-22 22:40:27,494 INFO OK: 振込入金　ｺﾞｳﾄﾞｳｶｲｼｬｳｪｽﾄ　顧問料 → 普通預金
2026-04-22 22:40:27,495 INFO OK: JR東海　新幹線代 → 旅費交通費
2026-04-22 22:40:27,496 INFO OK: 名古屋市営地下鉄 → 旅費交通費
2026-04-22 22:40:27,497 INFO OK: 振込　ｵﾌｨｽﾖｳﾋﾝｾﾝﾀｰ → 消耗品費
2026-04-22 22:40:27,498 INFO OK: 楽天トラベル　出張ホテル代 → 旅費交通費
2026-04-22 22:40:27,499 INFO OK: 振込入金　ﾎｸﾘｸﾌｰｽﾞ　研修費 → 普通預金
2026-04-22 22:40:27,500 INFO OK: ローソン → 消耗品費
2026-04-22 22:40:27,501 INFO OK: Amazon　事務用品 → 消耗品費
2026-04-22 22:40:27,501 INFO OK: 中部電力　電気代 → 水道光熱費
2026-04-22 22:40:27,502 INFO OK: 振込　社会保険料　2月分 → 法定福利費
2026-04-22 22:40:27,503 INFO OK: 振込入金　ﾄｳﾎｳｼｽﾃﾑ　コンサル料 → 普通預金
2026-04-22 22:40:27,504 INFO OK: コメダ珈琲　打合せ → 会議費
2026-04-22 22:40:27,504 INFO OK: 振込　ｸﾘｴｲﾃｨﾌﾞﾃﾞｻﾞｲﾝ　資料作成 → 外注費
2026-04-22 22:40:27,505 INFO OK: 給与振込　ﾔﾏﾀﾞﾀﾛｳ → 給料手当
2026-04-22 22:40:27,506 INFO OK: 給与振込　ｽｽﾞｷﾊﾅｺ → 給料手当
2026-04-22 22:40:27,506 INFO OK: 給与振込　ﾀﾅｶｲﾁﾛｳ → 給料手当
2026-04-22 22:40:27,507 INFO OK: 振込入金　ﾐｴｹﾝｾﾂ　研修費 → 普通預金
2026-04-22 22:40:27,508 INFO OK: Amazon　PCアクセサリ → 消耗品費
2026-04-22 22:40:27,509 INFO OK: 東京ガス　ガス代 → 水道光熱費
2026-04-22 22:40:27,509 INFO OK: 振込　顧問弁護士費用　〇〇法律事務所 → 支払報酬
2026-04-22 22:40:27,510 INFO OK: マクドナルド → 会議費
2026-04-22 22:40:27,511 INFO OK: 振込入金　ｾﾐﾅｰ参加費　ﾔﾏﾓﾄ様 → 普通預金
2026-04-22 22:40:27,512 INFO OK: Zoom　月額利用料 → 通信費
2026-04-22 22:40:27,514 INFO OK: 振込入金　ｱｲﾁｼｮｳｼﾞ　コンサル料 → 普通預金
2026-04-22 22:40:27,515 INFO OK: コクヨ直販　文房具 → 消耗品費
2026-04-22 22:40:27,516 INFO OK: 振込　〇〇税理士事務所　顧問料 → 支払報酬
2026-04-22 22:40:27,516 INFO OK: 高速道路料金　NEXCO → 旅費交通費
2026-04-22 22:40:27,517 INFO OK: セブンイレブン → 消耗品費
2026-04-22 22:40:27,518 INFO OK: 振込入金　ﾄｳｶｲｾｲｿﾞｳ　2月分精算 → 普通預金
2026-04-22 22:40:27,519 INFO OK: Amazon　書籍 → 図書費
2026-04-22 22:40:27,520 INFO OK: 名鉄バス → 旅費交通費
2026-04-22 22:40:27,520 INFO OK: 振込　ﾐﾅﾐｲﾝｻﾂ　セミナー資料印刷 → 広告宣伝費
2026-04-22 22:40:27,521 INFO OK: ドトールコーヒー　打合せ → 会議費
2026-04-22 22:40:27,522 INFO OK: 振込入金　ｷﾞﾌﾃｯｸ　研修費 → 普通預金
2026-04-22 22:40:27,523 INFO OK: Microsoft365　月額 → 通信費
2026-04-22 22:40:27,523 INFO OK: 振込　家賃　〇〇ビル管理 → 地代家賃
2026-04-22 22:40:27,524 INFO OK: 損保ジャパン　賠償責任保険 → 保険料
2026-04-22 22:40:27,525 INFO OK: 振込入金　ｽｽﾞｷｾｲｺｳ　スポット研修 → 普通預金
2026-04-22 22:40:27,526 INFO OK: Amazon　プリンタートナー → 消耗品費
2026-04-22 22:40:27,527 INFO OK: 振込　源泉所得税　3月分 → 預り金
2026-04-22 22:40:27,527 INFO OK: ﾌｧﾐﾘｰﾏｰﾄ → 消耗品費
2026-04-22 22:40:27,529 INFO OK: 振込入金　ﾅｺﾞﾔｺｰﾎﾟ　顧問料 → 普通預金
2026-04-22 22:40:27,530 INFO OK: 振込　〇〇社労士事務所　給与計算代行 → 支払報酬
2026-04-22 22:40:27,531 INFO OK: 〇〇商店　備品購入 → 消耗品費
2026-04-22 22:40:27,533 INFO 処理完了 | 総件数:51 OK:51 未判定:0 処理時間:0.05秒
2026-04-22 22:40:27,538 INFO CSV出力完了
2026-04-26 15:14:22,619 INFO === 仕訳生成開始 ===
2026-04-26 15:23:19,877 INFO === 仕訳生成開始 ===
2026-04-26 15:27:54,848 INFO === 仕訳生成開始 ===
2026-04-26 15:27:54,861 INFO 入力データ読み込み完了: 51行
2026-04-26 15:27:54,874 INFO OK: ヤマト運輸　振込 → 荷造運賃
2026-04-26 15:27:54,881 INFO OK: Amazon　消耗品購入 → 消耗品費
2026-04-26 15:27:54,883 INFO OK: 振込入金　ﾄｳｶｲｾｲｿﾞｳ　コンサル料 → 普通預金
2026-04-26 15:27:54,885 INFO OK: NTTｺﾐｭﾆｹｰｼｮﾝｽﾞ　電話料金 → 通信費
2026-04-26 15:27:54,887 INFO OK: 振込　ﾅｺﾞﾔｲﾝｻﾂ　名刺印刷 → 広告宣伝費
2026-04-26 15:27:54,889 INFO OK: セブンイレブン → 消耗品費
2026-04-26 15:27:54,891 INFO OK: Amazon　書籍購入 → 図書費
2026-04-26 15:27:54,894 INFO OK: 振込入金　ｺﾞｳﾄﾞｳｶｲｼｬｳｪｽﾄ　顧問料 → 普通預金
2026-04-26 15:27:54,896 INFO OK: JR東海　新幹線代 → 旅費交通費
2026-04-26 15:27:54,899 INFO OK: 名古屋市営地下鉄 → 旅費交通費
2026-04-26 15:27:54,901 INFO OK: 振込　ｵﾌｨｽﾖｳﾋﾝｾﾝﾀｰ → 消耗品費
2026-04-26 15:27:54,903 INFO OK: 楽天トラベル　出張ホテル代 → 旅費交通費
2026-04-26 15:27:54,905 INFO OK: 振込入金　ﾎｸﾘｸﾌｰｽﾞ　研修費 → 普通預金
2026-04-26 15:27:54,907 INFO OK: ローソン → 消耗品費
2026-04-26 15:27:54,909 INFO OK: Amazon　事務用品 → 消耗品費
2026-04-26 15:27:54,912 INFO OK: 中部電力　電気代 → 水道光熱費
2026-04-26 15:27:54,914 INFO OK: 振込　社会保険料　2月分 → 法定福利費
2026-04-26 15:27:54,917 INFO OK: 振込入金　ﾄｳﾎｳｼｽﾃﾑ　コンサル料 → 普通預金
2026-04-26 15:27:54,919 INFO OK: コメダ珈琲　打合せ → 会議費
2026-04-26 15:27:54,921 INFO OK: 振込　ｸﾘｴｲﾃｨﾌﾞﾃﾞｻﾞｲﾝ　資料作成 → 外注費
2026-04-26 15:27:54,923 INFO OK: 給与振込　ﾔﾏﾀﾞﾀﾛｳ → 給料手当
2026-04-26 15:27:54,925 INFO OK: 給与振込　ｽｽﾞｷﾊﾅｺ → 給料手当
2026-04-26 15:27:54,927 INFO OK: 給与振込　ﾀﾅｶｲﾁﾛｳ → 給料手当
2026-04-26 15:27:54,930 INFO OK: 振込入金　ﾐｴｹﾝｾﾂ　研修費 → 普通預金
2026-04-26 15:27:54,932 INFO OK: Amazon　PCアクセサリ → 消耗品費
2026-04-26 15:27:54,935 INFO OK: 東京ガス　ガス代 → 水道光熱費
2026-04-26 15:27:54,937 INFO OK: 振込　顧問弁護士費用　〇〇法律事務所 → 支払報酬
2026-04-26 15:27:54,939 INFO OK: マクドナルド → 会議費
2026-04-26 15:27:54,941 INFO OK: 振込入金　ｾﾐﾅｰ参加費　ﾔﾏﾓﾄ様 → 普通預金
2026-04-26 15:27:54,944 INFO OK: Zoom　月額利用料 → 通信費
2026-04-26 15:27:54,946 INFO OK: 振込入金　ｱｲﾁｼｮｳｼﾞ　コンサル料 → 普通預金
2026-04-26 15:27:54,949 INFO OK: コクヨ直販　文房具 → 消耗品費
2026-04-26 15:27:54,951 INFO OK: 振込　〇〇税理士事務所　顧問料 → 支払報酬
2026-04-26 15:27:54,953 INFO OK: 高速道路料金　NEXCO → 旅費交通費
2026-04-26 15:27:54,955 INFO OK: セブンイレブン → 消耗品費
2026-04-26 15:27:54,957 INFO OK: 振込入金　ﾄｳｶｲｾｲｿﾞｳ　2月分精算 → 普通預金
2026-04-26 15:27:54,959 INFO OK: Amazon　書籍 → 図書費
2026-04-26 15:27:54,962 INFO OK: 名鉄バス → 旅費交通費
2026-04-26 15:27:54,964 INFO OK: 振込　ﾐﾅﾐｲﾝｻﾂ　セミナー資料印刷 → 広告宣伝費
2026-04-26 15:27:54,966 INFO OK: ドトールコーヒー　打合せ → 会議費
2026-04-26 15:27:54,968 INFO OK: 振込入金　ｷﾞﾌﾃｯｸ　研修費 → 普通預金
2026-04-26 15:27:54,970 INFO OK: Microsoft365　月額 → 通信費
2026-04-26 15:27:54,972 INFO OK: 振込　家賃　〇〇ビル管理 → 地代家賃
2026-04-26 15:27:54,974 INFO OK: 損保ジャパン　賠償責任保険 → 保険料
2026-04-26 15:27:54,976 INFO OK: 振込入金　ｽｽﾞｷｾｲｺｳ　スポット研修 → 普通預金
2026-04-26 15:27:54,978 INFO OK: Amazon　プリンタートナー → 消耗品費
2026-04-26 15:27:54,980 INFO OK: 振込　源泉所得税　3月分 → 預り金
2026-04-26 15:27:54,982 INFO OK: ﾌｧﾐﾘｰﾏｰﾄ → 消耗品費
2026-04-26 15:27:54,984 INFO OK: 振込入金　ﾅｺﾞﾔｺｰﾎﾟ　顧問料 → 普通預金
2026-04-26 15:27:54,986 INFO OK: 振込　〇〇社労士事務所　給与計算代行 → 支払報酬
2026-04-26 15:27:54,988 INFO OK: 〇〇商店　備品購入 → 消耗品費
2026-04-26 15:27:54,992 INFO 処理完了 | 総件数:51 OK:51 未判定:0 処理時間:0.14秒
2026-04-26 15:27:54,998 INFO CSV出力完了
2026-04-26 15:58:49,079 INFO === 仕訳生成開始 ===
2026-04-26 15:58:49,079 INFO 実行モード: sample
2026-04-26 15:58:49,084 INFO 入力データ読み込み完了: 51行
2026-04-26 15:58:49,088 INFO OK: ヤマト運輸　振込 → 荷造運賃
2026-04-26 15:58:49,091 INFO OK: Amazon　消耗品購入 → 消耗品費
2026-04-26 15:58:49,094 INFO OK: 振込入金　ﾄｳｶｲｾｲｿﾞｳ　コンサル料 → 普通預金
2026-04-26 15:58:49,096 INFO OK: NTTｺﾐｭﾆｹｰｼｮﾝｽﾞ　電話料金 → 通信費
2026-04-26 15:58:49,098 INFO OK: 振込　ﾅｺﾞﾔｲﾝｻﾂ　名刺印刷 → 広告宣伝費
2026-04-26 15:58:49,100 INFO OK: セブンイレブン → 消耗品費
2026-04-26 15:58:49,102 INFO OK: Amazon　書籍購入 → 図書費
2026-04-26 15:58:49,104 INFO OK: 振込入金　ｺﾞｳﾄﾞｳｶｲｼｬｳｪｽﾄ　顧問料 → 普通預金
2026-04-26 15:58:49,106 INFO OK: JR東海　新幹線代 → 旅費交通費
2026-04-26 15:58:49,108 INFO OK: 名古屋市営地下鉄 → 旅費交通費
2026-04-26 15:58:49,110 INFO OK: 振込　ｵﾌｨｽﾖｳﾋﾝｾﾝﾀｰ → 消耗品費
2026-04-26 15:58:49,112 INFO OK: 楽天トラベル　出張ホテル代 → 旅費交通費
2026-04-26 15:58:49,115 INFO OK: 振込入金　ﾎｸﾘｸﾌｰｽﾞ　研修費 → 普通預金
2026-04-26 15:58:49,117 INFO OK: ローソン → 消耗品費
2026-04-26 15:58:49,119 INFO OK: Amazon　事務用品 → 消耗品費
2026-04-26 15:58:49,121 INFO OK: 中部電力　電気代 → 水道光熱費
2026-04-26 15:58:49,123 INFO OK: 振込　社会保険料　2月分 → 法定福利費
2026-04-26 15:58:49,125 INFO OK: 振込入金　ﾄｳﾎｳｼｽﾃﾑ　コンサル料 → 普通預金
2026-04-26 15:58:49,127 INFO OK: コメダ珈琲　打合せ → 会議費
2026-04-26 15:58:49,130 INFO OK: 振込　ｸﾘｴｲﾃｨﾌﾞﾃﾞｻﾞｲﾝ　資料作成 → 外注費
2026-04-26 15:58:49,132 INFO OK: 給与振込　ﾔﾏﾀﾞﾀﾛｳ → 給料手当
2026-04-26 15:58:49,134 INFO OK: 給与振込　ｽｽﾞｷﾊﾅｺ → 給料手当
2026-04-26 15:58:49,136 INFO OK: 給与振込　ﾀﾅｶｲﾁﾛｳ → 給料手当
2026-04-26 15:58:49,138 INFO OK: 振込入金　ﾐｴｹﾝｾﾂ　研修費 → 普通預金
2026-04-26 15:58:49,140 INFO OK: Amazon　PCアクセサリ → 消耗品費
2026-04-26 15:58:49,142 INFO OK: 東京ガス　ガス代 → 水道光熱費
2026-04-26 15:58:49,144 INFO OK: 振込　顧問弁護士費用　〇〇法律事務所 → 支払報酬
2026-04-26 15:58:49,146 INFO OK: マクドナルド → 会議費
2026-04-26 15:58:49,148 INFO OK: 振込入金　ｾﾐﾅｰ参加費　ﾔﾏﾓﾄ様 → 普通預金
2026-04-26 15:58:49,150 INFO OK: Zoom　月額利用料 → 通信費
2026-04-26 15:58:49,153 INFO OK: 振込入金　ｱｲﾁｼｮｳｼﾞ　コンサル料 → 普通預金
2026-04-26 15:58:49,155 INFO OK: コクヨ直販　文房具 → 消耗品費
2026-04-26 15:58:49,157 INFO OK: 振込　〇〇税理士事務所　顧問料 → 支払報酬
2026-04-26 15:58:49,159 INFO OK: 高速道路料金　NEXCO → 旅費交通費
2026-04-26 15:58:49,161 INFO OK: セブンイレブン → 消耗品費
2026-04-26 15:58:49,164 INFO OK: 振込入金　ﾄｳｶｲｾｲｿﾞｳ　2月分精算 → 普通預金
2026-04-26 15:58:49,166 INFO OK: Amazon　書籍 → 図書費
2026-04-26 15:58:49,168 INFO OK: 名鉄バス → 旅費交通費
2026-04-26 15:58:49,170 INFO OK: 振込　ﾐﾅﾐｲﾝｻﾂ　セミナー資料印刷 → 広告宣伝費
2026-04-26 15:58:49,171 INFO OK: ドトールコーヒー　打合せ → 会議費
2026-04-26 15:58:49,174 INFO OK: 振込入金　ｷﾞﾌﾃｯｸ　研修費 → 普通預金
2026-04-26 15:58:49,175 INFO OK: Microsoft365　月額 → 通信費
2026-04-26 15:58:49,178 INFO OK: 振込　家賃　〇〇ビル管理 → 地代家賃
2026-04-26 15:58:49,180 INFO OK: 損保ジャパン　賠償責任保険 → 保険料
2026-04-26 15:58:49,182 INFO OK: 振込入金　ｽｽﾞｷｾｲｺｳ　スポット研修 → 普通預金
2026-04-26 15:58:49,184 INFO OK: Amazon　プリンタートナー → 消耗品費
2026-04-26 15:58:49,186 INFO OK: 振込　源泉所得税　3月分 → 預り金
2026-04-26 15:58:49,188 INFO OK: ﾌｧﾐﾘｰﾏｰﾄ → 消耗品費
2026-04-26 15:58:49,190 INFO OK: 振込入金　ﾅｺﾞﾔｺｰﾎﾟ　顧問料 → 普通預金
2026-04-26 15:58:49,192 INFO OK: 振込　〇〇社労士事務所　給与計算代行 → 支払報酬
2026-04-26 15:58:49,194 INFO OK: 〇〇商店　備品購入 → 消耗品費
2026-04-26 15:58:49,198 INFO 処理完了 | 総件数:51 OK:51 未判定:0 処理時間:0.12秒
2026-04-26 15:58:49,203 INFO CSV出力完了
2026-04-26 16:09:58,233 INFO === 仕訳生成開始 ===
2026-04-26 16:09:58,233 INFO 実行モード: sample
2026-04-26 16:09:58,238 INFO 入力データ読み込み完了: 51行
2026-04-26 16:09:58,243 INFO OK: ヤマト運輸　振込 → 荷造運賃
2026-04-26 16:09:58,246 INFO OK: Amazon　消耗品購入 → 消耗品費
2026-04-26 16:09:58,248 INFO OK: 振込入金　ﾄｳｶｲｾｲｿﾞｳ　コンサル料 → 普通預金
2026-04-26 16:09:58,250 INFO OK: NTTｺﾐｭﾆｹｰｼｮﾝｽﾞ　電話料金 → 通信費
2026-04-26 16:09:58,252 INFO OK: 振込　ﾅｺﾞﾔｲﾝｻﾂ　名刺印刷 → 広告宣伝費
2026-04-26 16:09:58,254 INFO OK: セブンイレブン → 消耗品費
2026-04-26 16:09:58,256 INFO OK: Amazon　書籍購入 → 図書費
2026-04-26 16:09:58,258 INFO OK: 振込入金　ｺﾞｳﾄﾞｳｶｲｼｬｳｪｽﾄ　顧問料 → 普通預金
2026-04-26 16:09:58,260 INFO OK: JR東海　新幹線代 → 旅費交通費
2026-04-26 16:09:58,264 INFO OK: 名古屋市営地下鉄 → 旅費交通費
2026-04-26 16:09:58,266 INFO OK: 振込　ｵﾌｨｽﾖｳﾋﾝｾﾝﾀｰ → 消耗品費
2026-04-26 16:09:58,268 INFO OK: 楽天トラベル　出張ホテル代 → 旅費交通費
2026-04-26 16:09:58,270 INFO OK: 振込入金　ﾎｸﾘｸﾌｰｽﾞ　研修費 → 普通預金
2026-04-26 16:09:58,273 INFO OK: ローソン → 消耗品費
2026-04-26 16:09:58,275 INFO OK: Amazon　事務用品 → 消耗品費
2026-04-26 16:09:58,277 INFO OK: 中部電力　電気代 → 水道光熱費
2026-04-26 16:09:58,280 INFO OK: 振込　社会保険料　2月分 → 法定福利費
2026-04-26 16:09:58,283 INFO OK: 振込入金　ﾄｳﾎｳｼｽﾃﾑ　コンサル料 → 普通預金
2026-04-26 16:09:58,285 INFO OK: コメダ珈琲　打合せ → 会議費
2026-04-26 16:09:58,288 INFO OK: 振込　ｸﾘｴｲﾃｨﾌﾞﾃﾞｻﾞｲﾝ　資料作成 → 外注費
2026-04-26 16:09:58,291 INFO OK: 給与振込　ﾔﾏﾀﾞﾀﾛｳ → 給料手当
2026-04-26 16:09:58,293 INFO OK: 給与振込　ｽｽﾞｷﾊﾅｺ → 給料手当
2026-04-26 16:09:58,295 INFO OK: 給与振込　ﾀﾅｶｲﾁﾛｳ → 給料手当
2026-04-26 16:09:58,298 INFO OK: 振込入金　ﾐｴｹﾝｾﾂ　研修費 → 普通預金
2026-04-26 16:09:58,300 INFO OK: Amazon　PCアクセサリ → 消耗品費
2026-04-26 16:09:58,302 INFO OK: 東京ガス　ガス代 → 水道光熱費
2026-04-26 16:09:58,304 INFO OK: 振込　顧問弁護士費用　〇〇法律事務所 → 支払報酬
2026-04-26 16:09:58,306 INFO OK: マクドナルド → 会議費
2026-04-26 16:09:58,308 INFO OK: 振込入金　ｾﾐﾅｰ参加費　ﾔﾏﾓﾄ様 → 普通預金
2026-04-26 16:09:58,310 INFO OK: Zoom　月額利用料 → 通信費
2026-04-26 16:09:58,313 INFO OK: 振込入金　ｱｲﾁｼｮｳｼﾞ　コンサル料 → 普通預金
2026-04-26 16:09:58,315 INFO OK: コクヨ直販　文房具 → 消耗品費
2026-04-26 16:09:58,317 INFO OK: 振込　〇〇税理士事務所　顧問料 → 支払報酬
2026-04-26 16:09:58,319 INFO OK: 高速道路料金　NEXCO → 旅費交通費
2026-04-26 16:09:58,321 INFO OK: セブンイレブン → 消耗品費
2026-04-26 16:09:58,324 INFO OK: 振込入金　ﾄｳｶｲｾｲｿﾞｳ　2月分精算 → 普通預金
2026-04-26 16:09:58,326 INFO OK: Amazon　書籍 → 図書費
2026-04-26 16:09:58,328 INFO OK: 名鉄バス → 旅費交通費
2026-04-26 16:09:58,331 INFO OK: 振込　ﾐﾅﾐｲﾝｻﾂ　セミナー資料印刷 → 広告宣伝費
2026-04-26 16:09:58,334 INFO OK: ドトールコーヒー　打合せ → 会議費
2026-04-26 16:09:58,336 INFO OK: 振込入金　ｷﾞﾌﾃｯｸ　研修費 → 普通預金
2026-04-26 16:09:58,338 INFO OK: Microsoft365　月額 → 通信費
2026-04-26 16:09:58,340 INFO OK: 振込　家賃　〇〇ビル管理 → 地代家賃
2026-04-26 16:09:58,343 INFO OK: 損保ジャパン　賠償責任保険 → 保険料
2026-04-26 16:09:58,346 INFO OK: 振込入金　ｽｽﾞｷｾｲｺｳ　スポット研修 → 普通預金
2026-04-26 16:09:58,349 INFO OK: Amazon　プリンタートナー → 消耗品費
2026-04-26 16:09:58,351 INFO OK: 振込　源泉所得税　3月分 → 預り金
2026-04-26 16:09:58,354 INFO OK: ﾌｧﾐﾘｰﾏｰﾄ → 消耗品費
2026-04-26 16:09:58,356 INFO OK: 振込入金　ﾅｺﾞﾔｺｰﾎﾟ　顧問料 → 普通預金
2026-04-26 16:09:58,358 INFO OK: 振込　〇〇社労士事務所　給与計算代行 → 支払報酬
2026-04-26 16:09:58,360 INFO OK: 〇〇商店　備品購入 → 消耗品費
2026-04-26 16:09:58,363 INFO 処理完了 | 総件数:51 OK:51 未判定:0 処理時間:0.13秒
2026-04-26 16:09:58,368 INFO CSV出力完了
2026-04-29 23:20:50,144 INFO === 仕訳生成開始 ===
2026-04-29 23:20:50,144 INFO 実行モード: sample
2026-04-29 23:20:50,150 INFO 入力データ読み込み完了: 51行
2026-04-29 23:20:50,156 INFO OK: ヤマト運輸　振込 → 荷造運賃
2026-04-29 23:20:50,159 INFO OK: Amazon → 消耗品費
2026-04-29 23:20:50,162 INFO OK: 振込入金　ﾄｳｶｲｾｲｿﾞｳ　コンサル料 → 普通預金
2026-04-29 23:20:50,165 INFO OK: NTTｺﾐｭﾆｹｰｼｮﾝｽﾞ　電話料金 → 通信費
2026-04-29 23:20:50,168 INFO OK: 振込　ﾅｺﾞﾔｲﾝｻﾂ　名刺印刷 → 広告宣伝費
2026-04-29 23:20:50,172 INFO OK: セブンイレブン → 消耗品費
2026-04-29 23:20:50,174 INFO OK: Amazon → 消耗品費
2026-04-29 23:20:50,178 INFO OK: 振込入金　ｺﾞｳﾄﾞｳｶｲｼｬｳｪｽﾄ　顧問料 → 普通預金
2026-04-29 23:20:50,182 INFO OK: JR東海　新幹線代 → 旅費交通費
2026-04-29 23:20:50,186 INFO OK: 名古屋市営地下鉄 → 旅費交通費
2026-04-29 23:20:50,189 INFO OK: 振込　ｵﾌｨｽﾖｳﾋﾝｾﾝﾀｰ → 消耗品費
2026-04-29 23:20:50,193 INFO OK: 楽天トラベル　出張ホテル代 → 旅費交通費
2026-04-29 23:20:50,197 INFO OK: 振込入金　ﾎｸﾘｸﾌｰｽﾞ　研修費 → 普通預金
2026-04-29 23:20:50,200 INFO OK: ローソン → 消耗品費
2026-04-29 23:20:50,202 INFO OK: Amazon → 消耗品費
2026-04-29 23:20:50,205 INFO OK: 中部電力　電気代 → 水道光熱費
2026-04-29 23:20:50,208 INFO OK: 振込　社会保険料　2月分 → 法定福利費
2026-04-29 23:20:50,212 INFO OK: 振込入金　ﾄｳﾎｳｼｽﾃﾑ　コンサル料 → 普通預金
2026-04-29 23:20:50,216 INFO OK: コメダ珈琲　打合せ → 会議費
2026-04-29 23:20:50,220 INFO OK: 振込　ｸﾘｴｲﾃｨﾌﾞﾃﾞｻﾞｲﾝ　資料作成 → 外注費
2026-04-29 23:20:50,223 INFO OK: 給与振込　ﾔﾏﾀﾞﾀﾛｳ → 給料手当
2026-04-29 23:20:50,228 INFO OK: 給与振込　ｽｽﾞｷﾊﾅｺ → 給料手当
2026-04-29 23:20:50,231 INFO OK: 給与振込　ﾀﾅｶｲﾁﾛｳ → 給料手当
2026-04-29 23:20:50,235 INFO OK: 振込入金　ﾐｴｹﾝｾﾂ　研修費 → 普通預金
2026-04-29 23:20:50,237 INFO OK: Amazon → 消耗品費
2026-04-29 23:20:50,241 INFO OK: 東京ガス　ガス代 → 水道光熱費
2026-04-29 23:20:50,244 INFO OK: 振込　顧問弁護士費用　〇〇法律事務所 → 支払報酬
2026-04-29 23:20:50,248 INFO OK: マクドナルド → 会議費
2026-04-29 23:20:50,251 INFO OK: 振込入金　ｾﾐﾅｰ参加費　ﾔﾏﾓﾄ様 → 普通預金
2026-04-29 23:20:50,255 INFO OK: Zoom　月額利用料 → 通信費
2026-04-29 23:20:50,259 INFO OK: 振込入金　ｱｲﾁｼｮｳｼﾞ　コンサル料 → 普通預金
2026-04-29 23:20:50,263 INFO OK: コクヨ直販　文房具 → 消耗品費
2026-04-29 23:20:50,266 INFO OK: 振込　〇〇税理士事務所　顧問料 → 支払報酬
2026-04-29 23:20:50,269 INFO OK: 高速道路料金　NEXCO → 旅費交通費
2026-04-29 23:20:50,272 INFO OK: セブンイレブン → 消耗品費
2026-04-29 23:20:50,275 INFO OK: 振込入金　ﾄｳｶｲｾｲｿﾞｳ　2月分精算 → 普通預金
2026-04-29 23:20:50,279 INFO OK: Amazon → 消耗品費
2026-04-29 23:20:50,282 INFO OK: 名鉄バス → 旅費交通費
2026-04-29 23:20:50,286 INFO OK: 振込　ﾐﾅﾐｲﾝｻﾂ　セミナー資料印刷 → 広告宣伝費
2026-04-29 23:20:50,289 INFO OK: ドトールコーヒー　打合せ → 会議費
2026-04-29 23:20:50,293 INFO OK: 振込入金　ｷﾞﾌﾃｯｸ　研修費 → 普通預金
2026-04-29 23:20:50,297 INFO OK: Microsoft365　月額 → 通信費
2026-04-29 23:20:50,300 INFO OK: 家賃 → 地代家賃
2026-04-29 23:20:50,304 INFO OK: 損保ジャパン　賠償責任保険 → 保険料
2026-04-29 23:20:50,307 INFO OK: 振込入金　ｽｽﾞｷｾｲｺｳ　スポット研修 → 普通預金
2026-04-29 23:20:50,310 INFO OK: Amazon → 消耗品費
2026-04-29 23:20:50,315 INFO OK: 振込　源泉所得税　3月分 → 預り金
2026-04-29 23:20:50,318 INFO OK: ﾌｧﾐﾘｰﾏｰﾄ → 消耗品費
2026-04-29 23:20:50,321 INFO OK: 振込入金　ﾅｺﾞﾔｺｰﾎﾟ　顧問料 → 普通預金
2026-04-29 23:20:50,324 INFO OK: 振込　〇〇社労士事務所　給与計算代行 → 支払報酬
2026-04-29 23:20:50,328 INFO OK: 〇〇商店　備品購入 → 消耗品費
2026-04-29 23:20:50,332 INFO 処理完了 | 総件数:51 OK:51 未判定:0 処理時間:0.19秒
2026-04-29 23:20:50,337 INFO CSV出力完了
2026-04-29 23:32:05,577 INFO === 仕訳生成開始 ===
2026-04-29 23:32:05,577 INFO 実行モード: sample
2026-04-29 23:34:45,183 INFO === 仕訳生成開始 ===
2026-04-29 23:34:45,183 INFO 実行モード: sample
2026-04-29 23:34:45,191 INFO 入力データ読み込み完了: 51行
2026-04-29 23:34:45,197 INFO OK: ヤマト運輸　振込 → 荷造運賃
2026-04-29 23:34:45,200 INFO OK: Amazon → 消耗品費
2026-04-29 23:34:45,203 INFO OK: 振込入金　ﾄｳｶｲｾｲｿﾞｳ　コンサル料 → 普通預金
2026-04-29 23:34:45,207 INFO OK: NTTｺﾐｭﾆｹｰｼｮﾝｽﾞ　電話料金 → 通信費
2026-04-29 23:34:45,212 INFO OK: 振込　ﾅｺﾞﾔｲﾝｻﾂ　名刺印刷 → 広告宣伝費
2026-04-29 23:34:45,216 INFO OK: セブンイレブン → 消耗品費
2026-04-29 23:34:45,219 INFO OK: Amazon → 消耗品費
2026-04-29 23:34:45,222 INFO OK: 振込入金　ｺﾞｳﾄﾞｳｶｲｼｬｳｪｽﾄ　顧問料 → 普通預金
2026-04-29 23:34:45,225 INFO OK: JR東海　新幹線代 → 旅費交通費
2026-04-29 23:34:45,229 INFO OK: 名古屋市営地下鉄 → 旅費交通費
2026-04-29 23:34:45,233 INFO OK: 振込　ｵﾌｨｽﾖｳﾋﾝｾﾝﾀｰ → 消耗品費
2026-04-29 23:34:45,236 INFO OK: 楽天トラベル　出張ホテル代 → 旅費交通費
2026-04-29 23:34:45,239 INFO OK: 振込入金　ﾎｸﾘｸﾌｰｽﾞ　研修費 → 普通預金
2026-04-29 23:34:45,242 INFO OK: ローソン → 消耗品費
2026-04-29 23:34:45,245 INFO OK: Amazon → 消耗品費
2026-04-29 23:34:45,249 INFO OK: 中部電力　電気代 → 水道光熱費
2026-04-29 23:34:45,252 INFO OK: 振込　社会保険料　2月分 → 法定福利費
2026-04-29 23:34:45,256 INFO OK: 振込入金　ﾄｳﾎｳｼｽﾃﾑ　コンサル料 → 普通預金
2026-04-29 23:34:45,259 INFO OK: コメダ珈琲　打合せ → 会議費
2026-04-29 23:34:45,264 INFO OK: 振込　ｸﾘｴｲﾃｨﾌﾞﾃﾞｻﾞｲﾝ　資料作成 → 外注費
2026-04-29 23:34:45,268 INFO OK: 給与振込　ﾔﾏﾀﾞﾀﾛｳ → 給料手当
2026-04-29 23:34:45,271 INFO OK: 給与振込　ｽｽﾞｷﾊﾅｺ → 給料手当
2026-04-29 23:34:45,274 INFO OK: 給与振込　ﾀﾅｶｲﾁﾛｳ → 給料手当
2026-04-29 23:34:45,279 INFO OK: 振込入金　ﾐｴｹﾝｾﾂ　研修費 → 普通預金
2026-04-29 23:34:45,282 INFO OK: Amazon → 消耗品費
2026-04-29 23:34:45,285 INFO OK: 東京ガス　ガス代 → 水道光熱費
2026-04-29 23:34:45,289 INFO OK: 振込　顧問弁護士費用　〇〇法律事務所 → 支払報酬
2026-04-29 23:34:45,292 INFO OK: マクドナルド → 会議費
2026-04-29 23:34:45,296 INFO OK: 振込入金　ｾﾐﾅｰ参加費　ﾔﾏﾓﾄ様 → 普通預金
2026-04-29 23:34:45,300 INFO OK: Zoom　月額利用料 → 通信費
2026-04-29 23:34:45,304 INFO OK: 振込入金　ｱｲﾁｼｮｳｼﾞ　コンサル料 → 普通預金
2026-04-29 23:34:45,308 INFO OK: コクヨ直販　文房具 → 消耗品費
2026-04-29 23:34:45,312 INFO OK: 振込　〇〇税理士事務所　顧問料 → 支払報酬
2026-04-29 23:34:45,315 INFO OK: 高速道路料金　NEXCO → 旅費交通費
2026-04-29 23:34:45,318 INFO OK: セブンイレブン → 消耗品費
2026-04-29 23:34:45,322 INFO OK: 振込入金　ﾄｳｶｲｾｲｿﾞｳ　2月分精算 → 普通預金
2026-04-29 23:34:45,324 INFO OK: Amazon → 消耗品費
2026-04-29 23:34:45,328 INFO OK: 名鉄バス → 旅費交通費
2026-04-29 23:34:45,331 INFO OK: 振込　ﾐﾅﾐｲﾝｻﾂ　セミナー資料印刷 → 広告宣伝費
2026-04-29 23:34:45,334 INFO OK: ドトールコーヒー　打合せ → 会議費
2026-04-29 23:34:45,338 INFO OK: 振込入金　ｷﾞﾌﾃｯｸ　研修費 → 普通預金
2026-04-29 23:34:45,341 INFO OK: Microsoft365　月額 → 通信費
2026-04-29 23:34:45,344 INFO OK: 家賃 → 地代家賃
2026-04-29 23:34:45,348 INFO OK: 損保ジャパン　賠償責任保険 → 保険料
2026-04-29 23:34:45,351 INFO OK: 振込入金　ｽｽﾞｷｾｲｺｳ　スポット研修 → 普通預金
2026-04-29 23:34:45,354 INFO OK: Amazon → 消耗品費
2026-04-29 23:34:45,357 INFO OK: 振込　源泉所得税　3月分 → 預り金
2026-04-29 23:34:45,361 INFO OK: ﾌｧﾐﾘｰﾏｰﾄ → 消耗品費
2026-04-29 23:34:45,366 INFO OK: 振込入金　ﾅｺﾞﾔｺｰﾎﾟ　顧問料 → 普通預金
2026-04-29 23:34:45,369 INFO OK: 振込　〇〇社労士事務所　給与計算代行 → 支払報酬
2026-04-29 23:34:45,373 INFO OK: 〇〇商店　備品購入 → 消耗品費
2026-04-29 23:34:45,376 INFO 処理完了 | 総件数:51 OK:51 未判定:0 処理時間:0.19秒
2026-04-29 23:34:45,382 INFO CSV出力完了
2026-04-29 23:35:33,749 INFO === 仕訳生成開始 ===
2026-04-29 23:35:33,750 INFO 実行モード: input
2026-04-29 23:35:33,766 INFO 入力データ読み込み完了: 21行
2026-04-29 23:35:33,769 ERROR 処理失敗: DOCOMO | エラー: 'priority'
2026-04-29 23:35:33,772 ERROR 処理失敗: Amazon | エラー: 'priority'
2026-04-29 23:35:33,774 ERROR 処理失敗: ENEOS | エラー: 'priority'
2026-04-29 23:35:33,776 ERROR 処理失敗: 楽天カード | エラー: 'priority'
2026-04-29 23:35:33,779 ERROR 処理失敗: 家賃 | エラー: 'priority'
2026-04-29 23:35:33,781 ERROR 処理失敗: ソフトバンク | エラー: 'priority'
2026-04-29 23:35:33,783 ERROR 処理失敗: 楽天カード | エラー: 'priority'
2026-04-29 23:35:33,785 ERROR 処理失敗: リース料 | エラー: 'priority'
2026-04-29 23:35:33,787 ERROR 処理失敗: 税理士報酬 | エラー: 'priority'
2026-04-29 23:35:33,789 ERROR 処理失敗: セブンイレブン | エラー: 'priority'
2026-04-29 23:35:33,791 ERROR 処理失敗: 売上入金 | エラー: 'priority'
2026-04-29 23:35:33,794 ERROR 処理失敗: 雑収入 | エラー: 'priority'
2026-04-29 23:35:33,796 ERROR 処理失敗: ローソン | エラー: 'priority'
2026-04-29 23:35:33,798 WARNING 未判定: 謎の支払い | 理由: ルール未一致 | 候補: 
2026-04-29 23:35:33,800 WARNING 未判定: テスト | 理由: ルール未一致 | 候補: 
2026-04-29 23:35:33,801 WARNING 未判定:  | 理由: 摘要が空欄 | 候補: 
2026-04-29 23:35:33,802 ERROR 処理失敗: AMAZON | エラー: 'priority'
2026-04-29 23:35:33,805 ERROR 処理失敗: ENEOS | エラー: 'priority'
2026-04-29 23:35:33,807 ERROR 処理失敗: セブンイレブン | エラー: 'priority'
2026-04-29 23:35:33,809 ERROR 処理失敗: DOCOMO | エラー: 'priority'
2026-04-29 23:35:33,811 ERROR 処理失敗: 楽天カード | エラー: 'priority'
2026-04-29 23:35:33,815 INFO 処理完了 | 総件数:3 OK:0 未判定:3 処理時間:0.07秒
2026-04-29 23:35:33,822 INFO CSV出力完了
2026-04-29 23:37:09,980 INFO === 仕訳生成開始 ===
2026-04-29 23:37:09,980 INFO 実行モード: input
2026-04-29 23:37:09,990 INFO 入力データ読み込み完了: 21行
2026-04-29 23:37:09,993 ERROR 処理失敗: DOCOMO | エラー: 'priority'
2026-04-29 23:37:09,996 ERROR 処理失敗: Amazon | エラー: 'priority'
2026-04-29 23:37:09,998 ERROR 処理失敗: ENEOS | エラー: 'priority'
2026-04-29 23:37:10,000 ERROR 処理失敗: 楽天カード | エラー: 'priority'
2026-04-29 23:37:10,002 ERROR 処理失敗: 家賃 | エラー: 'priority'
2026-04-29 23:37:10,004 ERROR 処理失敗: ソフトバンク | エラー: 'priority'
2026-04-29 23:37:10,006 ERROR 処理失敗: 楽天カード | エラー: 'priority'
2026-04-29 23:37:10,008 ERROR 処理失敗: リース料 | エラー: 'priority'
2026-04-29 23:37:10,011 ERROR 処理失敗: 税理士報酬 | エラー: 'priority'
2026-04-29 23:37:10,013 ERROR 処理失敗: セブンイレブン | エラー: 'priority'
2026-04-29 23:37:10,016 ERROR 処理失敗: 売上入金 | エラー: 'priority'
2026-04-29 23:37:10,019 ERROR 処理失敗: 雑収入 | エラー: 'priority'
2026-04-29 23:37:10,022 ERROR 処理失敗: ローソン | エラー: 'priority'
2026-04-29 23:37:10,024 WARNING 未判定: 謎の支払い | 理由: ルール未一致 | 候補: 
2026-04-29 23:37:10,026 WARNING 未判定: テスト | 理由: ルール未一致 | 候補: 
2026-04-29 23:37:10,026 WARNING 未判定:  | 理由: 摘要が空欄 | 候補: 
2026-04-29 23:37:10,029 ERROR 処理失敗: AMAZON | エラー: 'priority'
2026-04-29 23:37:10,031 ERROR 処理失敗: ENEOS | エラー: 'priority'
2026-04-29 23:37:10,033 ERROR 処理失敗: セブンイレブン | エラー: 'priority'
2026-04-29 23:37:10,036 ERROR 処理失敗: DOCOMO | エラー: 'priority'
2026-04-29 23:37:10,038 ERROR 処理失敗: 楽天カード | エラー: 'priority'
2026-04-29 23:37:10,041 INFO 処理完了 | 総件数:3 OK:0 未判定:3 処理時間:0.06秒
2026-04-29 23:37:10,046 INFO CSV出力完了
2026-04-29 23:42:49,252 INFO === 仕訳生成開始 ===
2026-04-29 23:42:49,252 INFO 実行モード: input
2026-04-29 23:42:49,263 INFO 入力データ読み込み完了: 21行
2026-04-29 23:42:49,266 ERROR 処理失敗: DOCOMO | エラー: 'tax_category'
2026-04-29 23:42:49,270 ERROR 処理失敗: Amazon | エラー: 'tax_category'
2026-04-29 23:42:49,273 ERROR 処理失敗: ENEOS | エラー: 'tax_category'
2026-04-29 23:42:49,276 ERROR 処理失敗: 楽天カード | エラー: 'tax_category'
2026-04-29 23:42:49,280 ERROR 処理失敗: 家賃 | エラー: 'tax_category'
2026-04-29 23:42:49,283 ERROR 処理失敗: ソフトバンク | エラー: 'tax_category'
2026-04-29 23:42:49,287 ERROR 処理失敗: 楽天カード | エラー: 'tax_category'
2026-04-29 23:42:49,290 ERROR 処理失敗: リース料 | エラー: 'tax_category'
2026-04-29 23:42:49,294 ERROR 処理失敗: 税理士報酬 | エラー: 'tax_category'
2026-04-29 23:42:49,298 ERROR 処理失敗: セブンイレブン | エラー: 'tax_category'
2026-04-29 23:42:49,301 ERROR 処理失敗: 売上入金 | エラー: 'tax_category'
2026-04-29 23:42:49,305 ERROR 処理失敗: 雑収入 | エラー: 'tax_category'
2026-04-29 23:42:49,308 ERROR 処理失敗: ローソン | エラー: 'tax_category'
2026-04-29 23:42:49,312 WARNING 未判定: 謎の支払い | 理由: ルール未一致 | 候補: 
2026-04-29 23:42:49,315 WARNING 未判定: テスト | 理由: ルール未一致 | 候補: 
2026-04-29 23:42:49,315 WARNING 未判定:  | 理由: 摘要が空欄 | 候補: 
2026-04-29 23:42:49,318 ERROR 処理失敗: AMAZON | エラー: 'tax_category'
2026-04-29 23:42:49,321 ERROR 処理失敗: ENEOS | エラー: 'tax_category'
2026-04-29 23:42:49,324 ERROR 処理失敗: セブンイレブン | エラー: 'tax_category'
2026-04-29 23:42:49,326 ERROR 処理失敗: DOCOMO | エラー: 'tax_category'
2026-04-29 23:42:49,330 ERROR 処理失敗: 楽天カード | エラー: 'tax_category'
2026-04-29 23:42:49,332 INFO 処理完了 | 総件数:3 OK:0 未判定:3 処理時間:0.08秒
2026-04-29 23:42:49,337 INFO CSV出力完了
2026-04-29 23:45:36,126 INFO === 仕訳生成開始 ===
2026-04-29 23:45:36,126 INFO 実行モード: input
2026-04-29 23:45:36,136 INFO 入力データ読み込み完了: 21行
2026-04-29 23:45:36,141 ERROR 処理失敗: DOCOMO | エラー: 'tax_category'
2026-04-29 23:45:36,145 ERROR 処理失敗: Amazon | エラー: 'tax_category'
2026-04-29 23:45:36,148 ERROR 処理失敗: ENEOS | エラー: 'tax_category'
2026-04-29 23:45:36,151 ERROR 処理失敗: 楽天カード | エラー: 'tax_category'
2026-04-29 23:45:36,155 ERROR 処理失敗: 家賃 | エラー: 'tax_category'
2026-04-29 23:45:36,158 ERROR 処理失敗: ソフトバンク | エラー: 'tax_category'
2026-04-29 23:45:36,161 ERROR 処理失敗: 楽天カード | エラー: 'tax_category'
2026-04-29 23:45:36,165 ERROR 処理失敗: リース料 | エラー: 'tax_category'
2026-04-29 23:45:36,168 ERROR 処理失敗: 税理士報酬 | エラー: 'tax_category'
2026-04-29 23:45:36,172 ERROR 処理失敗: セブンイレブン | エラー: 'tax_category'
2026-04-29 23:45:36,175 ERROR 処理失敗: 売上入金 | エラー: 'tax_category'
2026-04-29 23:45:36,180 ERROR 処理失敗: 雑収入 | エラー: 'tax_category'
2026-04-29 23:45:36,183 ERROR 処理失敗: ローソン | エラー: 'tax_category'
2026-04-29 23:45:36,186 WARNING 未判定: 謎の支払い | 理由: ルール未一致 | 候補: 
2026-04-29 23:45:36,189 WARNING 未判定: テスト | 理由: ルール未一致 | 候補: 
2026-04-29 23:45:36,189 WARNING 未判定:  | 理由: 摘要が空欄 | 候補: 
2026-04-29 23:45:36,191 ERROR 処理失敗: AMAZON | エラー: 'tax_category'
2026-04-29 23:45:36,194 ERROR 処理失敗: ENEOS | エラー: 'tax_category'
2026-04-29 23:45:36,198 ERROR 処理失敗: セブンイレブン | エラー: 'tax_category'
2026-04-29 23:45:36,200 ERROR 処理失敗: DOCOMO | エラー: 'tax_category'
2026-04-29 23:45:36,203 ERROR 処理失敗: 楽天カード | エラー: 'tax_category'
2026-04-29 23:45:36,206 INFO 処理完了 | 総件数:3 OK:0 未判定:3 処理時間:0.08秒
2026-04-29 23:45:36,210 INFO CSV出力完了
2026-04-29 23:45:47,565 INFO === 仕訳生成開始 ===
2026-04-29 23:45:47,565 INFO 実行モード: input
2026-04-29 23:45:47,575 INFO 入力データ読み込み完了: 21行
2026-04-29 23:45:47,580 ERROR 処理失敗: DOCOMO | エラー: 'tax_category'
2026-04-29 23:45:47,583 ERROR 処理失敗: Amazon | エラー: 'tax_category'
2026-04-29 23:45:47,586 ERROR 処理失敗: ENEOS | エラー: 'tax_category'
2026-04-29 23:45:47,589 ERROR 処理失敗: 楽天カード | エラー: 'tax_category'
2026-04-29 23:45:47,592 ERROR 処理失敗: 家賃 | エラー: 'tax_category'
2026-04-29 23:45:47,595 ERROR 処理失敗: ソフトバンク | エラー: 'tax_category'
2026-04-29 23:45:47,599 ERROR 処理失敗: 楽天カード | エラー: 'tax_category'
2026-04-29 23:45:47,602 ERROR 処理失敗: リース料 | エラー: 'tax_category'
2026-04-29 23:45:47,605 ERROR 処理失敗: 税理士報酬 | エラー: 'tax_category'
2026-04-29 23:45:47,608 ERROR 処理失敗: セブンイレブン | エラー: 'tax_category'
2026-04-29 23:45:47,612 ERROR 処理失敗: 売上入金 | エラー: 'tax_category'
2026-04-29 23:45:47,616 ERROR 処理失敗: 雑収入 | エラー: 'tax_category'
2026-04-29 23:45:47,619 ERROR 処理失敗: ローソン | エラー: 'tax_category'
2026-04-29 23:45:47,622 WARNING 未判定: 謎の支払い | 理由: ルール未一致 | 候補: 
2026-04-29 23:45:47,625 WARNING 未判定: テスト | 理由: ルール未一致 | 候補: 
2026-04-29 23:45:47,625 WARNING 未判定:  | 理由: 摘要が空欄 | 候補: 
2026-04-29 23:45:47,628 ERROR 処理失敗: AMAZON | エラー: 'tax_category'
2026-04-29 23:45:47,631 ERROR 処理失敗: ENEOS | エラー: 'tax_category'
2026-04-29 23:45:47,634 ERROR 処理失敗: セブンイレブン | エラー: 'tax_category'
2026-04-29 23:45:47,637 ERROR 処理失敗: DOCOMO | エラー: 'tax_category'
2026-04-29 23:45:47,640 ERROR 処理失敗: 楽天カード | エラー: 'tax_category'
2026-04-29 23:45:47,642 INFO 処理完了 | 総件数:3 OK:0 未判定:3 処理時間:0.08秒
2026-04-29 23:45:47,648 INFO CSV出力完了
2026-04-29 23:47:14,763 INFO === 仕訳生成開始 ===
2026-04-29 23:47:14,763 INFO 実行モード: input
2026-04-29 23:47:14,773 INFO 入力データ読み込み完了: 21行
2026-04-29 23:47:14,778 INFO OK: DOCOMO → 通信費
2026-04-29 23:47:14,781 INFO OK: Amazon → 消耗品費
2026-04-29 23:47:14,785 INFO OK: ENEOS → 車両費
2026-04-29 23:47:14,788 INFO OK: 楽天カード → 未払金
2026-04-29 23:47:14,792 INFO OK: 家賃 → 地代家賃
2026-04-29 23:47:14,794 INFO OK: ソフトバンク → 通信費
2026-04-29 23:47:14,798 INFO OK: 楽天カード → 未払金
2026-04-29 23:47:14,802 INFO OK: リース料 → リース料
2026-04-29 23:47:14,806 INFO OK: 税理士報酬 → 支払報酬
2026-04-29 23:47:14,809 INFO OK: セブンイレブン → 福利厚生費
2026-04-29 23:47:14,813 INFO OK: 売上入金 → 普通預金
2026-04-29 23:47:14,817 INFO OK: 雑収入 → 普通預金
2026-04-29 23:47:14,820 INFO OK: ローソン → 福利厚生費
2026-04-29 23:47:14,823 WARNING 未判定: 謎の支払い | 理由: ルール未一致 | 候補: 
2026-04-29 23:47:14,825 WARNING 未判定: テスト | 理由: ルール未一致 | 候補: 
2026-04-29 23:47:14,825 WARNING 未判定:  | 理由: 摘要が空欄 | 候補: 
2026-04-29 23:47:14,828 INFO OK: Amazon → 消耗品費
2026-04-29 23:47:14,832 INFO OK: ENEOS → 車両費
2026-04-29 23:47:14,835 INFO OK: セブンイレブン → 福利厚生費
2026-04-29 23:47:14,838 INFO OK: DOCOMO → 通信費
2026-04-29 23:47:14,841 INFO OK: 楽天カード → 未払金
2026-04-29 23:47:14,844 INFO 処理完了 | 総件数:21 OK:18 未判定:3 処理時間:0.08秒
2026-04-29 23:47:14,850 INFO CSV出力完了
2026-04-29 23:56:22,674 INFO === 仕訳生成開始 ===
2026-04-29 23:56:22,675 INFO 実行モード: input
2026-04-29 23:56:22,686 INFO 入力データ読み込み完了: 21行
2026-04-29 23:56:22,690 INFO OK: DOCOMO → 通信費
2026-04-29 23:56:22,694 INFO OK: Amazon → 消耗品費
2026-04-29 23:56:22,697 INFO OK: ENEOS → 車両費
2026-04-29 23:56:22,700 INFO OK: 楽天カード → 未払金
2026-04-29 23:56:22,703 INFO OK: 家賃 → 地代家賃
2026-04-29 23:56:22,706 INFO OK: ソフトバンク → 通信費
2026-04-29 23:56:22,709 INFO OK: 楽天カード → 未払金
2026-04-29 23:56:22,712 INFO OK: リース料 → リース料
2026-04-29 23:56:22,716 INFO OK: 税理士報酬 → 支払報酬
2026-04-29 23:56:22,720 INFO OK: セブンイレブン → 福利厚生費
2026-04-29 23:56:22,723 INFO OK: 売上入金 → 普通預金
2026-04-29 23:56:22,728 INFO OK: 雑収入 → 普通預金
2026-04-29 23:56:22,732 INFO OK: ローソン → 福利厚生費
2026-04-29 23:56:22,735 WARNING 未判定: 謎の支払い | 理由: ルール未一致 | 候補: 
2026-04-29 23:56:22,738 WARNING 未判定: テスト | 理由: ルール未一致 | 候補: 
2026-04-29 23:56:22,738 WARNING 未判定:  | 理由: 摘要が空欄 | 候補: 
2026-04-29 23:56:22,740 INFO OK: Amazon → 消耗品費
2026-04-29 23:56:22,743 INFO OK: ENEOS → 車両費
2026-04-29 23:56:22,747 INFO OK: セブンイレブン → 福利厚生費
2026-04-29 23:56:22,750 INFO OK: DOCOMO → 通信費
2026-04-29 23:56:22,752 INFO OK: 楽天カード → 未払金
2026-04-29 23:56:22,755 INFO 処理完了 | 総件数:21 OK:18 未判定:3 処理時間:0.08秒
2026-04-29 23:56:22,761 INFO CSV出力完了
2026-04-30 23:13:21,889 INFO === 仕訳生成開始 ===
2026-04-30 23:13:21,889 INFO 実行モード: input
2026-04-30 23:13:21,900 INFO 入力データ読み込み完了: 21行
2026-04-30 23:13:21,909 INFO OK: DOCOMO → 通信費
2026-04-30 23:13:21,912 INFO OK: Amazon → 消耗品費
2026-04-30 23:13:21,916 INFO OK: ENEOS → 車両費
2026-04-30 23:13:21,919 INFO OK: 楽天カード → 未払金
2026-04-30 23:13:21,923 INFO OK: 家賃 → 地代家賃
2026-04-30 23:13:21,926 INFO OK: ソフトバンク → 通信費
2026-04-30 23:13:21,930 INFO OK: 楽天カード → 未払金
2026-04-30 23:13:21,934 INFO OK: リース料 → リース料
2026-04-30 23:13:21,938 INFO OK: 税理士報酬 → 支払報酬
2026-04-30 23:13:21,942 INFO OK: セブンイレブン → 福利厚生費
2026-04-30 23:13:21,946 INFO OK: 売上入金 → 普通預金
2026-04-30 23:13:21,950 INFO OK: 雑収入 → 普通預金
2026-04-30 23:13:21,954 INFO OK: ローソン → 福利厚生費
2026-04-30 23:13:21,958 WARNING 未判定: 謎の支払い | 理由: ルール未一致 | 候補: 
2026-04-30 23:13:21,961 WARNING 未判定: テスト | 理由: ルール未一致 | 候補: 
2026-04-30 23:13:21,961 WARNING 未判定:  | 理由: 摘要が空欄 | 候補: 
2026-04-30 23:13:21,964 INFO OK: Amazon → 消耗品費
2026-04-30 23:13:21,967 INFO OK: ENEOS → 車両費
2026-04-30 23:13:21,971 INFO OK: セブンイレブン → 福利厚生費
2026-04-30 23:13:21,974 INFO OK: DOCOMO → 通信費
2026-04-30 23:13:21,977 INFO OK: 楽天カード → 未払金
2026-04-30 23:13:21,980 INFO 処理完了 | 総件数:21 OK:18 未判定:3 処理時間:0.09秒
2026-04-30 23:13:21,986 INFO CSV出力完了
2026-04-30 23:13:56,620 INFO === 仕訳生成開始 ===
2026-04-30 23:13:56,620 INFO 実行モード: input
2026-04-30 23:13:56,631 INFO 入力データ読み込み完了: 22行
2026-04-30 23:13:56,635 INFO OK: DOCOMO → 通信費
2026-04-30 23:13:56,639 INFO OK: Amazon → 消耗品費
2026-04-30 23:13:56,642 INFO OK: ENEOS → 車両費
2026-04-30 23:13:56,645 INFO OK: 楽天カード → 未払金
2026-04-30 23:13:56,648 INFO OK: 家賃 → 地代家賃
2026-04-30 23:13:56,651 INFO OK: ソフトバンク → 通信費
2026-04-30 23:13:56,655 INFO OK: 楽天カード → 未払金
2026-04-30 23:13:56,658 INFO OK: リース料 → リース料
2026-04-30 23:13:56,662 INFO OK: 税理士報酬 → 支払報酬
2026-04-30 23:13:56,665 INFO OK: セブンイレブン → 福利厚生費
2026-04-30 23:13:56,668 INFO OK: 売上入金 → 普通預金
2026-04-30 23:13:56,672 INFO OK: 雑収入 → 普通預金
2026-04-30 23:13:56,676 INFO OK: ローソン → 福利厚生費
2026-04-30 23:13:56,679 WARNING 未判定: 謎の支払い | 理由: ルール未一致 | 候補: 
2026-04-30 23:13:56,682 WARNING 未判定: テスト | 理由: ルール未一致 | 候補: 
2026-04-30 23:13:56,682 WARNING 未判定:  | 理由: 摘要が空欄 | 候補: 
2026-04-30 23:13:56,684 WARNING 未判定: ファミリーマート | 理由: ルール未一致 | 候補: 
2026-04-30 23:13:56,688 INFO OK: Amazon → 消耗品費
2026-04-30 23:13:56,691 INFO OK: ENEOS → 車両費
2026-04-30 23:13:56,694 INFO OK: セブンイレブン → 福利厚生費
2026-04-30 23:13:56,697 INFO OK: DOCOMO → 通信費
2026-04-30 23:13:56,700 INFO OK: 楽天カード → 未払金
2026-04-30 23:13:56,703 INFO 処理完了 | 総件数:22 OK:18 未判定:4 処理時間:0.08秒
2026-04-30 23:13:56,710 INFO CSV出力完了
2026-04-30 23:14:50,741 INFO === 仕訳生成開始 ===
2026-04-30 23:14:50,742 INFO 実行モード: input
2026-04-30 23:14:50,752 INFO 入力データ読み込み完了: 22行
2026-04-30 23:14:50,756 INFO OK: DOCOMO → 通信費
2026-04-30 23:14:50,759 INFO OK: Amazon → 消耗品費
2026-04-30 23:14:50,763 INFO OK: ENEOS → 車両費
2026-04-30 23:14:50,766 INFO OK: 楽天カード → 未払金
2026-04-30 23:14:50,770 INFO OK: 家賃 → 地代家賃
2026-04-30 23:14:50,774 INFO OK: ソフトバンク → 通信費
2026-04-30 23:14:50,778 INFO OK: 楽天カード → 未払金
2026-04-30 23:14:50,781 INFO OK: リース料 → リース料
2026-04-30 23:14:50,785 INFO OK: 税理士報酬 → 支払報酬
2026-04-30 23:14:50,789 INFO OK: セブンイレブン → 福利厚生費
2026-04-30 23:14:50,793 INFO OK: 売上入金 → 普通預金
2026-04-30 23:14:50,797 INFO OK: 雑収入 → 普通預金
2026-04-30 23:14:50,800 INFO OK: ローソン → 福利厚生費
2026-04-30 23:14:50,803 WARNING 未判定: 謎の支払い | 理由: ルール未一致 | 候補: 
2026-04-30 23:14:50,806 WARNING 未判定: テスト | 理由: ルール未一致 | 候補: 
2026-04-30 23:14:50,807 WARNING 未判定:  | 理由: 摘要が空欄 | 候補: 
2026-04-30 23:14:50,810 INFO OK: ファミリーマート → 普通預金
2026-04-30 23:14:50,813 INFO OK: Amazon → 消耗品費
2026-04-30 23:14:50,816 INFO OK: ENEOS → 車両費
2026-04-30 23:14:50,819 INFO OK: セブンイレブン → 福利厚生費
2026-04-30 23:14:50,823 INFO OK: DOCOMO → 通信費
2026-04-30 23:14:50,826 INFO OK: 楽天カード → 未払金
2026-04-30 23:14:50,829 INFO 処理完了 | 総件数:22 OK:19 未判定:3 処理時間:0.09秒
2026-04-30 23:14:50,835 INFO CSV出力完了
2026-04-30 23:20:05,141 INFO === 仕訳生成開始 ===
2026-04-30 23:20:05,141 INFO 実行モード: input
2026-04-30 23:20:05,152 INFO 入力データ読み込み完了: 22行
2026-04-30 23:20:05,157 INFO OK: DOCOMO → 通信費
2026-04-30 23:20:05,160 INFO OK: Amazon → 消耗品費
2026-04-30 23:20:05,163 INFO OK: ENEOS → 車両費
2026-04-30 23:20:05,166 INFO OK: 楽天カード → 未払金
2026-04-30 23:20:05,169 INFO OK: 家賃 → 地代家賃
2026-04-30 23:20:05,173 INFO OK: ソフトバンク → 通信費
2026-04-30 23:20:05,176 INFO OK: 楽天カード → 未払金
2026-04-30 23:20:05,180 INFO OK: リース料 → リース料
2026-04-30 23:20:05,184 INFO OK: 税理士報酬 → 支払報酬
2026-04-30 23:20:05,187 INFO OK: セブンイレブン → 福利厚生費
2026-04-30 23:20:05,191 INFO OK: 売上入金 → 普通預金
2026-04-30 23:20:05,195 INFO OK: 雑収入 → 普通預金
2026-04-30 23:20:05,198 INFO OK: ローソン → 福利厚生費
2026-04-30 23:20:05,201 WARNING 未判定: 謎の支払い | 理由: ルール未一致 | 候補: 
2026-04-30 23:20:05,204 WARNING 未判定: テスト | 理由: ルール未一致 | 候補: 
2026-04-30 23:20:05,204 WARNING 未判定:  | 理由: 摘要が空欄 | 候補: 
2026-04-30 23:20:05,208 INFO OK: コンビニ → 普通預金
2026-04-30 23:20:05,212 INFO OK: Amazon → 消耗品費
2026-04-30 23:20:05,215 INFO OK: ENEOS → 車両費
2026-04-30 23:20:05,218 INFO OK: セブンイレブン → 福利厚生費
2026-04-30 23:20:05,221 INFO OK: DOCOMO → 通信費
2026-04-30 23:20:05,224 INFO OK: 楽天カード → 未払金
2026-04-30 23:20:05,227 INFO 処理完了 | 総件数:22 OK:19 未判定:3 処理時間:0.09秒
2026-04-30 23:20:05,233 INFO CSV出力完了
2026-04-30 23:23:31,352 INFO === 仕訳生成開始 ===
2026-04-30 23:23:31,352 INFO 実行モード: input
2026-04-30 23:28:06,703 INFO === 仕訳生成開始 ===
2026-04-30 23:28:06,703 INFO 実行モード: input
2026-04-30 23:28:06,713 INFO 入力データ読み込み完了: 22行
2026-04-30 23:28:06,718 INFO OK: DOCOMO → 通信費
2026-04-30 23:28:06,721 INFO OK: Amazon → 消耗品費
2026-04-30 23:28:06,724 INFO OK: ENEOS → 車両費
2026-04-30 23:28:06,728 INFO OK: 楽天カード → 未払金
2026-04-30 23:28:06,732 INFO OK: 家賃 → 地代家賃
2026-04-30 23:28:06,735 INFO OK: ソフトバンク → 通信費
2026-04-30 23:28:06,738 INFO OK: 楽天カード → 未払金
2026-04-30 23:28:06,742 INFO OK: リース料 → リース料
2026-04-30 23:28:06,746 INFO OK: 税理士報酬 → 支払報酬
2026-04-30 23:28:06,749 INFO OK: セブンイレブン → 福利厚生費
2026-04-30 23:28:06,752 INFO OK: 売上入金 → 普通預金
2026-04-30 23:28:06,756 INFO OK: 雑収入 → 普通預金
2026-04-30 23:28:06,759 WARNING 未判定: ローソン | 理由: ルール未一致 | 候補: 
2026-04-30 23:28:06,762 WARNING 未判定: 謎の支払い | 理由: ルール未一致 | 候補: 
2026-04-30 23:28:06,765 WARNING 未判定: テスト | 理由: ルール未一致 | 候補: 
2026-04-30 23:28:06,765 WARNING 未判定:  | 理由: 摘要が空欄 | 候補: 
2026-04-30 23:28:06,769 INFO OK: コンビニ → 消耗品費
2026-04-30 23:28:06,772 INFO OK: Amazon → 消耗品費
2026-04-30 23:28:06,776 INFO OK: ENEOS → 車両費
2026-04-30 23:28:06,779 INFO OK: セブンイレブン → 福利厚生費
2026-04-30 23:28:06,782 INFO OK: DOCOMO → 通信費
2026-04-30 23:28:06,785 INFO OK: 楽天カード → 未払金
2026-04-30 23:28:06,788 INFO 処理完了 | 総件数:22 OK:18 未判定:4 処理時間:0.08秒
2026-04-30 23:28:06,794 INFO CSV出力完了
2026-04-30 23:35:33,563 INFO === 仕訳生成開始 ===
2026-04-30 23:35:33,563 INFO 実行モード: input
2026-04-30 23:35:33,574 INFO 入力データ読み込み完了: 22行
2026-04-30 23:35:33,578 INFO OK: DOCOMO → 通信費
2026-04-30 23:35:33,581 INFO OK: Amazon → 消耗品費
2026-04-30 23:35:33,584 INFO OK: ENEOS → 車両費
2026-04-30 23:35:33,587 INFO OK: 楽天カード → 未払金
2026-04-30 23:35:33,591 INFO OK: 家賃 → 地代家賃
2026-04-30 23:35:33,594 INFO OK: ソフトバンク → 通信費
2026-04-30 23:35:33,597 INFO OK: 楽天カード → 未払金
2026-04-30 23:35:33,601 INFO OK: リース料 → リース料
2026-04-30 23:35:33,604 INFO OK: 税理士報酬 → 支払報酬
2026-04-30 23:35:33,608 INFO OK: セブンイレブン → 福利厚生費
2026-04-30 23:35:33,612 INFO OK: 売上入金 → 普通預金
2026-04-30 23:35:33,615 INFO OK: 雑収入 → 普通預金
2026-04-30 23:35:33,618 WARNING 未判定: ローソン | 理由: ルール未一致 | 候補: 
2026-04-30 23:35:33,621 WARNING 未判定: 謎の支払い | 理由: ルール未一致 | 候補: 
2026-04-30 23:35:33,624 WARNING 未判定: テスト | 理由: ルール未一致 | 候補: 
2026-04-30 23:35:33,624 WARNING 未判定:  | 理由: 摘要が空欄 | 候補: 
2026-04-30 23:35:33,628 INFO OK: コンビニ → 消耗品費
2026-04-30 23:35:33,631 INFO OK: Amazon → 消耗品費
2026-04-30 23:35:33,634 INFO OK: ENEOS → 車両費
2026-04-30 23:35:33,638 INFO OK: セブンイレブン → 福利厚生費
2026-04-30 23:35:33,641 INFO OK: DOCOMO → 通信費
2026-04-30 23:35:33,644 INFO OK: 楽天カード → 未払金
2026-04-30 23:35:33,647 INFO 処理完了 | 総件数:22 OK:18 未判定:4 処理時間:0.08秒
2026-04-30 23:35:33,652 INFO CSV出力完了
2026-04-30 23:46:12,498 INFO === 仕訳生成開始 ===
2026-04-30 23:46:12,498 INFO 実行モード: input
2026-04-30 23:46:12,510 INFO 入力データ読み込み完了: 22行
2026-04-30 23:46:12,514 ERROR 処理失敗: DOCOMO | エラー: name 'tekiyo' is not defined
2026-04-30 23:46:12,517 ERROR 処理失敗: Amazon | エラー: name 'tekiyo' is not defined
2026-04-30 23:46:12,520 ERROR 処理失敗: ENEOS | エラー: name 'tekiyo' is not defined
2026-04-30 23:46:12,524 ERROR 処理失敗: 楽天カード | エラー: name 'tekiyo' is not defined
2026-04-30 23:46:12,527 ERROR 処理失敗: 家賃 | エラー: name 'tekiyo' is not defined
2026-04-30 23:46:12,530 ERROR 処理失敗: ソフトバンク | エラー: name 'tekiyo' is not defined
2026-04-30 23:46:12,533 ERROR 処理失敗: 楽天カード | エラー: name 'tekiyo' is not defined
2026-04-30 23:46:12,536 ERROR 処理失敗: リース料 | エラー: name 'tekiyo' is not defined
2026-04-30 23:46:12,540 ERROR 処理失敗: 税理士報酬 | エラー: name 'tekiyo' is not defined
2026-04-30 23:46:12,543 ERROR 処理失敗: セブンイレブン | エラー: name 'tekiyo' is not defined
2026-04-30 23:46:12,547 ERROR 処理失敗: 売上入金 | エラー: name 'tekiyo' is not defined
2026-04-30 23:46:12,550 ERROR 処理失敗: 雑収入 | エラー: name 'tekiyo' is not defined
2026-04-30 23:46:12,553 ERROR 処理失敗: ローソン | エラー: name 'tekiyo' is not defined
2026-04-30 23:46:12,556 ERROR 処理失敗: 謎の支払い | エラー: name 'tekiyo' is not defined
2026-04-30 23:46:12,560 ERROR 処理失敗: テスト | エラー: name 'tekiyo' is not defined
2026-04-30 23:46:12,560 WARNING 未判定:  | 理由: 摘要が空欄 | 候補: 
2026-04-30 23:46:12,563 ERROR 処理失敗: ファミリーマート | エラー: name 'tekiyo' is not defined
2026-04-30 23:46:12,567 ERROR 処理失敗: AMAZON | エラー: name 'tekiyo' is not defined
2026-04-30 23:46:12,569 ERROR 処理失敗: ENEOS | エラー: name 'tekiyo' is not defined
2026-04-30 23:46:12,573 ERROR 処理失敗: セブンイレブン | エラー: name 'tekiyo' is not defined
2026-04-30 23:46:12,576 ERROR 処理失敗: DOCOMO | エラー: name 'tekiyo' is not defined
2026-04-30 23:46:12,580 ERROR 処理失敗: 楽天カード | エラー: name 'tekiyo' is not defined
2026-04-30 23:46:12,582 INFO 処理完了 | 総件数:1 OK:0 未判定:1 処理時間:0.08秒
2026-04-30 23:50:18,008 INFO === 仕訳生成開始 ===
2026-04-30 23:50:18,008 INFO 実行モード: input
2026-04-30 23:50:18,018 INFO 入力データ読み込み完了: 22行
2026-04-30 23:50:18,023 INFO OK: DOCOMO → 通信費
2026-04-30 23:50:18,026 INFO OK: Amazon → 消耗品費
2026-04-30 23:50:18,030 INFO OK: ENEOS → 車両費
2026-04-30 23:50:18,033 INFO OK: 楽天カード → 未払金
2026-04-30 23:50:18,036 INFO OK: 家賃 → 地代家賃
2026-04-30 23:50:18,040 INFO OK: ソフトバンク → 通信費
2026-04-30 23:50:18,043 INFO OK: 楽天カード → 未払金
2026-04-30 23:50:18,047 INFO OK: リース料 → リース料
2026-04-30 23:50:18,050 INFO OK: 税理士報酬 → 支払報酬
2026-04-30 23:50:18,054 INFO OK: セブンイレブン → 福利厚生費
2026-04-30 23:50:18,057 INFO OK: 売上入金 → 普通預金
2026-04-30 23:50:18,061 INFO OK: 雑収入 → 普通預金
2026-04-30 23:50:18,064 WARNING 未判定: ローソン | 理由: ルール未一致 | 候補: 
2026-04-30 23:50:18,067 WARNING 未判定: 謎の支払い | 理由: ルール未一致 | 候補: 
2026-04-30 23:50:18,069 WARNING 未判定: テスト | 理由: ルール未一致 | 候補: 
2026-04-30 23:50:18,070 WARNING 未判定:  | 理由: 摘要が空欄 | 候補: 
2026-04-30 23:50:18,074 INFO OK: ファミリーマート → 消耗品費
2026-04-30 23:50:18,078 INFO OK: AMAZON → 消耗品費
2026-04-30 23:50:18,080 INFO OK: ENEOS → 車両費
2026-04-30 23:50:18,084 INFO OK: セブンイレブン → 福利厚生費
2026-04-30 23:50:18,086 INFO OK: DOCOMO → 通信費
2026-04-30 23:50:18,090 INFO OK: 楽天カード → 未払金
2026-04-30 23:50:18,093 INFO 処理完了 | 総件数:22 OK:18 未判定:4 処理時間:0.09秒
2026-04-30 23:50:18,098 INFO CSV出力完了
2026-04-30 23:53:27,963 INFO === 仕訳生成開始 ===
2026-04-30 23:53:27,964 INFO 実行モード: input
2026-04-30 23:53:27,974 INFO 入力データ読み込み完了: 22行
2026-04-30 23:53:27,978 INFO OK: DOCOMO → 通信費
2026-04-30 23:53:27,981 INFO OK: Amazon → 消耗品費
2026-04-30 23:53:27,984 INFO OK: ENEOS → 車両費
2026-04-30 23:53:27,987 INFO OK: 楽天カード → 未払金
2026-04-30 23:53:27,991 INFO OK: 家賃 → 地代家賃
2026-04-30 23:53:27,994 INFO OK: ソフトバンク → 通信費
2026-04-30 23:53:27,997 INFO OK: 楽天カード → 未払金
2026-04-30 23:53:28,000 INFO OK: リース料 → リース料
2026-04-30 23:53:28,003 INFO OK: 税理士報酬 → 支払報酬
2026-04-30 23:53:28,007 INFO OK: セブンイレブン → 消耗品費
2026-04-30 23:53:28,011 INFO OK: 売上入金 → 普通預金
2026-04-30 23:53:28,015 INFO OK: 雑収入 → 普通預金
2026-04-30 23:53:28,019 INFO OK: ローソン → 消耗品費
2026-04-30 23:53:28,022 WARNING 未判定: 謎の支払い | 理由: ルール未一致 | 候補: 
2026-04-30 23:53:28,025 WARNING 未判定: テスト | 理由: ルール未一致 | 候補: 
2026-04-30 23:53:28,025 WARNING 未判定:  | 理由: 摘要が空欄 | 候補: 
2026-04-30 23:53:28,029 INFO OK: ファミリーマート → 消耗品費
2026-04-30 23:53:28,032 INFO OK: AMAZON → 消耗品費
2026-04-30 23:53:28,035 INFO OK: ENEOS → 車両費
2026-04-30 23:53:28,038 INFO OK: セブンイレブン → 消耗品費
2026-04-30 23:53:28,041 INFO OK: DOCOMO → 通信費
2026-04-30 23:53:28,045 INFO OK: 楽天カード → 未払金
2026-04-30 23:53:28,048 INFO 処理完了 | 総件数:22 OK:19 未判定:3 処理時間:0.08秒
2026-04-30 23:53:28,053 INFO CSV出力完了
2026-05-05 16:07:10,308 INFO === 仕訳生成開始 ===
2026-05-05 16:07:10,309 INFO 実行モード: input
2026-05-05 16:07:10,320 INFO 入力データ読み込み完了: 22行
2026-05-05 16:07:10,324 INFO OK: DOCOMO → 通信費
2026-05-05 16:07:10,327 INFO OK: Amazon → 消耗品費
2026-05-05 16:07:10,330 INFO OK: ENEOS → 車両費
2026-05-05 16:07:10,333 INFO OK: 楽天カード → 未払金
2026-05-05 16:07:10,336 INFO OK: 家賃 → 地代家賃
2026-05-05 16:07:10,339 INFO OK: ソフトバンク → 通信費
2026-05-05 16:07:10,343 INFO OK: 楽天カード → 未払金
2026-05-05 16:07:10,346 INFO OK: リース料 → リース料
2026-05-05 16:07:10,349 INFO OK: 税理士報酬 → 支払報酬
2026-05-05 16:07:10,354 INFO OK: セブンイレブン → 消耗品費
2026-05-05 16:07:10,357 INFO OK: 売上入金 → 普通預金
2026-05-05 16:07:10,361 INFO OK: 雑収入 → 普通預金
2026-05-05 16:07:10,364 INFO OK: ローソン → 消耗品費
2026-05-05 16:07:10,367 WARNING 未判定: 謎の支払い | 理由: ルール未一致 | 候補: 
2026-05-05 16:07:10,371 WARNING 未判定: テスト | 理由: ルール未一致 | 候補: 
2026-05-05 16:07:10,371 WARNING 未判定:  | 理由: 摘要が空欄 | 候補: 
2026-05-05 16:07:10,375 INFO OK: ファミリーマート → 消耗品費
2026-05-05 16:07:10,378 INFO OK: AMAZON → 消耗品費
2026-05-05 16:07:10,381 INFO OK: ENEOS → 車両費
2026-05-05 16:07:10,386 INFO OK: セブンイレブン → 消耗品費
2026-05-05 16:07:10,388 INFO OK: DOCOMO → 通信費
2026-05-05 16:07:10,392 INFO OK: 楽天カード → 未払金
2026-05-05 16:07:10,395 INFO 処理完了 | 総件数:22 OK:19 未判定:3 処理時間:0.09秒
2026-05-05 16:07:10,400 INFO CSV出力完了
2026-05-05 16:09:16,314 INFO === 仕訳生成開始 ===
2026-05-05 16:09:16,314 INFO 実行モード: sample
2026-05-05 16:09:16,321 INFO 入力データ読み込み完了: 51行
2026-05-05 16:09:16,333 INFO OK: ヤマト運輸　振込 → 荷造運賃
2026-05-05 16:09:16,337 INFO OK: Amazon　消耗品購入 → 消耗品費
2026-05-05 16:09:16,341 INFO OK: 振込入金　ﾄｳｶｲｾｲｿﾞｳ　コンサル料 → 普通預金
2026-05-05 16:09:16,345 INFO OK: NTTｺﾐｭﾆｹｰｼｮﾝｽﾞ　電話料金 → 通信費
2026-05-05 16:09:16,348 INFO OK: 振込　ﾅｺﾞﾔｲﾝｻﾂ　名刺印刷 → 広告宣伝費
2026-05-05 16:09:16,351 WARNING 未判定: セブンイレブン | 理由: ルール未一致 | 候補: 
2026-05-05 16:09:16,354 INFO OK: Amazon　書籍購入 → 消耗品費
2026-05-05 16:09:16,358 INFO OK: 振込入金　ｺﾞｳﾄﾞｳｶｲｼｬｳｪｽﾄ　顧問料 → 普通預金
2026-05-05 16:09:16,362 INFO OK: JR東海　新幹線代 → 旅費交通費
2026-05-05 16:09:16,366 INFO OK: 名古屋市営地下鉄 → 旅費交通費
2026-05-05 16:09:16,369 INFO OK: 振込　ｵﾌｨｽﾖｳﾋﾝｾﾝﾀｰ → 消耗品費
2026-05-05 16:09:16,374 INFO OK: 楽天トラベル　出張ホテル代 → 旅費交通費
2026-05-05 16:09:16,378 INFO OK: 振込入金　ﾎｸﾘｸﾌｰｽﾞ　研修費 → 普通預金
2026-05-05 16:09:16,381 WARNING 未判定: ローソン | 理由: ルール未一致 | 候補: 
2026-05-05 16:09:16,384 INFO OK: Amazon　事務用品 → 消耗品費
2026-05-05 16:09:16,388 INFO OK: 中部電力　電気代 → 水道光熱費
2026-05-05 16:09:16,392 INFO OK: 振込　社会保険料　2月分 → 法定福利費
2026-05-05 16:09:16,396 INFO OK: 振込入金　ﾄｳﾎｳｼｽﾃﾑ　コンサル料 → 普通預金
2026-05-05 16:09:16,399 INFO OK: コメダ珈琲　打合せ → 会議費
2026-05-05 16:09:16,403 INFO OK: 振込　ｸﾘｴｲﾃｨﾌﾞﾃﾞｻﾞｲﾝ　資料作成 → 外注費
2026-05-05 16:09:16,407 INFO OK: 給与振込　ﾔﾏﾀﾞﾀﾛｳ → 給料手当
2026-05-05 16:09:16,411 INFO OK: 給与振込　ｽｽﾞｷﾊﾅｺ → 給料手当
2026-05-05 16:09:16,414 INFO OK: 給与振込　ﾀﾅｶｲﾁﾛｳ → 給料手当
2026-05-05 16:09:16,418 INFO OK: 振込入金　ﾐｴｹﾝｾﾂ　研修費 → 普通預金
2026-05-05 16:09:16,421 INFO OK: Amazon　PCアクセサリ → 消耗品費
2026-05-05 16:09:16,425 INFO OK: 東京ガス　ガス代 → 水道光熱費
2026-05-05 16:09:16,429 INFO OK: 振込　顧問弁護士費用　〇〇法律事務所 → 支払報酬
2026-05-05 16:09:16,433 INFO OK: マクドナルド → 会議費
2026-05-05 16:09:16,436 INFO OK: 振込入金　ｾﾐﾅｰ参加費　ﾔﾏﾓﾄ様 → 普通預金
2026-05-05 16:09:16,440 INFO OK: Zoom　月額利用料 → 通信費
2026-05-05 16:09:16,444 INFO OK: 振込入金　ｱｲﾁｼｮｳｼﾞ　コンサル料 → 普通預金
2026-05-05 16:09:16,448 INFO OK: コクヨ直販　文房具 → 消耗品費
2026-05-05 16:09:16,452 INFO OK: 振込　〇〇税理士事務所　顧問料 → 支払報酬
2026-05-05 16:09:16,456 INFO OK: 高速道路料金　NEXCO → 旅費交通費
2026-05-05 16:09:16,459 WARNING 未判定: セブンイレブン | 理由: ルール未一致 | 候補: 
2026-05-05 16:09:16,463 INFO OK: 振込入金　ﾄｳｶｲｾｲｿﾞｳ　2月分精算 → 普通預金
2026-05-05 16:09:16,466 INFO OK: Amazon　書籍 → 消耗品費
2026-05-05 16:09:16,470 INFO OK: 名鉄バス → 旅費交通費
2026-05-05 16:09:16,474 INFO OK: 振込　ﾐﾅﾐｲﾝｻﾂ　セミナー資料印刷 → 広告宣伝費
2026-05-05 16:09:16,478 INFO OK: ドトールコーヒー　打合せ → 会議費
2026-05-05 16:09:16,482 INFO OK: 振込入金　ｷﾞﾌﾃｯｸ　研修費 → 普通預金
2026-05-05 16:09:16,486 INFO OK: Microsoft365　月額 → 通信費
2026-05-05 16:09:16,489 INFO OK: 振込　家賃　〇〇ビル管理 → 地代家賃
2026-05-05 16:09:16,493 INFO OK: 損保ジャパン　賠償責任保険 → 保険料
2026-05-05 16:09:16,497 INFO OK: 振込入金　ｽｽﾞｷｾｲｺｳ　スポット研修 → 普通預金
2026-05-05 16:09:16,499 INFO OK: Amazon　プリンタートナー → 消耗品費
2026-05-05 16:09:16,503 INFO OK: 振込　源泉所得税　3月分 → 預り金
2026-05-05 16:09:16,506 WARNING 未判定: ﾌｧﾐﾘｰﾏｰﾄ | 理由: ルール未一致 | 候補: 
2026-05-05 16:09:16,510 INFO OK: 振込入金　ﾅｺﾞﾔｺｰﾎﾟ　顧問料 → 普通預金
2026-05-05 16:09:16,515 INFO OK: 振込　〇〇社労士事務所　給与計算代行 → 支払報酬
2026-05-05 16:09:16,521 INFO OK: 〇〇商店　備品購入 → 消耗品費
2026-05-05 16:09:16,526 INFO 処理完了 | 総件数:51 OK:47 未判定:4 処理時間:0.21秒
2026-05-05 16:09:16,534 INFO CSV出力完了
2026-05-05 16:20:44,069 INFO === 仕訳生成開始 ===
2026-05-05 16:20:44,070 INFO 実行モード: sample
2026-05-05 16:20:44,077 INFO 入力データ読み込み完了: 51行
2026-05-05 16:20:44,080 ERROR 処理失敗: ヤマト運輸　振込 | エラー: 'keyword_norm'
2026-05-05 16:20:44,081 ERROR 処理失敗: Amazon　消耗品購入 | エラー: 'keyword_norm'
2026-05-05 16:20:44,082 ERROR 処理失敗: 振込入金　ﾄｳｶｲｾｲｿﾞｳ　コンサル料 | エラー: 'keyword_norm'
2026-05-05 16:20:44,084 ERROR 処理失敗: NTTｺﾐｭﾆｹｰｼｮﾝｽﾞ　電話料金 | エラー: 'keyword_norm'
2026-05-05 16:20:44,086 ERROR 処理失敗: 振込　ﾅｺﾞﾔｲﾝｻﾂ　名刺印刷 | エラー: 'keyword_norm'
2026-05-05 16:20:44,088 ERROR 処理失敗: セブンイレブン | エラー: 'keyword_norm'
2026-05-05 16:20:44,089 ERROR 処理失敗: Amazon　書籍購入 | エラー: 'keyword_norm'
2026-05-05 16:20:44,090 ERROR 処理失敗: 振込入金　ｺﾞｳﾄﾞｳｶｲｼｬｳｪｽﾄ　顧問料 | エラー: 'keyword_norm'
2026-05-05 16:20:44,092 ERROR 処理失敗: JR東海　新幹線代 | エラー: 'keyword_norm'
2026-05-05 16:20:44,094 ERROR 処理失敗: 名古屋市営地下鉄 | エラー: 'keyword_norm'
2026-05-05 16:20:44,096 ERROR 処理失敗: 振込　ｵﾌｨｽﾖｳﾋﾝｾﾝﾀｰ | エラー: 'keyword_norm'
2026-05-05 16:20:44,098 ERROR 処理失敗: 楽天トラベル　出張ホテル代 | エラー: 'keyword_norm'
2026-05-05 16:20:44,100 ERROR 処理失敗: 振込入金　ﾎｸﾘｸﾌｰｽﾞ　研修費 | エラー: 'keyword_norm'
2026-05-05 16:20:44,102 ERROR 処理失敗: ローソン | エラー: 'keyword_norm'
2026-05-05 16:20:44,103 ERROR 処理失敗: Amazon　事務用品 | エラー: 'keyword_norm'
2026-05-05 16:20:44,105 ERROR 処理失敗: 中部電力　電気代 | エラー: 'keyword_norm'
2026-05-05 16:20:44,107 ERROR 処理失敗: 振込　社会保険料　2月分 | エラー: 'keyword_norm'
2026-05-05 16:20:44,109 ERROR 処理失敗: 振込入金　ﾄｳﾎｳｼｽﾃﾑ　コンサル料 | エラー: 'keyword_norm'
2026-05-05 16:20:44,111 ERROR 処理失敗: コメダ珈琲　打合せ | エラー: 'keyword_norm'
2026-05-05 16:20:44,113 ERROR 処理失敗: 振込　ｸﾘｴｲﾃｨﾌﾞﾃﾞｻﾞｲﾝ　資料作成 | エラー: 'keyword_norm'
2026-05-05 16:20:44,114 ERROR 処理失敗: 給与振込　ﾔﾏﾀﾞﾀﾛｳ | エラー: 'keyword_norm'
2026-05-05 16:20:44,117 ERROR 処理失敗: 給与振込　ｽｽﾞｷﾊﾅｺ | エラー: 'keyword_norm'
2026-05-05 16:20:44,119 ERROR 処理失敗: 給与振込　ﾀﾅｶｲﾁﾛｳ | エラー: 'keyword_norm'
2026-05-05 16:20:44,121 ERROR 処理失敗: 振込入金　ﾐｴｹﾝｾﾂ　研修費 | エラー: 'keyword_norm'
2026-05-05 16:20:44,122 ERROR 処理失敗: Amazon　PCアクセサリ | エラー: 'keyword_norm'
2026-05-05 16:20:44,124 ERROR 処理失敗: 東京ガス　ガス代 | エラー: 'keyword_norm'
2026-05-05 16:20:44,126 ERROR 処理失敗: 振込　顧問弁護士費用　〇〇法律事務所 | エラー: 'keyword_norm'
2026-05-05 16:20:44,128 ERROR 処理失敗: マクドナルド | エラー: 'keyword_norm'
2026-05-05 16:20:44,130 ERROR 処理失敗: 振込入金　ｾﾐﾅｰ参加費　ﾔﾏﾓﾄ様 | エラー: 'keyword_norm'
2026-05-05 16:20:44,132 ERROR 処理失敗: Zoom　月額利用料 | エラー: 'keyword_norm'
2026-05-05 16:20:44,133 ERROR 処理失敗: 振込入金　ｱｲﾁｼｮｳｼﾞ　コンサル料 | エラー: 'keyword_norm'
2026-05-05 16:20:44,136 ERROR 処理失敗: コクヨ直販　文房具 | エラー: 'keyword_norm'
2026-05-05 16:20:44,138 ERROR 処理失敗: 振込　〇〇税理士事務所　顧問料 | エラー: 'keyword_norm'
2026-05-05 16:20:44,139 ERROR 処理失敗: 高速道路料金　NEXCO | エラー: 'keyword_norm'
2026-05-05 16:20:44,141 ERROR 処理失敗: セブンイレブン | エラー: 'keyword_norm'
2026-05-05 16:20:44,144 ERROR 処理失敗: 振込入金　ﾄｳｶｲｾｲｿﾞｳ　2月分精算 | エラー: 'keyword_norm'
2026-05-05 16:20:44,144 ERROR 処理失敗: Amazon　書籍 | エラー: 'keyword_norm'
2026-05-05 16:20:44,146 ERROR 処理失敗: 名鉄バス | エラー: 'keyword_norm'
2026-05-05 16:20:44,148 ERROR 処理失敗: 振込　ﾐﾅﾐｲﾝｻﾂ　セミナー資料印刷 | エラー: 'keyword_norm'
2026-05-05 16:20:44,149 ERROR 処理失敗: ドトールコーヒー　打合せ | エラー: 'keyword_norm'
2026-05-05 16:20:44,151 ERROR 処理失敗: 振込入金　ｷﾞﾌﾃｯｸ　研修費 | エラー: 'keyword_norm'
2026-05-05 16:20:44,153 ERROR 処理失敗: Microsoft365　月額 | エラー: 'keyword_norm'
2026-05-05 16:20:44,155 ERROR 処理失敗: 振込　家賃　〇〇ビル管理 | エラー: 'keyword_norm'
2026-05-05 16:20:44,156 ERROR 処理失敗: 損保ジャパン　賠償責任保険 | エラー: 'keyword_norm'
2026-05-05 16:20:44,158 ERROR 処理失敗: 振込入金　ｽｽﾞｷｾｲｺｳ　スポット研修 | エラー: 'keyword_norm'
2026-05-05 16:20:44,159 ERROR 処理失敗: Amazon　プリンタートナー | エラー: 'keyword_norm'
2026-05-05 16:20:44,160 ERROR 処理失敗: 振込　源泉所得税　3月分 | エラー: 'keyword_norm'
2026-05-05 16:20:44,162 ERROR 処理失敗: ﾌｧﾐﾘｰﾏｰﾄ | エラー: 'keyword_norm'
2026-05-05 16:20:44,164 ERROR 処理失敗: 振込入金　ﾅｺﾞﾔｺｰﾎﾟ　顧問料 | エラー: 'keyword_norm'
2026-05-05 16:20:44,165 ERROR 処理失敗: 振込　〇〇社労士事務所　給与計算代行 | エラー: 'keyword_norm'
2026-05-05 16:20:44,168 ERROR 処理失敗: 〇〇商店　備品購入 | エラー: 'keyword_norm'
2026-05-05 16:24:08,988 INFO === 仕訳生成開始 ===
2026-05-05 16:24:08,988 INFO 実行モード: sample
2026-05-05 16:27:22,545 INFO === 仕訳生成開始 ===
2026-05-05 16:27:22,545 INFO 実行モード: sample
2026-05-05 16:27:22,554 INFO 入力データ読み込み完了: 51行
2026-05-05 16:27:22,560 INFO OK: ヤマト運輸　振込 → 荷造運賃
2026-05-05 16:27:22,564 INFO OK: Amazon　消耗品購入 → 消耗品費
2026-05-05 16:27:22,569 INFO OK: 振込入金　ﾄｳｶｲｾｲｿﾞｳ　コンサル料 → 普通預金
2026-05-05 16:27:22,574 INFO OK: NTTｺﾐｭﾆｹｰｼｮﾝｽﾞ　電話料金 → 通信費
2026-05-05 16:27:22,578 INFO OK: 振込　ﾅｺﾞﾔｲﾝｻﾂ　名刺印刷 → 広告宣伝費
2026-05-05 16:27:22,581 WARNING 未判定: セブンイレブン | 理由: ルール未一致 | 候補: 
2026-05-05 16:27:22,584 INFO OK: Amazon　書籍購入 → 消耗品費
2026-05-05 16:27:22,589 INFO OK: 振込入金　ｺﾞｳﾄﾞｳｶｲｼｬｳｪｽﾄ　顧問料 → 普通預金
2026-05-05 16:27:22,594 INFO OK: JR東海　新幹線代 → 旅費交通費
2026-05-05 16:27:22,599 INFO OK: 名古屋市営地下鉄 → 旅費交通費
2026-05-05 16:27:22,604 INFO OK: 振込　ｵﾌｨｽﾖｳﾋﾝｾﾝﾀｰ → 消耗品費
2026-05-05 16:27:22,612 INFO OK: 楽天トラベル　出張ホテル代 → 旅費交通費
2026-05-05 16:27:22,617 INFO OK: 振込入金　ﾎｸﾘｸﾌｰｽﾞ　研修費 → 普通預金
2026-05-05 16:27:22,620 WARNING 未判定: ローソン | 理由: ルール未一致 | 候補: 
2026-05-05 16:27:22,624 INFO OK: Amazon　事務用品 → 消耗品費
2026-05-05 16:27:22,628 INFO OK: 中部電力　電気代 → 水道光熱費
2026-05-05 16:27:22,633 INFO OK: 振込　社会保険料　2月分 → 法定福利費
2026-05-05 16:27:22,638 INFO OK: 振込入金　ﾄｳﾎｳｼｽﾃﾑ　コンサル料 → 普通預金
2026-05-05 16:27:22,643 INFO OK: コメダ珈琲　打合せ → 会議費
2026-05-05 16:27:22,647 INFO OK: 振込　ｸﾘｴｲﾃｨﾌﾞﾃﾞｻﾞｲﾝ　資料作成 → 外注費
2026-05-05 16:27:22,652 INFO OK: 給与振込　ﾔﾏﾀﾞﾀﾛｳ → 給料手当
2026-05-05 16:27:22,657 INFO OK: 給与振込　ｽｽﾞｷﾊﾅｺ → 給料手当
2026-05-05 16:27:22,662 INFO OK: 給与振込　ﾀﾅｶｲﾁﾛｳ → 給料手当
2026-05-05 16:27:22,666 INFO OK: 振込入金　ﾐｴｹﾝｾﾂ　研修費 → 普通預金
2026-05-05 16:27:22,669 INFO OK: Amazon　PCアクセサリ → 消耗品費
2026-05-05 16:27:22,674 INFO OK: 東京ガス　ガス代 → 水道光熱費
2026-05-05 16:27:22,679 INFO OK: 振込　顧問弁護士費用　〇〇法律事務所 → 支払報酬
2026-05-05 16:27:22,683 INFO OK: マクドナルド → 会議費
2026-05-05 16:27:22,689 INFO OK: 振込入金　ｾﾐﾅｰ参加費　ﾔﾏﾓﾄ様 → 普通預金
2026-05-05 16:27:22,694 INFO OK: Zoom　月額利用料 → 通信費
2026-05-05 16:27:22,699 INFO OK: 振込入金　ｱｲﾁｼｮｳｼﾞ　コンサル料 → 普通預金
2026-05-05 16:27:22,703 INFO OK: コクヨ直販　文房具 → 消耗品費
2026-05-05 16:27:22,708 INFO OK: 振込　〇〇税理士事務所　顧問料 → 支払報酬
2026-05-05 16:27:22,713 INFO OK: 高速道路料金　NEXCO → 旅費交通費
2026-05-05 16:27:22,716 WARNING 未判定: セブンイレブン | 理由: ルール未一致 | 候補: 
2026-05-05 16:27:22,721 INFO OK: 振込入金　ﾄｳｶｲｾｲｿﾞｳ　2月分精算 → 普通預金
2026-05-05 16:27:22,724 INFO OK: Amazon　書籍 → 消耗品費
2026-05-05 16:27:22,728 INFO OK: 名鉄バス → 旅費交通費
2026-05-05 16:27:22,732 INFO OK: 振込　ﾐﾅﾐｲﾝｻﾂ　セミナー資料印刷 → 広告宣伝費
2026-05-05 16:27:22,737 INFO OK: ドトールコーヒー　打合せ → 会議費
2026-05-05 16:27:22,742 INFO OK: 振込入金　ｷﾞﾌﾃｯｸ　研修費 → 普通預金
2026-05-05 16:27:22,746 INFO OK: Microsoft365　月額 → 通信費
2026-05-05 16:27:22,749 INFO OK: 振込　家賃　〇〇ビル管理 → 地代家賃
2026-05-05 16:27:22,754 INFO OK: 損保ジャパン　賠償責任保険 → 保険料
2026-05-05 16:27:22,758 INFO OK: 振込入金　ｽｽﾞｷｾｲｺｳ　スポット研修 → 普通預金
2026-05-05 16:27:22,762 INFO OK: Amazon　プリンタートナー → 消耗品費
2026-05-05 16:27:22,766 INFO OK: 振込　源泉所得税　3月分 → 預り金
2026-05-05 16:27:22,769 WARNING 未判定: ﾌｧﾐﾘｰﾏｰﾄ | 理由: ルール未一致 | 候補: 
2026-05-05 16:27:22,774 INFO OK: 振込入金　ﾅｺﾞﾔｺｰﾎﾟ　顧問料 → 普通預金
2026-05-05 16:27:22,779 INFO OK: 振込　〇〇社労士事務所　給与計算代行 → 支払報酬
2026-05-05 16:27:22,783 INFO OK: 〇〇商店　備品購入 → 消耗品費
2026-05-05 16:27:22,786 INFO 処理完了 | 総件数:51 OK:47 未判定:4 処理時間:0.24秒
2026-05-05 16:27:22,793 INFO CSV出力完了
2026-05-05 16:33:23,842 INFO === 仕訳生成開始 ===
2026-05-05 16:33:23,842 INFO 実行モード: sample
2026-05-05 16:33:23,850 INFO 入力データ読み込み完了: 51行
2026-05-05 16:33:23,858 INFO OK: ヤマト運輸　振込 → 荷造運賃
2026-05-05 16:33:23,861 INFO OK: Amazon　消耗品購入 → 消耗品費
2026-05-05 16:33:23,866 INFO OK: 振込入金　ﾄｳｶｲｾｲｿﾞｳ　コンサル料 → 普通預金
2026-05-05 16:33:23,871 INFO OK: NTTｺﾐｭﾆｹｰｼｮﾝｽﾞ　電話料金 → 通信費
2026-05-05 16:33:23,875 INFO OK: 振込　ﾅｺﾞﾔｲﾝｻﾂ　名刺印刷 → 広告宣伝費
2026-05-05 16:33:23,879 INFO OK: セブンイレブン → 消耗品費
2026-05-05 16:33:23,882 INFO OK: Amazon　書籍購入 → 消耗品費
2026-05-05 16:33:23,886 INFO OK: 振込入金　ｺﾞｳﾄﾞｳｶｲｼｬｳｪｽﾄ　顧問料 → 普通預金
2026-05-05 16:33:23,891 INFO OK: JR東海　新幹線代 → 旅費交通費
2026-05-05 16:33:23,896 INFO OK: 名古屋市営地下鉄 → 旅費交通費
2026-05-05 16:33:23,900 INFO OK: 振込　ｵﾌｨｽﾖｳﾋﾝｾﾝﾀｰ → 消耗品費
2026-05-05 16:33:23,904 INFO OK: 楽天トラベル　出張ホテル代 → 旅費交通費
2026-05-05 16:33:23,908 INFO OK: 振込入金　ﾎｸﾘｸﾌｰｽﾞ　研修費 → 普通預金
2026-05-05 16:33:23,912 INFO OK: ローソン → 消耗品費
2026-05-05 16:33:23,915 INFO OK: Amazon　事務用品 → 消耗品費
2026-05-05 16:33:23,919 INFO OK: 中部電力　電気代 → 水道光熱費
2026-05-05 16:33:23,924 INFO OK: 振込　社会保険料　2月分 → 法定福利費
2026-05-05 16:33:23,928 INFO OK: 振込入金　ﾄｳﾎｳｼｽﾃﾑ　コンサル料 → 普通預金
2026-05-05 16:33:23,933 INFO OK: コメダ珈琲　打合せ → 会議費
2026-05-05 16:33:23,937 INFO OK: 振込　ｸﾘｴｲﾃｨﾌﾞﾃﾞｻﾞｲﾝ　資料作成 → 外注費
2026-05-05 16:33:23,941 INFO OK: 給与振込　ﾔﾏﾀﾞﾀﾛｳ → 給料手当
2026-05-05 16:33:23,945 INFO OK: 給与振込　ｽｽﾞｷﾊﾅｺ → 給料手当
2026-05-05 16:33:23,950 INFO OK: 給与振込　ﾀﾅｶｲﾁﾛｳ → 給料手当
2026-05-05 16:33:23,956 INFO OK: 振込入金　ﾐｴｹﾝｾﾂ　研修費 → 普通預金
2026-05-05 16:33:23,959 INFO OK: Amazon　PCアクセサリ → 消耗品費
2026-05-05 16:33:23,963 INFO OK: 東京ガス　ガス代 → 水道光熱費
2026-05-05 16:33:23,967 INFO OK: 振込　顧問弁護士費用　〇〇法律事務所 → 支払報酬
2026-05-05 16:33:23,971 INFO OK: マクドナルド → 会議費
2026-05-05 16:33:23,976 INFO OK: 振込入金　ｾﾐﾅｰ参加費　ﾔﾏﾓﾄ様 → 普通預金
2026-05-05 16:33:23,979 INFO OK: Zoom　月額利用料 → 通信費
2026-05-05 16:33:23,983 INFO OK: 振込入金　ｱｲﾁｼｮｳｼﾞ　コンサル料 → 普通預金
2026-05-05 16:33:23,988 INFO OK: コクヨ直販　文房具 → 消耗品費
2026-05-05 16:33:23,992 INFO OK: 振込　〇〇税理士事務所　顧問料 → 支払報酬
2026-05-05 16:33:23,996 INFO OK: 高速道路料金　NEXCO → 旅費交通費
2026-05-05 16:33:24,000 INFO OK: セブンイレブン → 消耗品費
2026-05-05 16:33:24,005 INFO OK: 振込入金　ﾄｳｶｲｾｲｿﾞｳ　2月分精算 → 普通預金
2026-05-05 16:33:24,008 INFO OK: Amazon　書籍 → 消耗品費
2026-05-05 16:33:24,012 INFO OK: 名鉄バス → 旅費交通費
2026-05-05 16:33:24,016 INFO OK: 振込　ﾐﾅﾐｲﾝｻﾂ　セミナー資料印刷 → 広告宣伝費
2026-05-05 16:33:24,020 INFO OK: ドトールコーヒー　打合せ → 会議費
2026-05-05 16:33:24,025 INFO OK: 振込入金　ｷﾞﾌﾃｯｸ　研修費 → 普通預金
2026-05-05 16:33:24,029 INFO OK: Microsoft365　月額 → 通信費
2026-05-05 16:33:24,032 INFO OK: 振込　家賃　〇〇ビル管理 → 地代家賃
2026-05-05 16:33:24,037 INFO OK: 損保ジャパン　賠償責任保険 → 保険料
2026-05-05 16:33:24,042 INFO OK: 振込入金　ｽｽﾞｷｾｲｺｳ　スポット研修 → 普通預金
2026-05-05 16:33:24,045 INFO OK: Amazon　プリンタートナー → 消耗品費
2026-05-05 16:33:24,049 INFO OK: 振込　源泉所得税　3月分 → 預り金
2026-05-05 16:33:24,053 INFO OK: ﾌｧﾐﾘｰﾏｰﾄ → 消耗品費
2026-05-05 16:33:24,057 INFO OK: 振込入金　ﾅｺﾞﾔｺｰﾎﾟ　顧問料 → 普通預金
2026-05-05 16:33:24,061 INFO OK: 振込　〇〇社労士事務所　給与計算代行 → 支払報酬
2026-05-05 16:33:24,065 INFO OK: 〇〇商店　備品購入 → 消耗品費
2026-05-05 16:33:24,068 INFO 処理完了 | 総件数:51 OK:51 未判定:0 処理時間:0.23秒
2026-05-05 16:33:24,074 INFO CSV出力完了
2026-05-05 16:39:03,658 INFO === 仕訳生成開始 ===
2026-05-05 16:39:03,658 INFO 実行モード: sample
2026-05-05 16:39:03,666 INFO 入力データ読み込み完了: 51行
2026-05-05 16:39:03,671 INFO OK: ヤマト運輸　振込 → 荷造運賃
2026-05-05 16:39:03,674 INFO OK: Amazon　消耗品購入 → 消耗品費
2026-05-05 16:39:03,677 INFO OK: 振込入金　ﾄｳｶｲｾｲｿﾞｳ　コンサル料 → 普通預金
2026-05-05 16:39:03,681 INFO OK: NTTｺﾐｭﾆｹｰｼｮﾝｽﾞ　電話料金 → 通信費
2026-05-05 16:39:03,684 INFO OK: 振込　ﾅｺﾞﾔｲﾝｻﾂ　名刺印刷 → 広告宣伝費
2026-05-05 16:39:03,688 INFO OK: セブンイレブン → 消耗品費
2026-05-05 16:39:03,691 INFO OK: Amazon　書籍購入 → 消耗品費
2026-05-05 16:39:03,694 INFO OK: 振込入金　ｺﾞｳﾄﾞｳｶｲｼｬｳｪｽﾄ　顧問料 → 普通預金
2026-05-05 16:39:03,698 INFO OK: JR東海　新幹線代 → 旅費交通費
2026-05-05 16:39:03,702 INFO OK: 名古屋市営地下鉄 → 旅費交通費
2026-05-05 16:39:03,706 INFO OK: 振込　ｵﾌｨｽﾖｳﾋﾝｾﾝﾀｰ → 消耗品費
2026-05-05 16:39:03,709 INFO OK: 楽天トラベル　出張ホテル代 → 旅費交通費
2026-05-05 16:39:03,713 INFO OK: 振込入金　ﾎｸﾘｸﾌｰｽﾞ　研修費 → 普通預金
2026-05-05 16:39:03,717 INFO OK: ローソン → 消耗品費
2026-05-05 16:39:03,720 INFO OK: Amazon　事務用品 → 消耗品費
2026-05-05 16:39:03,724 INFO OK: 中部電力　電気代 → 水道光熱費
2026-05-05 16:39:03,728 INFO OK: 振込　社会保険料　2月分 → 法定福利費
2026-05-05 16:39:03,731 INFO OK: 振込入金　ﾄｳﾎｳｼｽﾃﾑ　コンサル料 → 普通預金
2026-05-05 16:39:03,736 INFO OK: コメダ珈琲　打合せ → 会議費
2026-05-05 16:39:03,741 INFO OK: 振込　ｸﾘｴｲﾃｨﾌﾞﾃﾞｻﾞｲﾝ　資料作成 → 外注費
2026-05-05 16:39:03,744 INFO OK: 給与振込　ﾔﾏﾀﾞﾀﾛｳ → 給料手当
2026-05-05 16:39:03,748 INFO OK: 給与振込　ｽｽﾞｷﾊﾅｺ → 給料手当
2026-05-05 16:39:03,752 INFO OK: 給与振込　ﾀﾅｶｲﾁﾛｳ → 給料手当
2026-05-05 16:39:03,756 INFO OK: 振込入金　ﾐｴｹﾝｾﾂ　研修費 → 普通預金
2026-05-05 16:39:03,759 INFO OK: Amazon　PCアクセサリ → 消耗品費
2026-05-05 16:39:03,762 INFO OK: 東京ガス　ガス代 → 水道光熱費
2026-05-05 16:39:03,766 INFO OK: 振込　顧問弁護士費用　〇〇法律事務所 → 支払報酬
2026-05-05 16:39:03,769 INFO OK: マクドナルド → 会議費
2026-05-05 16:39:03,773 INFO OK: 振込入金　ｾﾐﾅｰ参加費　ﾔﾏﾓﾄ様 → 普通預金
2026-05-05 16:39:03,777 INFO OK: Zoom　月額利用料 → 通信費
2026-05-05 16:39:03,781 INFO OK: 振込入金　ｱｲﾁｼｮｳｼﾞ　コンサル料 → 普通預金
2026-05-05 16:39:03,784 INFO OK: コクヨ直販　文房具 → 消耗品費
2026-05-05 16:39:03,788 INFO OK: 振込　〇〇税理士事務所　顧問料 → 支払報酬
2026-05-05 16:39:03,791 INFO OK: 高速道路料金　NEXCO → 旅費交通費
2026-05-05 16:39:03,795 INFO OK: セブンイレブン → 消耗品費
2026-05-05 16:39:03,799 INFO OK: 振込入金　ﾄｳｶｲｾｲｿﾞｳ　2月分精算 → 普通預金
2026-05-05 16:39:03,801 INFO OK: Amazon　書籍 → 消耗品費
2026-05-05 16:39:03,805 INFO OK: 名鉄バス → 旅費交通費
2026-05-05 16:39:03,809 INFO OK: 振込　ﾐﾅﾐｲﾝｻﾂ　セミナー資料印刷 → 広告宣伝費
2026-05-05 16:39:03,813 INFO OK: ドトールコーヒー　打合せ → 会議費
2026-05-05 16:39:03,817 INFO OK: 振込入金　ｷﾞﾌﾃｯｸ　研修費 → 普通預金
2026-05-05 16:39:03,821 INFO OK: Microsoft365　月額 → 通信費
2026-05-05 16:39:03,824 INFO OK: 振込　家賃　〇〇ビル管理 → 地代家賃
2026-05-05 16:39:03,828 INFO OK: 損保ジャパン　賠償責任保険 → 保険料
2026-05-05 16:39:03,832 INFO OK: 振込入金　ｽｽﾞｷｾｲｺｳ　スポット研修 → 普通預金
2026-05-05 16:39:03,835 INFO OK: Amazon　プリンタートナー → 消耗品費
2026-05-05 16:39:03,839 INFO OK: 振込　源泉所得税　3月分 → 預り金
2026-05-05 16:39:03,842 INFO OK: ﾌｧﾐﾘｰﾏｰﾄ → 消耗品費
2026-05-05 16:39:03,846 INFO OK: 振込入金　ﾅｺﾞﾔｺｰﾎﾟ　顧問料 → 普通預金
2026-05-05 16:39:03,850 INFO OK: 振込　〇〇社労士事務所　給与計算代行 → 支払報酬
2026-05-05 16:39:03,854 INFO OK: 〇〇商店　備品購入 → 消耗品費
2026-05-05 16:39:03,858 INFO 処理完了 | 総件数:51 OK:51 未判定:0 処理時間:0.20秒
2026-05-05 16:39:03,863 INFO CSV出力完了
2026-05-06 14:11:35,963 INFO === 仕訳生成開始 ===
2026-05-06 14:11:35,964 INFO 実行モード: bank_only
2026-05-06 14:11:35,975 INFO 入力データ読み込み完了: 17行
2026-05-06 14:11:35,979 INFO OK: DOCOMO → 通信費
2026-05-06 14:11:35,982 INFO OK: Amazon → 消耗品費
2026-05-06 14:11:35,985 INFO OK: ENEOS → 車両費
2026-05-06 14:11:35,988 INFO OK: 楽天カード → 未払金
2026-05-06 14:11:35,991 INFO OK: 家賃 → 地代家賃
2026-05-06 14:11:35,993 INFO OK: ソフトバンク → 通信費
2026-05-06 14:11:35,996 INFO OK: 楽天カード → 未払金
2026-05-06 14:11:35,999 INFO OK: リース料 → リース料
2026-05-06 14:11:36,002 INFO OK: 税理士報酬 → 支払報酬
2026-05-06 14:11:36,006 INFO OK: セブンイレブン → 消耗品費
2026-05-06 14:11:36,010 INFO OK: 売上入金 → 普通預金
2026-05-06 14:11:36,013 INFO OK: 雑収入 → 普通預金
2026-05-06 14:11:36,018 INFO OK: ローソン → 消耗品費
2026-05-06 14:11:36,021 WARNING 未判定: 謎の支払い | 理由: ルール未一致 | 候補: 
2026-05-06 14:11:36,025 WARNING 未判定: テスト | 理由: ルール未一致 | 候補: 
2026-05-06 14:11:36,025 WARNING 未判定:  | 理由: 摘要が空欄 | 候補: 
2026-05-06 14:11:36,028 INFO OK: ファミリーマート → 消耗品費
2026-05-06 14:11:36,031 INFO 処理完了 | 総件数:17 OK:14 未判定:3 処理時間:0.07秒
2026-05-06 14:11:36,038 INFO CSV出力完了
2026-05-06 14:13:50,486 INFO === 仕訳生成開始 ===
2026-05-06 14:13:50,487 INFO 実行モード: card_only
2026-05-06 14:13:50,496 INFO 入力データ読み込み完了: 5行
2026-05-06 14:13:50,501 INFO OK: AMAZON → 消耗品費
2026-05-06 14:13:50,504 INFO OK: ENEOS → 車両費
2026-05-06 14:13:50,508 INFO OK: セブンイレブン → 消耗品費
2026-05-06 14:13:50,511 INFO OK: DOCOMO → 通信費
2026-05-06 14:13:50,514 INFO OK: 楽天カード → 未払金
2026-05-06 14:13:50,516 INFO 処理完了 | 総件数:5 OK:5 未判定:0 処理時間:0.03秒
2026-05-06 14:13:50,522 INFO CSV出力完了
2026-05-06 14:17:55,486 INFO === 仕訳生成開始 ===
2026-05-06 14:17:55,486 INFO 実行モード: bank_only
2026-05-06 14:17:55,496 INFO 入力データ読み込み完了: 17行
2026-05-06 14:17:55,500 INFO OK: DOCOMO → 通信費
2026-05-06 14:17:55,503 INFO OK: Amazon → 消耗品費
2026-05-06 14:17:55,506 INFO OK: ENEOS → 車両費
2026-05-06 14:17:55,509 INFO OK: 楽天カード → 未払金
2026-05-06 14:17:55,512 INFO OK: 家賃 → 地代家賃
2026-05-06 14:17:55,515 INFO OK: ソフトバンク → 通信費
2026-05-06 14:17:55,518 INFO OK: 楽天カード → 未払金
2026-05-06 14:17:55,522 INFO OK: リース料 → リース料
2026-05-06 14:17:55,525 INFO OK: 税理士報酬 → 支払報酬
2026-05-06 14:17:55,529 INFO OK: セブンイレブン → 消耗品費
2026-05-06 14:17:55,532 INFO OK: 売上入金 → 普通預金
2026-05-06 14:17:55,536 INFO OK: 雑収入 → 普通預金
2026-05-06 14:17:55,541 INFO OK: ローソン → 消耗品費
2026-05-06 14:17:55,544 WARNING 未判定: 謎の支払い | 理由: ルール未一致 | 候補: 
2026-05-06 14:17:55,546 WARNING 未判定: テスト | 理由: ルール未一致 | 候補: 
2026-05-06 14:17:55,546 WARNING 未判定:  | 理由: 摘要が空欄 | 候補: 
2026-05-06 14:17:55,550 INFO OK: ファミリーマート → 消耗品費
2026-05-06 14:17:55,554 INFO 処理完了 | 総件数:17 OK:14 未判定:3 処理時間:0.07秒
2026-05-06 14:17:55,559 INFO CSV出力完了
2026-05-06 14:18:22,275 INFO === 仕訳生成開始 ===
2026-05-06 14:18:22,275 INFO 実行モード: card_only
2026-05-06 14:18:22,285 INFO 入力データ読み込み完了: 5行
2026-05-06 14:18:22,289 INFO OK: AMAZON → 消耗品費
2026-05-06 14:18:22,293 INFO OK: ENEOS → 車両費
2026-05-06 14:18:22,297 INFO OK: セブンイレブン → 消耗品費
2026-05-06 14:18:22,300 INFO OK: DOCOMO → 通信費
2026-05-06 14:18:22,304 INFO OK: 楽天カード → 未払金
2026-05-06 14:18:22,306 INFO 処理完了 | 総件数:5 OK:5 未判定:0 処理時間:0.03秒
2026-05-06 14:18:22,311 INFO CSV出力完了
2026-05-06 14:18:39,983 INFO === 仕訳生成開始 ===
2026-05-06 14:18:39,984 INFO 実行モード: sample
2026-05-06 14:18:39,992 INFO 入力データ読み込み完了: 51行
2026-05-06 14:18:39,997 INFO OK: ヤマト運輸　振込 → 荷造運賃
2026-05-06 14:18:40,000 INFO OK: Amazon　消耗品購入 → 消耗品費
2026-05-06 14:18:40,004 INFO OK: 振込入金　ﾄｳｶｲｾｲｿﾞｳ　コンサル料 → 普通預金
2026-05-06 14:18:40,008 INFO OK: NTTｺﾐｭﾆｹｰｼｮﾝｽﾞ　電話料金 → 通信費
2026-05-06 14:18:40,012 INFO OK: 振込　ﾅｺﾞﾔｲﾝｻﾂ　名刺印刷 → 広告宣伝費
2026-05-06 14:18:40,015 INFO OK: セブンイレブン → 消耗品費
2026-05-06 14:18:40,019 INFO OK: Amazon　書籍購入 → 消耗品費
2026-05-06 14:18:40,023 INFO OK: 振込入金　ｺﾞｳﾄﾞｳｶｲｼｬｳｪｽﾄ　顧問料 → 普通預金
2026-05-06 14:18:40,027 INFO OK: JR東海　新幹線代 → 旅費交通費
2026-05-06 14:18:40,030 INFO OK: 名古屋市営地下鉄 → 旅費交通費
2026-05-06 14:18:40,034 INFO OK: 振込　ｵﾌｨｽﾖｳﾋﾝｾﾝﾀｰ → 消耗品費
2026-05-06 14:18:40,038 INFO OK: 楽天トラベル　出張ホテル代 → 旅費交通費
2026-05-06 14:18:40,042 INFO OK: 振込入金　ﾎｸﾘｸﾌｰｽﾞ　研修費 → 普通預金
2026-05-06 14:18:40,045 INFO OK: ローソン → 消耗品費
2026-05-06 14:18:40,047 INFO OK: Amazon　事務用品 → 消耗品費
2026-05-06 14:18:40,050 INFO OK: 中部電力　電気代 → 水道光熱費
2026-05-06 14:18:40,054 INFO OK: 振込　社会保険料　2月分 → 法定福利費
2026-05-06 14:18:40,058 INFO OK: 振込入金　ﾄｳﾎｳｼｽﾃﾑ　コンサル料 → 普通預金
2026-05-06 14:18:40,062 INFO OK: コメダ珈琲　打合せ → 会議費
2026-05-06 14:18:40,066 INFO OK: 振込　ｸﾘｴｲﾃｨﾌﾞﾃﾞｻﾞｲﾝ　資料作成 → 外注費
2026-05-06 14:18:40,070 INFO OK: 給与振込　ﾔﾏﾀﾞﾀﾛｳ → 給料手当
2026-05-06 14:18:40,074 INFO OK: 給与振込　ｽｽﾞｷﾊﾅｺ → 給料手当
2026-05-06 14:18:40,078 INFO OK: 給与振込　ﾀﾅｶｲﾁﾛｳ → 給料手当
2026-05-06 14:18:40,082 INFO OK: 振込入金　ﾐｴｹﾝｾﾂ　研修費 → 普通預金
2026-05-06 14:18:40,085 INFO OK: Amazon　PCアクセサリ → 消耗品費
2026-05-06 14:18:40,088 INFO OK: 東京ガス　ガス代 → 水道光熱費
2026-05-06 14:18:40,093 INFO OK: 振込　顧問弁護士費用　〇〇法律事務所 → 支払報酬
2026-05-06 14:18:40,096 INFO OK: マクドナルド → 会議費
2026-05-06 14:18:40,100 INFO OK: 振込入金　ｾﾐﾅｰ参加費　ﾔﾏﾓﾄ様 → 普通預金
2026-05-06 14:18:40,105 INFO OK: Zoom　月額利用料 → 通信費
2026-05-06 14:18:40,108 INFO OK: 振込入金　ｱｲﾁｼｮｳｼﾞ　コンサル料 → 普通預金
2026-05-06 14:18:40,112 INFO OK: コクヨ直販　文房具 → 消耗品費
2026-05-06 14:18:40,116 INFO OK: 振込　〇〇税理士事務所　顧問料 → 支払報酬
2026-05-06 14:18:40,121 INFO OK: 高速道路料金　NEXCO → 旅費交通費
2026-05-06 14:18:40,124 INFO OK: セブンイレブン → 消耗品費
2026-05-06 14:18:40,128 INFO OK: 振込入金　ﾄｳｶｲｾｲｿﾞｳ　2月分精算 → 普通預金
2026-05-06 14:18:40,131 INFO OK: Amazon　書籍 → 消耗品費
2026-05-06 14:18:40,135 INFO OK: 名鉄バス → 旅費交通費
2026-05-06 14:18:40,138 INFO OK: 振込　ﾐﾅﾐｲﾝｻﾂ　セミナー資料印刷 → 広告宣伝費
2026-05-06 14:18:40,142 INFO OK: ドトールコーヒー　打合せ → 会議費
2026-05-06 14:18:40,146 INFO OK: 振込入金　ｷﾞﾌﾃｯｸ　研修費 → 普通預金
2026-05-06 14:18:40,150 INFO OK: Microsoft365　月額 → 通信費
2026-05-06 14:18:40,154 INFO OK: 振込　家賃　〇〇ビル管理 → 地代家賃
2026-05-06 14:18:40,158 INFO OK: 損保ジャパン　賠償責任保険 → 保険料
2026-05-06 14:18:40,161 INFO OK: 振込入金　ｽｽﾞｷｾｲｺｳ　スポット研修 → 普通預金
2026-05-06 14:18:40,165 INFO OK: Amazon　プリンタートナー → 消耗品費
2026-05-06 14:18:40,168 INFO OK: 振込　源泉所得税　3月分 → 預り金
2026-05-06 14:18:40,172 INFO OK: ﾌｧﾐﾘｰﾏｰﾄ → 消耗品費
2026-05-06 14:18:40,176 INFO OK: 振込入金　ﾅｺﾞﾔｺｰﾎﾟ　顧問料 → 普通預金
2026-05-06 14:18:40,180 INFO OK: 振込　〇〇社労士事務所　給与計算代行 → 支払報酬
2026-05-06 14:18:40,183 INFO OK: 〇〇商店　備品購入 → 消耗品費
2026-05-06 14:18:40,188 INFO 処理完了 | 総件数:51 OK:51 未判定:0 処理時間:0.20秒
2026-05-06 14:18:40,193 INFO CSV出力完了
2026-05-06 14:19:17,080 INFO === 仕訳生成開始 ===
2026-05-06 14:19:17,080 INFO 実行モード: input
2026-05-06 14:19:17,091 INFO 入力データ読み込み完了: 22行
2026-05-06 14:19:17,096 INFO OK: DOCOMO → 通信費
2026-05-06 14:19:17,098 INFO OK: Amazon → 消耗品費
2026-05-06 14:19:17,101 INFO OK: ENEOS → 車両費
2026-05-06 14:19:17,104 INFO OK: 楽天カード → 未払金
2026-05-06 14:19:17,107 INFO OK: 家賃 → 地代家賃
2026-05-06 14:19:17,110 INFO OK: ソフトバンク → 通信費
2026-05-06 14:19:17,112 INFO OK: 楽天カード → 未払金
2026-05-06 14:19:17,115 INFO OK: リース料 → リース料
2026-05-06 14:19:17,118 INFO OK: 税理士報酬 → 支払報酬
2026-05-06 14:19:17,122 INFO OK: セブンイレブン → 消耗品費
2026-05-06 14:19:17,126 INFO OK: 売上入金 → 普通預金
2026-05-06 14:19:17,129 INFO OK: 雑収入 → 普通預金
2026-05-06 14:19:17,133 INFO OK: ローソン → 消耗品費
2026-05-06 14:19:17,136 WARNING 未判定: 謎の支払い | 理由: ルール未一致 | 候補: 
2026-05-06 14:19:17,139 WARNING 未判定: テスト | 理由: ルール未一致 | 候補: 
2026-05-06 14:19:17,139 WARNING 未判定:  | 理由: 摘要が空欄 | 候補: 
2026-05-06 14:19:17,143 INFO OK: ファミリーマート → 消耗品費
2026-05-06 14:19:17,146 INFO OK: AMAZON → 消耗品費
2026-05-06 14:19:17,148 INFO OK: ENEOS → 車両費
2026-05-06 14:19:17,152 INFO OK: セブンイレブン → 消耗品費
2026-05-06 14:19:17,155 INFO OK: DOCOMO → 通信費
2026-05-06 14:19:17,158 INFO OK: 楽天カード → 未払金
2026-05-06 14:19:17,161 INFO 処理完了 | 総件数:22 OK:19 未判定:3 処理時間:0.08秒
2026-05-06 14:19:17,167 INFO CSV出力完了
